Traceback (most recent call last):
  File "main.py", line 58, in <module>
    loss_collect, val_loss_collect, model = train_model(model, optimizer, criterion, NUM_EPOCHS, train_dataloader, test_dataloader, device, scheduler = None)	
  File "/zhome/08/3/117881/BCI_Project/BCI_MI_Classification/train_function.py", line 45, in train_model
    out = model(temp_data)
  File "/zhome/08/3/117881/.local/lib/python3.6/site-packages/torch/nn/modules/module.py", line 727, in _call_impl
    result = self.forward(*input, **kwargs)
  File "/zhome/08/3/117881/BCI_Project/BCI_MI_Classification/models.py", line 80, in forward
    X_data = self.layer_img1(X_data)
  File "/zhome/08/3/117881/.local/lib/python3.6/site-packages/torch/nn/modules/module.py", line 727, in _call_impl
    result = self.forward(*input, **kwargs)
  File "/zhome/08/3/117881/.local/lib/python3.6/site-packages/torch/nn/modules/container.py", line 117, in forward
    input = module(input)
  File "/zhome/08/3/117881/.local/lib/python3.6/site-packages/torch/nn/modules/module.py", line 727, in _call_impl
    result = self.forward(*input, **kwargs)
  File "/zhome/08/3/117881/.local/lib/python3.6/site-packages/torch/nn/modules/pooling.py", line 155, in forward
    self.return_indices)
  File "/zhome/08/3/117881/.local/lib/python3.6/site-packages/torch/_jit_internal.py", line 267, in fn
    return if_false(*args, **kwargs)
  File "/zhome/08/3/117881/.local/lib/python3.6/site-packages/torch/nn/functional.py", line 586, in _max_pool2d
    input, kernel_size, stride, padding, dilation, ceil_mode)
RuntimeError: CUDA out of memory. Tried to allocate 88.00 MiB (GPU 0; 31.75 GiB total capacity; 13.99 GiB already allocated; 28.50 MiB free; 14.03 GiB reserved in total by PyTorch)
