Runnin script...
loaded data
created datasets
created dataloaders
initialized model
Training first epoch
1 out of 10
1.1190657845330894
1.0529515718158922
2 out of 10
1.0784816036530591
1.032824602879976
3 out of 10
1.0358830564612642
1.0120665725908782
4 out of 10
0.9943162900045377
0.9898982104502226
5 out of 10
0.9544918189901824
0.9667197020430314
6 out of 10
0.9163450940486488
0.9421131366177609
7 out of 10
0.8798223758509399
0.9237239316890115
8 out of 10
0.8429729110057201
0.9202478258233321
9 out of 10
0.7998847450138232
0.9088768193596288
10 out of 10
0.7639742602995776
0.8784758116069593
trained model
saved model
   Precision    Recall  F1 score
0   0.847444  0.990433  0.913376
1   0.000000  0.000000  0.000000
2   0.000000  0.000000  0.000000

------------------------------------------------------------
Sender: LSF System <lsfadmin@n-62-20-12>
Subject: Job 9157821: <My_Test_HPC> in cluster <dcc> Done

Job <My_Test_HPC> was submitted from host <gbarlogin2> by user <s164248> in cluster <dcc> at Wed Jan 20 13:59:24 2021
Job was executed on host(s) <n-62-20-12>, in queue <gpuv100>, as user <s164248> in cluster <dcc> at Wed Jan 20 13:59:25 2021
</zhome/88/7/117159> was used as the home directory.
</zhome/88/7/117159/Desktop/BCI_MI_Classification> was used as the working directory.
Started at Wed Jan 20 13:59:25 2021
Terminated at Wed Jan 20 14:20:14 2021
Results reported at Wed Jan 20 14:20:14 2021

Your job looked like:

------------------------------------------------------------
# LSBATCH: User input
#!/bin/sh
#BSUB -q gpuv100
#BSUB -gpu "num=1"
#BSUB -J My_Test
### number of core
#BSUB -n 1 
### specify that all cores should be on the same host
#BSUB -R "span[hosts=1]"
#BSUB -J My_Test_HPC
### specify the memory needed
#BSUB -R "rusage[mem=32GB]"
#BSUB -R "select[gpu32gb]"
### Number of hours needed
#BSUB -W 23:59
### added outputs and errors to files
#BSUB -o outputs/Output_%J.out
#BSUB -e outputs/Error_%J.err

echo "Runnin script..."

python3 main.py 

------------------------------------------------------------

Successfully completed.

Resource usage summary:

    CPU time :                                   1125.34 sec.
    Max Memory :                                 7643 MB
    Average Memory :                             7046.55 MB
    Total Requested Memory :                     32768.00 MB
    Delta Memory :                               25125.00 MB
    Max Swap :                                   -
    Max Processes :                              4
    Max Threads :                                9
    Run time :                                   1322 sec.
    Turnaround time :                            1250 sec.

The output (if any) is above this job summary.



PS:

Read file <outputs/Error_9157821.err> for stderr output of this job.

