Runnin script...
loaded data
created datasets
created dataloaders
initialized model
Training first epoch
1 out of 1
1.0859080410366868
1.0681450366973877
trained model
saved model

------------------------------------------------------------
Sender: LSF System <lsfadmin@n-62-20-12>
Subject: Job 9104961: <My_Test_HPC> in cluster <dcc> Done

Job <My_Test_HPC> was submitted from host <gbarlogin2> by user <s164272> in cluster <dcc> at Fri Jan 15 16:16:42 2021
Job was executed on host(s) <n-62-20-12>, in queue <gpuv100>, as user <s164272> in cluster <dcc> at Fri Jan 15 16:16:43 2021
</zhome/08/3/117881> was used as the home directory.
</zhome/08/3/117881/BCI_Project/BCI_MI_Classification> was used as the working directory.
Started at Fri Jan 15 16:16:43 2021
Terminated at Fri Jan 15 16:33:09 2021
Results reported at Fri Jan 15 16:33:09 2021

Your job looked like:

------------------------------------------------------------
# LSBATCH: User input
#!/bin/sh
#BSUB -q gpuv100
#BSUB -gpu "num=1"
#BSUB -J My_Test
### number of core
#BSUB -n 1 
### specify that all cores should be on the same host
#BSUB -R "span[hosts=1]"
#BSUB -J My_Test_HPC
### specify the memory needed
#BSUB -R "rusage[mem=32GB]"
#BSUB -R "select[gpu32gb]"
### Number of hours needed
#BSUB -W 23:59
### added outputs and errors to files
#BSUB -o outputs/Output_%J.out
#BSUB -e outputs/Error_%J.err

echo "Runnin script..."

python3 main.py 

------------------------------------------------------------

Successfully completed.

Resource usage summary:

    CPU time :                                   893.56 sec.
    Max Memory :                                 3263 MB
    Average Memory :                             3002.44 MB
    Total Requested Memory :                     32768.00 MB
    Delta Memory :                               29505.00 MB
    Max Swap :                                   -
    Max Processes :                              4
    Max Threads :                                9
    Run time :                                   1060 sec.
    Turnaround time :                            987 sec.

The output (if any) is above this job summary.



PS:

Read file <outputs/Error_9104961.err> for stderr output of this job.

