Runnin script...
loaded data
created datasets
created dataloaders
initialized model
Training first epoch
1 out of 10
1.160557676470557
1.1935866842366227
2 out of 10
1.042184986624607
1.1330457913755165
3 out of 10
0.9830323380093242
1.0914579762352838
4 out of 10
0.9447509624237238
1.0432497250913368
5 out of 10
0.9079192386117092
0.9805158286383657
6 out of 10
0.8724398427231367
0.9253808856010437
7 out of 10
0.8397943125214687
0.8863182663917542
8 out of 10
0.8090350120566612
0.8361353717669092
9 out of 10
0.7785338033077329
0.8034446570608351
10 out of 10
0.7514269351959229
0.7691363722386987
trained model
saved model
   Precision    Recall  F1 score
0   0.855034  0.906827  0.880170
1   0.116799  0.153133  0.132521
2   0.044776  0.000041  0.000081

------------------------------------------------------------
Sender: LSF System <lsfadmin@n-62-20-15>
Subject: Job 9158341: <My_Test_HPC> in cluster <dcc> Done

Job <My_Test_HPC> was submitted from host <gbarlogin2> by user <s164248> in cluster <dcc> at Wed Jan 20 15:26:19 2021
Job was executed on host(s) <n-62-20-15>, in queue <gpuv100>, as user <s164248> in cluster <dcc> at Wed Jan 20 15:26:21 2021
</zhome/88/7/117159> was used as the home directory.
</zhome/88/7/117159/Desktop/BCI_MI_Classification> was used as the working directory.
Started at Wed Jan 20 15:26:21 2021
Terminated at Wed Jan 20 15:52:20 2021
Results reported at Wed Jan 20 15:52:20 2021

Your job looked like:

------------------------------------------------------------
# LSBATCH: User input
#!/bin/sh
#BSUB -q gpuv100
#BSUB -gpu "num=1"
#BSUB -J My_Test
### number of core
#BSUB -n 1 
### specify that all cores should be on the same host
#BSUB -R "span[hosts=1]"
#BSUB -J My_Test_HPC
### specify the memory needed
#BSUB -R "rusage[mem=32GB]"
#BSUB -R "select[gpu32gb]"
### Number of hours needed
#BSUB -W 23:59
### added outputs and errors to files
#BSUB -o outputs/Output_%J.out
#BSUB -e outputs/Error_%J.err

echo "Runnin script..."

python3 main.py 

------------------------------------------------------------

Successfully completed.

Resource usage summary:

    CPU time :                                   1285.17 sec.
    Max Memory :                                 5030 MB
    Average Memory :                             4687.15 MB
    Total Requested Memory :                     32768.00 MB
    Delta Memory :                               27738.00 MB
    Max Swap :                                   -
    Max Processes :                              4
    Max Threads :                                9
    Run time :                                   1602 sec.
    Turnaround time :                            1561 sec.

The output (if any) is above this job summary.



PS:

Read file <outputs/Error_9158341.err> for stderr output of this job.

