Runnin script...
loaded data
created datasets
created dataloaders
initialized model
Training first epoch
1 out of 4
1.0992353062297022
1.080232912180375
2 out of 4
1.088678043387657
1.0772980755689192
3 out of 4
1.0850732309873714
1.075650578858901
4 out of 4
1.0827524490134661
1.0747439411221718
trained model
saved model
   Precision    Recall  F1 score
0   0.931386  0.283204  0.434340
1   0.083022  0.215227  0.119823
2   0.093764  0.674864  0.164652

------------------------------------------------------------
Sender: LSF System <lsfadmin@n-62-20-14>
Subject: Job 9160780: <My_Test_HPC> in cluster <dcc> Done

Job <My_Test_HPC> was submitted from host <gbarlogin2> by user <s164248> in cluster <dcc> at Thu Jan 21 01:09:12 2021
Job was executed on host(s) <n-62-20-14>, in queue <gpuv100>, as user <s164248> in cluster <dcc> at Thu Jan 21 01:09:13 2021
</zhome/88/7/117159> was used as the home directory.
</zhome/88/7/117159/Desktop/BCI_MI_Classification> was used as the working directory.
Started at Thu Jan 21 01:09:13 2021
Terminated at Thu Jan 21 01:16:45 2021
Results reported at Thu Jan 21 01:16:45 2021

Your job looked like:

------------------------------------------------------------
# LSBATCH: User input
#!/bin/sh
#BSUB -q gpuv100
#BSUB -gpu "num=1"
#BSUB -J My_Test
### number of core
#BSUB -n 1 
### specify that all cores should be on the same host
#BSUB -R "span[hosts=1]"
#BSUB -J My_Test_HPC
### specify the memory needed
#BSUB -R "rusage[mem=32GB]"
#BSUB -R "select[gpu32gb]"
### Number of hours needed
#BSUB -W 23:59
### added outputs and errors to files
#BSUB -o outputs/Output_%J.out
#BSUB -e outputs/Error_%J.err

echo "Runnin script..."

python3 main.py 

------------------------------------------------------------

Successfully completed.

Resource usage summary:

    CPU time :                                   347.09 sec.
    Max Memory :                                 5034 MB
    Average Memory :                             4422.67 MB
    Total Requested Memory :                     32768.00 MB
    Delta Memory :                               27734.00 MB
    Max Swap :                                   -
    Max Processes :                              4
    Max Threads :                                9
    Run time :                                   477 sec.
    Turnaround time :                            453 sec.

The output (if any) is above this job summary.



PS:

Read file <outputs/Error_9160780.err> for stderr output of this job.

