Runnin script...
loaded data
created datasets
created dataloaders
initialized model
Training first epoch

------------------------------------------------------------
Sender: LSF System <lsfadmin@n-62-20-15>
Subject: Job 9154170: <My_Test_HPC> in cluster <dcc> Exited

Job <My_Test_HPC> was submitted from host <gbarlogin2> by user <s164248> in cluster <dcc> at Tue Jan 19 19:31:44 2021
Job was executed on host(s) <n-62-20-15>, in queue <gpuv100>, as user <s164248> in cluster <dcc> at Tue Jan 19 19:31:45 2021
</zhome/88/7/117159> was used as the home directory.
</zhome/88/7/117159/Desktop/BCI_MI_Classification> was used as the working directory.
Started at Tue Jan 19 19:31:45 2021
Terminated at Tue Jan 19 19:32:25 2021
Results reported at Tue Jan 19 19:32:25 2021

Your job looked like:

------------------------------------------------------------
# LSBATCH: User input
#!/bin/sh
#BSUB -q gpuv100
#BSUB -gpu "num=1"
#BSUB -J My_Test
### number of core
#BSUB -n 1 
### specify that all cores should be on the same host
#BSUB -R "span[hosts=1]"
#BSUB -J My_Test_HPC
### specify the memory needed
#BSUB -R "rusage[mem=32GB]"
### Number of hours needed
#BSUB -W 23:59
### added outputs and errors to files
#BSUB -o outputs/Output_%J.out
#BSUB -e outputs/Error_%J.err

echo "Runnin script..."

python3 main.py 

------------------------------------------------------------

Exited with exit code 1.

Resource usage summary:

    CPU time :                                   30.14 sec.
    Max Memory :                                 1023 MB
    Average Memory :                             342.33 MB
    Total Requested Memory :                     32768.00 MB
    Delta Memory :                               31745.00 MB
    Max Swap :                                   -
    Max Processes :                              4
    Max Threads :                                6
    Run time :                                   94 sec.
    Turnaround time :                            41 sec.

The output (if any) is above this job summary.



PS:

Read file <outputs/Error_9154170.err> for stderr output of this job.

