Runnin script...
loaded data
created datasets
created dataloaders
initialized model
Training first epoch
1 out of 200
1.0537473431460933
1.1070104368189548
2 out of 200
1.021782600172034
1.1125275302440563
3 out of 200
0.9908619836040827
1.1104481917746523
4 out of 200
0.9618994185369308
1.0966734125259074
5 out of 200
0.9345983291325504
1.0758043071056933
6 out of 200
0.9094381109220252
1.0495636399756088
7 out of 200
0.8867320744958642
1.0199804648439934
8 out of 200
0.8665895894782184
0.9869787972024147
9 out of 200
0.8489402521690822
0.9520116086969984
10 out of 200
0.8331152750476855
0.9200341042051924
11 out of 200
0.8195163740959341
0.8908982777849157
12 out of 200
0.8074766087205443
0.8625221024168298
13 out of 200
0.7968173054255308
0.8399097773622959
14 out of 200
0.7874836067086486
0.81963564233577
15 out of 200
0.7793103355795281
0.7986379417967289
16 out of 200
0.7718255547083677
0.7826048110393767
17 out of 200
0.765176601061538
0.7706895996915534
18 out of 200
0.758815052574628
0.7579107753773953
19 out of 200
0.7527780334154764
0.7472471208014386
20 out of 200
0.7468985501489683
0.7364857691399594
21 out of 200
0.7411328714732166
0.728939968854823
22 out of 200
0.7360546820239934
0.7229223948843936
23 out of 200
0.7316294097464923
0.7194538509592097
24 out of 200
0.7279726081787179
0.716730146966082
25 out of 200
0.7249792460437234
0.7147984155949126
26 out of 200
0.7224890039936048
0.7132560807339688
27 out of 200
0.720406321630086
0.7118351085388914
28 out of 200
0.7187050790547236
0.7103726800451887
29 out of 200
0.7173204492760575
0.7093048266907955
30 out of 200
0.716160012706774
0.7080250287309606
31 out of 200
0.7151261146210101
0.7072645254591678
32 out of 200
0.7142380549483103
0.7064741266534683
33 out of 200
0.7134608275269809
0.705911137322162
34 out of 200
0.7127730288462008
0.7055942124508797
35 out of 200
0.7121766800205457
0.7052677292773064
36 out of 200
0.7116169600181927
0.7048805032638793
37 out of 200
0.7111201642855117
0.7048567305219934
38 out of 200
0.7106487712903654
0.7046794339697412
39 out of 200
0.7102150955156649
0.704621636487068
40 out of 200
0.7098140956059983
0.7046433490641574
41 out of 200
0.7095106426439329
0.704670694280178
42 out of 200
0.709226539145866
0.7046036010092878
43 out of 200
0.7089771938650575
0.7046552433612499
44 out of 200
0.7087432284877725
0.7048055180843841
45 out of 200
0.708515645434323
0.7047434766241845
46 out of 200
0.7083503769957311
0.7049377763524969
47 out of 200
0.7081657669859934
0.7050235651909037
48 out of 200
0.7080119557032302
0.7051080636521603
49 out of 200
0.7078715554655415
0.7049639770325195
50 out of 200
0.7077328780470373
0.7052351299752581
51 out of 200
0.7076201286490105
0.7052810927654835
52 out of 200
0.7075240693680228
0.7052524222972545
53 out of 200
0.7074328350694212
0.7053747640011159
54 out of 200
0.7073429414670761
0.7055276182103665
55 out of 200
0.707264926335583
0.7055981958166082
56 out of 200
0.7072081810807529
0.7057768829325413
57 out of 200
0.7071230338044363
0.7058748184366429
58 out of 200
0.7070863902840985
0.7057779995684929
59 out of 200
0.7070386151200561
0.7058521528193291
60 out of 200
0.7069988430362858
0.7059847122811257
61 out of 200
0.706953993126682
0.7059405572870945
62 out of 200
0.7069313575143683
0.7059218877173484
63 out of 200
0.7069195209572848
0.7062160778552928
64 out of 200
0.7068830845562835
0.7061033261583206
65 out of 200
0.7068645366250652
0.7059848891927841
66 out of 200
0.7068443921603025
0.7062514538460589
67 out of 200
0.7068224886781005
0.7060952256334588
68 out of 200
0.7068059213085262
0.7061512203926735
69 out of 200
0.7068020573489742
0.7059567057071848
70 out of 200
0.7067900346294386
0.7060191257202879
71 out of 200
0.7067867242582312
0.706048920433572
72 out of 200
0.706772100979879
0.7059805558082906
73 out of 200
0.706769457690792
0.7059926796466747
74 out of 200
0.7067493654821562
0.7057906414600129
75 out of 200
0.7067501936873345
0.7058701489834075
76 out of 200
0.7067572507139754
0.7058915527577095
77 out of 200
0.7067410649229947
0.7058945881559494
78 out of 200
0.7067422050319306
0.7057979531744694
79 out of 200
0.7067345832580845
0.7057154495665368
80 out of 200
0.7067357685467969
0.7058127072263272
81 out of 200
0.7067385106326238
0.7058077632112706
82 out of 200
0.706721647144997
0.7058848091896545
83 out of 200
0.7067212715540847
0.7057980736519428
84 out of 200
0.7067300824269857
0.7057302277138893
85 out of 200
0.7067006486191597
0.7057026738816119
86 out of 200
0.706720901406519
0.7057766533912496
87 out of 200
0.7067262791607478
0.7056540986324878
88 out of 200
0.7067194646351957
0.7057002985731085
89 out of 200
0.706714830169939
0.7056702121775201
90 out of 200
0.7067121890581907
0.7056726090451504
91 out of 200
0.7066963423877002
0.705786721503481
92 out of 200
0.7066993267024488
0.7056178399857055
93 out of 200
0.7066992183798524
0.7056659498113267
94 out of 200
0.7067071474306116
0.7056565297410843
95 out of 200
0.7067037777269267
0.7056046927228887
96 out of 200
0.7067188484483657
0.7056043477768593
97 out of 200
0.7067000256281465
0.7057577092596825
98 out of 200
0.7067125224631671
0.705565555298582
99 out of 200
0.7067112378333802
0.7056574662949177
100 out of 200
0.7067203886432735
0.7055762562345951
101 out of 200
0.7067345143997505
0.7055960050288667
102 out of 200
0.7067256934566585
0.7055761313184779
103 out of 200
0.7067306583330512
0.7054987137622022
104 out of 200
0.7067442422043787
0.7056053648603723
105 out of 200
0.7067528271783977
0.7054997815730724
106 out of 200
0.7067504342832521
0.705527626453562
107 out of 200
0.7067494697222426
0.7055855589978238
108 out of 200
0.7067595243998314
0.7055191251825779
109 out of 200
0.7067488712262889
0.7054767183800961
110 out of 200
0.7067584455285443
0.7054160814336006
111 out of 200
0.7067847513172725
0.7053709131606082
112 out of 200
0.7067717866266154
0.705315591807061
113 out of 200
0.7067845079996814
0.7052868053000024
114 out of 200
0.706790205278353
0.7052268030795645
115 out of 200
0.7067907961536216
0.7052389224793049
116 out of 200
0.7067999491408535
0.7052873582281964
117 out of 200
0.7068136573926499
0.7052802595686405
118 out of 200
0.706821926108234
0.7053055401812208
119 out of 200
0.7068301420233566
0.7053131606984646
120 out of 200
0.7068511231304848
0.7053779832860256
121 out of 200
0.7068600132040781
0.7052630744081863
122 out of 200
0.7068552881071012
0.7053677160689171
123 out of 200
0.7068651446468754
0.705319438208925
124 out of 200
0.7068894630697764
0.7053052072829389
125 out of 200
0.70688899929665
0.7052612596369804
126 out of 200
0.7069007147392726
0.7053728274842526
127 out of 200
0.7068929898140093
0.7052779990307828
128 out of 200
0.7069265758065872
0.7053284695807923
129 out of 200
0.7069321870803833
0.705452395246384
130 out of 200
0.7069425408698652
0.7054814043197226
131 out of 200
0.7069520634603282
0.7053904888477731
132 out of 200
0.7069722465728516
0.7053311429125197
133 out of 200
0.7069810794913061
0.7055309028067487
134 out of 200
0.7069923341546429
0.7055225125018586
135 out of 200
0.706998768462438
0.7054110911298306
136 out of 200
0.707008536003496
0.7055206336873643
137 out of 200
0.7070208899506695
0.7055267831112476
138 out of 200
0.7070367766297572
0.7055135115664056
139 out of 200
0.7070512537542544
0.705413856404893
140 out of 200
0.7070597723194453
0.7054852469170347
141 out of 200
0.7070688485554909
0.7055754547423505
142 out of 200
0.7070915328857561
0.7054294956491348
143 out of 200
0.7071074051399754
0.705598013832214
144 out of 200
0.7071162236335615
0.7055222411104973
145 out of 200
0.7071324341917691
0.7054872741090491
146 out of 200
0.7071502687724214
0.7055560883055342
147 out of 200
0.7071589890136022
0.7055375969156306
148 out of 200
0.7071732944005156
0.705506794630213
149 out of 200
0.70717713468151
0.7056136112263862
150 out of 200
0.7071942322330388
0.7056042628085359
151 out of 200
0.7072096420749682
0.7055877852947154
152 out of 200
0.707211905690633
0.7055600501121359
153 out of 200
0.7072300331233299
0.7056995002513237
154 out of 200
0.7072461056927023
0.705615169190346
155 out of 200
0.7072617825307802
0.7055937039091232
156 out of 200
0.7072792464195321
0.7056486758779972
157 out of 200
0.7072838093047817
0.7056527239211062
158 out of 200
0.7073131013134298
0.7056691285143507
159 out of 200
0.7073106733086991
0.7056532121719198
160 out of 200
0.7073228723926631
0.7057388551691746
161 out of 200
0.7073532051691725
0.7057383929161315
162 out of 200
0.7073615868341977
0.705704595180268
163 out of 200
0.7073899254406968
0.7057623235469169
164 out of 200
0.7073867789142207
0.7058157534041303
165 out of 200
0.707412156340194
0.7057516980678478
166 out of 200
0.7074255284653407
0.705738975646648
167 out of 200
0.7074340320613286
0.7058438164122561
168 out of 200
0.7074452480769049
0.7057669936342442
169 out of 200
0.7074754891330248
0.7058615811327671
170 out of 200
0.7074888770438764
0.7058097206531687
171 out of 200
0.7074965048054037
0.7058050949522789
172 out of 200
0.707506649570378
0.7059339386351565
173 out of 200
0.7075452137755477
0.705845462514999
174 out of 200
0.7075557618925016
0.7059534597904125
175 out of 200
0.7075615258521686
0.7058691483862857
176 out of 200
0.7075843100678431
0.7059350768302349
177 out of 200
0.7076061449638785
0.7059603897815055
178 out of 200
0.7076233342357966
0.7059142722728404
179 out of 200
0.707644765507685
0.7059634625911713
180 out of 200
0.7076573592342742
0.7059734324191479
181 out of 200
0.7076679639620324
0.7060866704646577
182 out of 200
0.7076944921114673
0.7060052644699177
183 out of 200
0.707695142863548
0.7060155646598085
184 out of 200
0.7077239493256835
0.7059434347964347
185 out of 200
0.7077430791506484
0.7059998721518415
186 out of 200
0.7077638950522087
0.705978163379304
187 out of 200
0.7077807111827206
0.7060310580628983
188 out of 200
0.7077915064276081
0.7060764584135502
189 out of 200
0.7078164873057848
0.7061386951740752
190 out of 200
0.7078328404796722
0.7061026128048592
191 out of 200
0.707853342027969
0.7060961558463725
192 out of 200
0.7078578153701678
0.7061366254978991
193 out of 200
0.7078792169758173
0.7061764857870467
194 out of 200
0.7078888114184549
0.7061978578567505
195 out of 200
0.7079303329938078
0.7062434338508768
196 out of 200
0.7079457009219687
0.7062236457429034
197 out of 200
0.7079573306318832
0.7062306549954922
198 out of 200
0.7079757000213345
0.7062893604978602
199 out of 200
0.7079898856546236
0.706261193498652
200 out of 200
0.7080136651862158
0.7062651419893224
trained model
saved model
   Precision  Recall  F1 score
0   0.847279     1.0  0.917326
1   0.000000     0.0  0.000000
2   0.000000     0.0  0.000000

------------------------------------------------------------
Sender: LSF System <lsfadmin@n-62-11-15>
Subject: Job 9166989: <My_Test_HPC> in cluster <dcc> Done

Job <My_Test_HPC> was submitted from host <gbarlogin2> by user <s164272> in cluster <dcc> at Fri Jan 22 00:14:44 2021
Job was executed on host(s) <n-62-11-15>, in queue <gpuv100>, as user <s164272> in cluster <dcc> at Fri Jan 22 01:15:44 2021
</zhome/08/3/117881> was used as the home directory.
</zhome/08/3/117881/BCI_Project/BCI_MI_Classification> was used as the working directory.
Started at Fri Jan 22 01:15:44 2021
Terminated at Fri Jan 22 08:25:13 2021
Results reported at Fri Jan 22 08:25:13 2021

Your job looked like:

------------------------------------------------------------
# LSBATCH: User input
#!/bin/sh
#BSUB -q gpuv100
#BSUB -gpu "num=1"
#BSUB -J My_Test
### number of core
#BSUB -n 1 
### specify that all cores should be on the same host
#BSUB -R "span[hosts=1]"
#BSUB -J My_Test_HPC
### specify the memory needed
#BSUB -R "rusage[mem=32GB]"
#BSUB -R "select[gpu32gb]"
### Number of hours needed
#BSUB -W 23:59
### added outputs and errors to files
#BSUB -o outputs/Output_%J.out
#BSUB -e outputs/Error_%J.err

echo "Runnin script..."

python3 main.py 

------------------------------------------------------------

Successfully completed.

Resource usage summary:

    CPU time :                                   19038.47 sec.
    Max Memory :                                 5042 MB
    Average Memory :                             4979.98 MB
    Total Requested Memory :                     32768.00 MB
    Delta Memory :                               27726.00 MB
    Max Swap :                                   -
    Max Processes :                              4
    Max Threads :                                9
    Run time :                                   25877 sec.
    Turnaround time :                            29429 sec.

The output (if any) is above this job summary.



PS:

Read file <outputs/Error_9166989.err> for stderr output of this job.

