Runnin script...
loaded data
created datasets
created dataloaders
initialized model
Training first epoch
1 out of 300
1.0372629187931524
1.1103574639618998
2 out of 300
0.9929114613577584
1.1129469474156697
3 out of 300
0.9417131295271008
1.005788975893849
4 out of 300
0.8837201350203184
0.9245173840811758
5 out of 300
0.8430685813181868
0.8661009259898254
6 out of 300
0.8100079693526865
0.8154740670714715
7 out of 300
0.7818594084721859
0.7704695595635308
8 out of 300
0.7562813218508926
0.7307582611989494
9 out of 300
0.7280613802303778
0.6988873349295722
10 out of 300
0.7028732054701475
0.6773024851625616
11 out of 300
0.6837011790164164
0.6620890714905479
12 out of 300
0.6691594480354095
0.6492911854175606
13 out of 300
0.6574991935881499
0.6393175329824891
14 out of 300
0.648161638284398
0.631377748768739
15 out of 300
0.6402280703883305
0.62595271642762
16 out of 300
0.6333195179979377
0.6208025283283658
17 out of 300
0.6271981424260362
0.6154912872747942
18 out of 300
0.6215569544061322
0.6123557939673915
19 out of 300
0.616568094380548
0.60799352448396
20 out of 300
0.611832553816733
0.6052802879400928
21 out of 300
0.6076006218094692
0.6016597621368639
22 out of 300
0.6038421796304043
0.5984628086138253
23 out of 300
0.60056893318613
0.5947994090089894
24 out of 300
0.5977023678405262
0.5930862800039426
25 out of 300
0.5951109213806759
0.5900438975806188
26 out of 300
0.5926657486184735
0.5886628218371459
27 out of 300
0.5900976805486412
0.5866448987614025
28 out of 300
0.5881477466253476
0.5849868619080746
29 out of 300
0.5866664508792842
0.5840215604714672
30 out of 300
0.5853413616385416
0.5824164140104043
31 out of 300
0.5841356933673966
0.5813114811675717
32 out of 300
0.5830216959258107
0.5807155906552016
33 out of 300
0.581964327074657
0.5795140061715637
34 out of 300
0.5810188873906001
0.5786639000430251
35 out of 300
0.5801506151105756
0.5779720659207817
36 out of 300
0.5793606276824096
0.5773157525544215
37 out of 300
0.5786294803441128
0.5766191030993606
38 out of 300
0.5779735922256363
0.5761155949698554
39 out of 300
0.5773701550804566
0.5757096373673641
40 out of 300
0.5768067093096046
0.5752626741775358
41 out of 300
0.5762975126783424
0.5746431705927608
42 out of 300
0.5758336796381763
0.574432601230313
43 out of 300
0.5754037541206752
0.5738761587576433
44 out of 300
0.574996911755232
0.573440574636363
45 out of 300
0.5746527681840914
0.5736392742455608
46 out of 300
0.5743157192368373
0.5728859588353321
47 out of 300
0.5740090669872605
0.5726468183777549
48 out of 300
0.5737423492926303
0.5723506609598795
49 out of 300
0.573488604521083
0.5723213264436433
50 out of 300
0.5732581559742722
0.5722712874412537
51 out of 300
0.5730416861092933
0.5718209887995864
52 out of 300
0.5728681753171938
0.571642457234739
53 out of 300
0.5726913826487888
0.571678269391108
54 out of 300
0.5725423949901188
0.5713845208437756

------------------------------------------------------------
Sender: LSF System <lsfadmin@n-62-20-15>
Subject: Job 9160462: <My_Test_HPC> in cluster <dcc> Exited

Job <My_Test_HPC> was submitted from host <gbarlogin2> by user <s164248> in cluster <dcc> at Wed Jan 20 22:25:54 2021
Job was executed on host(s) <n-62-20-15>, in queue <gpuv100>, as user <s164248> in cluster <dcc> at Wed Jan 20 22:25:56 2021
</zhome/88/7/117159> was used as the home directory.
</zhome/88/7/117159/Desktop/BCI_MI_Classification> was used as the working directory.
Started at Wed Jan 20 22:25:56 2021
Terminated at Thu Jan 21 00:41:43 2021
Results reported at Thu Jan 21 00:41:43 2021

Your job looked like:

------------------------------------------------------------
# LSBATCH: User input
#!/bin/sh
#BSUB -q gpuv100
#BSUB -gpu "num=1"
#BSUB -J My_Test
### number of core
#BSUB -n 1 
### specify that all cores should be on the same host
#BSUB -R "span[hosts=1]"
#BSUB -J My_Test_HPC
### specify the memory needed
#BSUB -R "rusage[mem=32GB]"
#BSUB -R "select[gpu32gb]"
### Number of hours needed
#BSUB -W 23:59
### added outputs and errors to files
#BSUB -o outputs/Output_%J.out
#BSUB -e outputs/Error_%J.err

echo "Runnin script..."

python3 main.py 

------------------------------------------------------------

Exited with exit code 1.

Resource usage summary:

    CPU time :                                   6722.91 sec.
    Max Memory :                                 5064 MB
    Average Memory :                             4804.69 MB
    Total Requested Memory :                     32768.00 MB
    Delta Memory :                               27704.00 MB
    Max Swap :                                   -
    Max Processes :                              4
    Max Threads :                                9
    Run time :                                   8184 sec.
    Turnaround time :                            8149 sec.

The output (if any) is above this job summary.



PS:

Read file <outputs/Error_9160462.err> for stderr output of this job.

