Runnin script...
loaded data
created datasets
created dataloaders
initialized model
Training first epoch

------------------------------------------------------------
Sender: LSF System <lsfadmin@n-62-20-3>
Subject: Job 9112088: <My_Test_HPC> in cluster <dcc> Exited

Job <My_Test_HPC> was submitted from host <gbarlogin2> by user <s164272> in cluster <dcc> at Sun Jan 17 15:52:42 2021
Job was executed on host(s) <n-62-20-3>, in queue <gpuv100>, as user <s164272> in cluster <dcc> at Sun Jan 17 15:58:41 2021
</zhome/08/3/117881> was used as the home directory.
</zhome/08/3/117881/BCI_Project/BCI_MI_Classification> was used as the working directory.
Started at Sun Jan 17 15:58:41 2021
Terminated at Sun Jan 17 15:59:17 2021
Results reported at Sun Jan 17 15:59:17 2021

Your job looked like:

------------------------------------------------------------
# LSBATCH: User input
#!/bin/sh
#BSUB -q gpuv100
#BSUB -gpu "num=1"
#BSUB -J My_Test
### number of core
#BSUB -n 1 
### specify that all cores should be on the same host
#BSUB -R "span[hosts=1]"
#BSUB -J My_Test_HPC
### specify the memory needed
#BSUB -R "rusage[mem=32GB]"
### Number of hours needed
#BSUB -W 23:59
### added outputs and errors to files
#BSUB -o outputs/Output_%J.out
#BSUB -e outputs/Error_%J.err

echo "Runnin script..."

python3 main.py 

------------------------------------------------------------

Exited with exit code 1.

Resource usage summary:

    CPU time :                                   33.02 sec.
    Max Memory :                                 4457 MB
    Average Memory :                             4457.00 MB
    Total Requested Memory :                     32768.00 MB
    Delta Memory :                               28311.00 MB
    Max Swap :                                   -
    Max Processes :                              4
    Max Threads :                                6
    Run time :                                   37 sec.
    Turnaround time :                            395 sec.

The output (if any) is above this job summary.



PS:

Read file <outputs/Error_9112088.err> for stderr output of this job.

