Runnin script...
loaded data
created datasets
created dataloaders
initialized model
Training first epoch
1 out of 10
1.1043682141935445
1.072061810995403
2 out of 10
1.054782331262005
1.1203063688780133
3 out of 10
0.9762979236911965
1.1418207294062563
4 out of 10
0.900515824420267
1.1422395166597867
5 out of 10
0.8586177246211326
1.1078049521697195
6 out of 10
0.8273734493887044
1.0498164992583425
7 out of 10
0.8006838511114251
0.985762409787429
8 out of 10
0.7776534219855042
0.9519077834330107
9 out of 10
0.7575651301096563
0.9059017664507816
10 out of 10
0.7399641724481975
0.8525859619441786
trained model
saved model
   Precision    Recall  F1 score
0   0.861543  0.824154  0.842434
1   0.100821  0.002389  0.004667
2   0.098289  0.243912  0.140115

------------------------------------------------------------
Sender: LSF System <lsfadmin@n-62-20-12>
Subject: Job 9157638: <My_Test_HPC> in cluster <dcc> Done

Job <My_Test_HPC> was submitted from host <gbarlogin2> by user <s164248> in cluster <dcc> at Wed Jan 20 13:30:41 2021
Job was executed on host(s) <n-62-20-12>, in queue <gpuv100>, as user <s164248> in cluster <dcc> at Wed Jan 20 13:30:42 2021
</zhome/88/7/117159> was used as the home directory.
</zhome/88/7/117159/Desktop/BCI_MI_Classification> was used as the working directory.
Started at Wed Jan 20 13:30:42 2021
Terminated at Wed Jan 20 13:52:58 2021
Results reported at Wed Jan 20 13:52:58 2021

Your job looked like:

------------------------------------------------------------
# LSBATCH: User input
#!/bin/sh
#BSUB -q gpuv100
#BSUB -gpu "num=1"
#BSUB -J My_Test
### number of core
#BSUB -n 1 
### specify that all cores should be on the same host
#BSUB -R "span[hosts=1]"
#BSUB -J My_Test_HPC
### specify the memory needed
#BSUB -R "rusage[mem=32GB]"
#BSUB -R "select[gpu32gb]"
### Number of hours needed
#BSUB -W 23:59
### added outputs and errors to files
#BSUB -o outputs/Output_%J.out
#BSUB -e outputs/Error_%J.err

echo "Runnin script..."

python3 main.py 

------------------------------------------------------------

Successfully completed.

Resource usage summary:

    CPU time :                                   1123.78 sec.
    Max Memory :                                 7662 MB
    Average Memory :                             7093.42 MB
    Total Requested Memory :                     32768.00 MB
    Delta Memory :                               25106.00 MB
    Max Swap :                                   -
    Max Processes :                              4
    Max Threads :                                9
    Run time :                                   1444 sec.
    Turnaround time :                            1337 sec.

The output (if any) is above this job summary.



PS:

Read file <outputs/Error_9157638.err> for stderr output of this job.

