Runnin script...

------------------------------------------------------------
Sender: LSF System <lsfadmin@n-62-20-14>
Subject: Job 8905558: <My_Test_HPC> in cluster <dcc> Exited

Job <My_Test_HPC> was submitted from host <gbarlogin2> by user <s164272> in cluster <dcc> at Tue Jan 12 19:26:54 2021
Job was executed on host(s) <n-62-20-14>, in queue <gpuv100>, as user <s164272> in cluster <dcc> at Tue Jan 12 19:26:55 2021
</zhome/08/3/117881> was used as the home directory.
</zhome/08/3/117881/BCI_Project/BCI_MI_Classification> was used as the working directory.
Started at Tue Jan 12 19:26:55 2021
Terminated at Tue Jan 12 19:27:22 2021
Results reported at Tue Jan 12 19:27:22 2021

Your job looked like:

------------------------------------------------------------
# LSBATCH: User input
#!/bin/sh
#BSUB -q gpuv100
#BSUB -gpu "num=1"
#BSUB -J My_Test
### number of core
#BSUB -n 1 
### specify that all cores should be on the same host
#BSUB -R "span[hosts=1]"
#BSUB -J My_Test_HPC
### specify the memory needed
#BSUB -R "rusage[mem=32GB]"
#BSUB -R "select[gpu32gb]"
### Number of hours needed
#BSUB -W 23:59
### added outputs and errors to files
#BSUB -o outputs/Output_%J.out
#BSUB -e outputs/Error_%J.err

echo "Runnin script..."

python3 main.py 

------------------------------------------------------------

Exited with exit code 1.

Resource usage summary:

    CPU time :                                   18.34 sec.
    Max Memory :                                 1463 MB
    Average Memory :                             1463.00 MB
    Total Requested Memory :                     32768.00 MB
    Delta Memory :                               31305.00 MB
    Max Swap :                                   -
    Max Processes :                              4
    Max Threads :                                8
    Run time :                                   65 sec.
    Turnaround time :                            28 sec.

The output (if any) is above this job summary.



PS:

Read file <outputs/Error_8905558.err> for stderr output of this job.

