Runnin script...
loaded data
created datasets
created dataloaders
initialized model
Training first epoch
1 out of 10
1.0900296690237468
1.0750059953299902
2 out of 10
0.9892033074236564
1.0274246033801828
3 out of 10
0.9164092432859257
0.9463527324379132
4 out of 10
0.8782049722261558
0.8853653374538627
5 out of 10
0.8413164998611175
0.8252735343030704
6 out of 10
0.8044099171237169
0.7722584284761901
7 out of 10
0.7705287445184872
0.7223306330301429
8 out of 10
0.7365718923542834
0.6863324321726317
9 out of 10
0.7089560441841367
0.6664698604614504
10 out of 10
0.6889364457777722
0.6541591959614907
trained model
saved model
   Precision    Recall  F1 score
0   0.845382  0.994457  0.913880
1   0.000000  0.000000  0.000000
2   0.088865  0.006948  0.012888

------------------------------------------------------------
Sender: LSF System <lsfadmin@n-62-20-15>
Subject: Job 9157734: <My_Test_HPC> in cluster <dcc> Done

Job <My_Test_HPC> was submitted from host <gbarlogin2> by user <s164248> in cluster <dcc> at Wed Jan 20 13:39:51 2021
Job was executed on host(s) <n-62-20-15>, in queue <gpuv100>, as user <s164248> in cluster <dcc> at Wed Jan 20 13:39:52 2021
</zhome/88/7/117159> was used as the home directory.
</zhome/88/7/117159/Desktop/BCI_MI_Classification> was used as the working directory.
Started at Wed Jan 20 13:39:52 2021
Terminated at Wed Jan 20 14:05:01 2021
Results reported at Wed Jan 20 14:05:01 2021

Your job looked like:

------------------------------------------------------------
# LSBATCH: User input
#!/bin/sh
#BSUB -q gpuv100
#BSUB -gpu "num=1"
#BSUB -J My_Test
### number of core
#BSUB -n 1 
### specify that all cores should be on the same host
#BSUB -R "span[hosts=1]"
#BSUB -J My_Test_HPC
### specify the memory needed
#BSUB -R "rusage[mem=32GB]"
#BSUB -R "select[gpu32gb]"
### Number of hours needed
#BSUB -W 23:59
### added outputs and errors to files
#BSUB -o outputs/Output_%J.out
#BSUB -e outputs/Error_%J.err

echo "Runnin script..."

python3 main.py 

------------------------------------------------------------

Successfully completed.

Resource usage summary:

    CPU time :                                   1265.34 sec.
    Max Memory :                                 7638 MB
    Average Memory :                             7104.92 MB
    Total Requested Memory :                     32768.00 MB
    Delta Memory :                               25130.00 MB
    Max Swap :                                   -
    Max Processes :                              4
    Max Threads :                                9
    Run time :                                   1552 sec.
    Turnaround time :                            1510 sec.

The output (if any) is above this job summary.



PS:

Read file <outputs/Error_9157734.err> for stderr output of this job.

