Runnin script...
1 out of 200
1.0811599493026733
1.0722473859786987
2 out of 200
1.073665976524353
1.0757160186767578
3 out of 200
1.0721207857131958
1.0749820470809937
4 out of 200
1.0704925060272217
1.0737695693969727
5 out of 200
1.0671100616455078
1.0756069421768188
6 out of 200
1.064647912979126
1.075342059135437
7 out of 200
1.0634491443634033
1.0752573013305664
8 out of 200
1.062929630279541
1.0723642110824585
9 out of 200
1.062404751777649
1.0733826160430908
10 out of 200
1.061912178993225
1.0775269269943237
11 out of 200
1.0617755651474
1.071624994277954
12 out of 200
1.0607998371124268
1.07233726978302
13 out of 200
1.0609538555145264
1.0773324966430664
14 out of 200
1.0607671737670898
1.076106071472168
15 out of 200
1.060611367225647
1.0709360837936401
16 out of 200
1.0602834224700928
1.0741372108459473
17 out of 200
1.0600720643997192
1.074255108833313
18 out of 200
1.0598533153533936
1.0758284330368042
19 out of 200
1.0598567724227905
1.0726908445358276
20 out of 200
1.0596165657043457
1.0715972185134888
21 out of 200
1.0594074726104736
1.074844479560852
22 out of 200
1.0592557191848755
1.0686455965042114
23 out of 200
1.0591092109680176
1.0703227519989014
24 out of 200
1.058598279953003
1.0742686986923218
25 out of 200
1.0584608316421509
1.0713284015655518
26 out of 200
1.0583652257919312
1.069132685661316
27 out of 200
1.0583628416061401
1.0698285102844238
28 out of 200
1.058547019958496
1.0660886764526367
29 out of 200
1.058634638786316
1.0668668746948242
30 out of 200
1.0581365823745728
1.0707156658172607
31 out of 200
1.0580958127975464
1.0745259523391724
32 out of 200
1.0579955577850342
1.0707656145095825
33 out of 200
1.0580967664718628
1.0684635639190674
34 out of 200
1.0579155683517456
1.0702522993087769
35 out of 200
1.0583199262619019
1.067673921585083
36 out of 200
1.0581213235855103
1.0674998760223389
37 out of 200
1.0577062368392944
1.0700619220733643
38 out of 200
1.0578044652938843
1.0672434568405151
39 out of 200
1.0580624341964722
1.0671442747116089
40 out of 200
1.057809591293335
1.0727245807647705
41 out of 200
1.0579791069030762
1.073331356048584
42 out of 200
1.0577569007873535
1.0705959796905518
43 out of 200
1.0578665733337402
1.0723178386688232
44 out of 200
1.0577750205993652
1.0644779205322266
45 out of 200
1.0578964948654175
1.072772741317749
46 out of 200
1.0574012994766235
1.0720964670181274
47 out of 200
1.0578558444976807
1.0731186866760254
48 out of 200
1.0574246644973755
1.0709254741668701
49 out of 200
1.0575599670410156
1.0688018798828125
50 out of 200
1.057662844657898
1.071854591369629
51 out of 200
1.0576164722442627
1.0724517107009888
52 out of 200
1.0578906536102295
1.0709114074707031
53 out of 200
1.057441234588623
1.0704902410507202
54 out of 200
1.0575357675552368
1.071305274963379
55 out of 200
1.057471513748169
1.071447730064392
56 out of 200
1.0574185848236084
1.0712116956710815
57 out of 200
1.0573527812957764
1.0702747106552124
58 out of 200
1.0579251050949097
1.0692063570022583
59 out of 200
1.0575562715530396
1.0715975761413574
60 out of 200
1.0573539733886719
1.0681138038635254
61 out of 200
1.057114601135254
1.068372368812561
62 out of 200
1.0573574304580688
1.0716848373413086
63 out of 200
1.0573756694793701
1.0670013427734375
64 out of 200
1.0574949979782104
1.0668785572052002
65 out of 200
1.0573811531066895
1.0668636560440063
66 out of 200
1.0577430725097656
1.0682804584503174
67 out of 200
1.0574474334716797
1.068649411201477
68 out of 200
1.0572532415390015
1.0685042142868042
69 out of 200
1.0573230981826782
1.0701401233673096
70 out of 200
1.0573513507843018
1.066672682762146
71 out of 200
1.0572327375411987
1.069787621498108
72 out of 200
1.056992769241333
1.0709751844406128
73 out of 200
1.0572260618209839
1.0709342956542969
74 out of 200
1.0571786165237427
1.0708411931991577
75 out of 200
1.0574222803115845
1.0676777362823486
76 out of 200
1.0574994087219238
1.0690685510635376
77 out of 200
1.0573043823242188
1.0703308582305908
78 out of 200
1.0574860572814941
1.070536494255066
79 out of 200
1.0572720766067505
1.0716010332107544
80 out of 200
1.0570483207702637
1.0682529211044312
81 out of 200
1.0575438737869263
1.070001482963562
82 out of 200
1.0571578741073608
1.0707741975784302
83 out of 200
1.057175636291504
1.0695880651474
84 out of 200
1.057410717010498
1.0730019807815552
85 out of 200
1.0572940111160278
1.0662896633148193
86 out of 200
1.057116150856018
1.0727359056472778
87 out of 200
1.0572210550308228
1.068423867225647
88 out of 200
1.0572394132614136
1.0742779970169067
89 out of 200
1.0575406551361084
1.0707358121871948
90 out of 200
1.057100534439087
1.072666049003601
91 out of 200
1.057397484779358
1.0696887969970703
92 out of 200
1.0575401782989502
1.0681524276733398
93 out of 200
1.0573152303695679
1.0705598592758179
94 out of 200
1.0571627616882324
1.069632649421692
95 out of 200
1.0571404695510864
1.065236210823059
96 out of 200
1.0570505857467651
1.0697848796844482
97 out of 200
1.0572824478149414
1.0650674104690552
98 out of 200
1.057062029838562
1.0685253143310547
99 out of 200
1.057233452796936
1.071103572845459
100 out of 200
1.0573734045028687
1.0706548690795898
101 out of 200
1.0572775602340698
1.0712177753448486
102 out of 200
1.057390809059143
1.06907320022583
103 out of 200
1.0572056770324707
1.069745659828186
104 out of 200
1.0570759773254395
1.074528694152832
105 out of 200
1.0571781396865845
1.0722973346710205
106 out of 200
1.0570069551467896
1.0727758407592773
107 out of 200
1.0570237636566162
1.0665006637573242
108 out of 200
1.0571762323379517
1.0659199953079224
109 out of 200
1.0570064783096313
1.066675066947937
110 out of 200
1.0573256015777588
1.070020079612732
111 out of 200
1.0572556257247925
1.071541666984558
112 out of 200
1.057125210762024
1.0717262029647827
113 out of 200
1.0575276613235474
1.071334719657898
114 out of 200
1.0572319030761719
1.0673185586929321
115 out of 200
1.0572268962860107
1.0676535367965698
116 out of 200
1.056859016418457
1.0712038278579712
117 out of 200
1.0568159818649292
1.0666340589523315
118 out of 200
1.0571147203445435
1.0715748071670532
119 out of 200
1.0571553707122803
1.0660054683685303
120 out of 200
1.0570952892303467
1.071459412574768
121 out of 200
1.0577677488327026
1.0690044164657593
122 out of 200
1.057173252105713
1.0708445310592651
123 out of 200
1.0571177005767822
1.0656310319900513
124 out of 200
1.0569946765899658
1.0743118524551392
125 out of 200
1.0569555759429932
1.0708788633346558
126 out of 200
1.0573102235794067
1.066873550415039
127 out of 200
1.0571985244750977
1.071668267250061
128 out of 200
1.0571718215942383
1.0668123960494995
129 out of 200
1.0570576190948486
1.0723341703414917
130 out of 200
1.0571963787078857
1.0722252130508423
131 out of 200
1.057305932044983
1.066438913345337
132 out of 200
1.0573713779449463
1.074569821357727
133 out of 200
1.0572154521942139
1.0718514919281006
134 out of 200
1.0569661855697632
1.0749804973602295
135 out of 200
1.057054042816162
1.0710588693618774
136 out of 200
1.0572230815887451
1.0681360960006714
137 out of 200
1.0569857358932495
1.0704221725463867
138 out of 200
1.0571101903915405
1.070246934890747
139 out of 200
1.0569789409637451
1.0674957036972046
140 out of 200
1.0569783449172974
1.0699656009674072
141 out of 200
1.057165503501892
1.0667153596878052
142 out of 200
1.0572541952133179
1.0758719444274902
143 out of 200
1.057176947593689
1.0703223943710327
144 out of 200
1.056790828704834
1.0720113515853882
145 out of 200
1.0569149255752563
1.0732593536376953
146 out of 200
1.0571203231811523
1.0683376789093018
147 out of 200
1.0570249557495117
1.067952036857605
148 out of 200
1.0569664239883423
1.0713764429092407
149 out of 200
1.0572190284729004
1.0675972700119019
150 out of 200
1.0570931434631348
1.069988489151001
151 out of 200
1.0574209690093994
1.0738579034805298
152 out of 200
1.0569143295288086
1.071330189704895
153 out of 200
1.0571762323379517
1.0678205490112305
154 out of 200
1.0569546222686768
1.0717289447784424
155 out of 200
1.0570228099822998
1.0662399530410767
156 out of 200
1.0573843717575073
1.0693747997283936
157 out of 200
1.0569995641708374
1.069254994392395
158 out of 200
1.0572137832641602
1.0678755044937134
159 out of 200
1.0571391582489014
1.071366548538208
160 out of 200
1.0570409297943115
1.072055459022522
161 out of 200
1.0570318698883057
1.0694620609283447
162 out of 200
1.0571644306182861
1.069797158241272
163 out of 200
1.057155966758728
1.071081280708313
164 out of 200
1.0570595264434814
1.0667613744735718
165 out of 200
1.0571995973587036
1.066684365272522
166 out of 200
1.0569709539413452
1.0724014043807983
167 out of 200
1.0573313236236572
1.0676690340042114
168 out of 200
1.0569355487823486
1.0726455450057983
169 out of 200
1.056944727897644
1.071142315864563
170 out of 200
1.0572110414505005
1.072367548942566
171 out of 200
1.057157039642334
1.0682704448699951
172 out of 200
1.0568538904190063
1.0722681283950806
173 out of 200
1.0571810007095337
1.0685973167419434
174 out of 200
1.0569384098052979
1.0677846670150757
175 out of 200
1.0571167469024658
1.0722562074661255
176 out of 200
1.057099461555481
1.068841814994812
177 out of 200
1.0571949481964111
1.0696778297424316
178 out of 200
1.0571235418319702
1.0715570449829102
179 out of 200
1.057405710220337
1.0681838989257812
180 out of 200
1.0570203065872192
1.0721665620803833
181 out of 200
1.0569971799850464
1.0713483095169067
182 out of 200
1.0570330619812012
1.0732386112213135
183 out of 200
1.0572285652160645
1.0752456188201904
184 out of 200
1.0571213960647583
1.070063591003418
185 out of 200
1.0572235584259033
1.0672074556350708
186 out of 200
1.0570547580718994
1.069696307182312
187 out of 200
1.0570837259292603
1.0729726552963257
188 out of 200
1.0575333833694458
1.071527123451233
189 out of 200
1.0568557977676392
1.0684685707092285
190 out of 200
1.057174563407898
1.0702379941940308
191 out of 200
1.0570108890533447
1.0704582929611206
192 out of 200
1.0569186210632324
1.070383071899414
193 out of 200
1.0572993755340576
1.0706396102905273
194 out of 200
1.0572121143341064
1.0716676712036133
195 out of 200
1.0569052696228027
1.0693714618682861
196 out of 200
1.0572525262832642
1.073043942451477
197 out of 200
1.0569287538528442
1.0707013607025146
198 out of 200
1.0570076704025269
1.0685309171676636
199 out of 200
1.0569977760314941
1.0681393146514893
200 out of 200
1.0573852062225342
1.0669529438018799

------------------------------------------------------------
Sender: LSF System <lsfadmin@n-62-20-16>
Subject: Job 9045145: <My_Test_HPC> in cluster <dcc> Done

Job <My_Test_HPC> was submitted from host <gbarlogin2> by user <s164272> in cluster <dcc> at Wed Jan 13 10:17:29 2021
Job was executed on host(s) <n-62-20-16>, in queue <gpuv100>, as user <s164272> in cluster <dcc> at Wed Jan 13 10:17:30 2021
</zhome/08/3/117881> was used as the home directory.
</zhome/08/3/117881/BCI_Project/BCI_MI_Classification> was used as the working directory.
Started at Wed Jan 13 10:17:30 2021
Terminated at Wed Jan 13 11:28:33 2021
Results reported at Wed Jan 13 11:28:33 2021

Your job looked like:

------------------------------------------------------------
# LSBATCH: User input
#!/bin/sh
#BSUB -q gpuv100
#BSUB -gpu "num=1"
#BSUB -J My_Test
### number of core
#BSUB -n 1 
### specify that all cores should be on the same host
#BSUB -R "span[hosts=1]"
#BSUB -J My_Test_HPC
### specify the memory needed
#BSUB -R "rusage[mem=32GB]"
#BSUB -R "select[gpu32gb]"
### Number of hours needed
#BSUB -W 23:59
### added outputs and errors to files
#BSUB -o outputs/Output_%J.out
#BSUB -e outputs/Error_%J.err

echo "Runnin script..."

python3 main.py 

------------------------------------------------------------

Successfully completed.

Resource usage summary:

    CPU time :                                   3556.65 sec.
    Max Memory :                                 2673 MB
    Average Memory :                             2290.45 MB
    Total Requested Memory :                     32768.00 MB
    Delta Memory :                               30095.00 MB
    Max Swap :                                   -
    Max Processes :                              4
    Max Threads :                                9
    Run time :                                   4298 sec.
    Turnaround time :                            4264 sec.

The output (if any) is above this job summary.



PS:

Read file <outputs/Error_9045145.err> for stderr output of this job.

