Runnin script...
loaded data
created datasets
created dataloaders
initialized model
Training first epoch
1 out of 1
0.8865667691937199
0.6711569674236258
trained model
saved model
   Precision    Recall  F1 score
0   0.846973  0.987018  0.911649
1   0.106104  0.006467  0.012190
2   0.107237  0.013252  0.023589

------------------------------------------------------------
Sender: LSF System <lsfadmin@n-62-20-15>
Subject: Job 9151650: <My_Test_HPC> in cluster <dcc> Done

Job <My_Test_HPC> was submitted from host <gbarlogin2> by user <s164272> in cluster <dcc> at Tue Jan 19 16:34:27 2021
Job was executed on host(s) <n-62-20-15>, in queue <gpuv100>, as user <s164272> in cluster <dcc> at Tue Jan 19 16:34:29 2021
</zhome/08/3/117881> was used as the home directory.
</zhome/08/3/117881/BCI_Project/BCI_MI_Classification> was used as the working directory.
Started at Tue Jan 19 16:34:29 2021
Terminated at Tue Jan 19 16:38:08 2021
Results reported at Tue Jan 19 16:38:08 2021

Your job looked like:

------------------------------------------------------------
# LSBATCH: User input
#!/bin/sh
#BSUB -q gpuv100
#BSUB -gpu "num=1"
#BSUB -J My_Test
### number of core
#BSUB -n 1 
### specify that all cores should be on the same host
#BSUB -R "span[hosts=1]"
#BSUB -J My_Test_HPC
### specify the memory needed
#BSUB -R "rusage[mem=32GB]"
### Number of hours needed
#BSUB -W 23:59
### added outputs and errors to files
#BSUB -o outputs/Output_%J.out
#BSUB -e outputs/Error_%J.err

echo "Runnin script..."

python3 main.py 

------------------------------------------------------------

Successfully completed.

Resource usage summary:

    CPU time :                                   190.86 sec.
    Max Memory :                                 7623 MB
    Average Memory :                             6013.00 MB
    Total Requested Memory :                     32768.00 MB
    Delta Memory :                               25145.00 MB
    Max Swap :                                   -
    Max Processes :                              4
    Max Threads :                                9
    Run time :                                   334 sec.
    Turnaround time :                            221 sec.

The output (if any) is above this job summary.



PS:

Read file <outputs/Error_9151650.err> for stderr output of this job.

