Runnin script...
loaded data
created datasets
created dataloaders
initialized model
Training first epoch
1 out of 100
1.0948257640652035
1.084174861078677
2 out of 100
1.0878068014331486
1.0775341469308604
3 out of 100
1.0845004138739214
1.07389685900315
4 out of 100
1.082552045583725
1.071421389994414
5 out of 100
1.081289546645206
1.0694965953412263
6 out of 100
1.080388288135114
1.0684052031973135
7 out of 100
1.079704558071883
1.0672885024029275
8 out of 100
1.0791266366191532
1.0665178454440574
9 out of 100
1.0787135103474492
1.0656675877778425
10 out of 100
1.0783224326112997
1.0651879414268162
11 out of 100
1.078025433032409
1.0646243043567822
12 out of 100
1.0777346025342527
1.0641860806423684
13 out of 100
1.0775033676105996
1.063840643219326
14 out of 100
1.0772598333980725
1.0635151655777642
15 out of 100
1.0770760347013888
1.0630077279132346
16 out of 100
1.0768758926702582
1.062982922014983
17 out of 100
1.0767162144184113
1.062620505042698
18 out of 100
1.0765676692776058
1.0622433527656223
19 out of 100
1.076420273469842
1.0620848873387212
20 out of 100
1.0762737458166869
1.0619945422462795
21 out of 100
1.0761450231075287
1.0617402999297432
22 out of 100
1.0760346158691074
1.0615193273710168
23 out of 100
1.0759194726529329
1.0613636918689893
24 out of 100
1.075810757668122
1.0611960887908936
25 out of 100
1.0756937537504279
1.0610169535097869
26 out of 100
1.0755980248036592
1.060891047767971
27 out of 100
1.075504887363185
1.0608158163402392
28 out of 100
1.0753896586273028
1.060532404028851
29 out of 100
1.0753262885238812
1.0606237079786218
30 out of 100
1.0752386178659357
1.0605044675909954
31 out of 100
1.0751609180284583
1.0603868909504102
32 out of 100
1.0750758764536485
1.0603930431863535
33 out of 100
1.0749949463035748
1.0602612650912742
34 out of 100
1.0749223737613014
1.060055857119353
35 out of 100
1.07486638556356
1.059927577557771
36 out of 100
1.0747804563978445
1.0600990938103718
37 out of 100
1.0747067111989725
1.059931314509848
38 out of 100
1.0746385403301404
1.0600399193556413
39 out of 100
1.0745778122673864
1.0596381063046663
40 out of 100
1.0745058940804524
1.0597020750460417
41 out of 100
1.0744433040204255
1.0595898213593855
42 out of 100
1.074387024278226
1.0597400561622952
43 out of 100
1.0742990633715754
1.0596101128536721
44 out of 100
1.0742569980414018
1.0595999230509219
45 out of 100
1.0741914471854335
1.0595484401868738
46 out of 100
1.0741198879221212
1.0595694469368977
47 out of 100
1.0740558207035065
1.0596107607302458
48 out of 100
1.0739661675432455
1.0598144686740378
49 out of 100
1.0738902415918268
1.0597184585488362
50 out of 100
1.0738399521164272
1.0597905127898506
51 out of 100
1.0737372818200484
1.0596770203631858
52 out of 100
1.0736449788446012
1.059696052385413
53 out of 100
1.0735623046107914
1.059921383857727
54 out of 100
1.0734256194985432
1.059933014537977
55 out of 100
1.0733084523159524
1.059961375982865
56 out of 100
1.0731172017429187
1.060190024583236
57 out of 100
1.0728498075319373
1.0603170498557712
58 out of 100
1.072433511848035
1.060238522032033
59 out of 100
1.0720095504885134
1.0597920365955518
60 out of 100
1.0717470425626505
1.0595357729041057
61 out of 100
1.071561687666437
1.0588947586391284
62 out of 100
1.0714297994323398
1.0588262651277625
63 out of 100
1.0713143426439036
1.0587238902631013
64 out of 100
1.0712054501409116
1.0585923350375632
65 out of 100
1.0711352773334668
1.058620556541111
66 out of 100
1.0710539701192274
1.058497024619061
67 out of 100
1.0709984419138536
1.0582035209821619
68 out of 100
1.070924111034559
1.0581883192062378
69 out of 100
1.0708697308664736
1.0580325178478076
70 out of 100
1.0708229334458061
1.057969974434894
71 out of 100
1.0707720414451931
1.0578903167144111
72 out of 100
1.07070965870567
1.0578728395959605
73 out of 100
1.0706625295721965
1.0574905043062957
74 out of 100
1.0706002880697665
1.0575637195421301
75 out of 100
1.070560476054316
1.0577475661816804
76 out of 100
1.0705152115096217
1.0575595161189204
77 out of 100
1.0704845462156378
1.0573103324226711
78 out of 100
1.0704297695470892
1.057392286217731
79 out of 100
1.0703881797583208
1.057696627533954
80 out of 100
1.0703611335028773
1.0573458827060203
81 out of 100
1.0703060899091803
1.0572787782420283
82 out of 100
1.0702709931394327
1.057270065597866
83 out of 100
1.0702250871969305
1.0571604241495547
84 out of 100
1.0702268818150396
1.0572526299435159
85 out of 100
1.070181879012481
1.0573267314745032
86 out of 100
1.0701543118642725
1.0572592952977056
87 out of 100
1.070118891156238
1.05708240426105
88 out of 100
1.070068254418995
1.0569499368252961
89 out of 100
1.07003618064134
1.0571521520614624
90 out of 100
1.0699894195017607
1.0570296411928923
91 out of 100
1.0699723531370577
1.0568588194639787
92 out of 100
1.0699354721152263
1.0567316335180532
93 out of 100
1.0698809209077254
1.0568462558414624
94 out of 100
1.0698638402897378
1.0567426059557044
95 out of 100
1.069822196079337
1.0569388140802798
96 out of 100
1.0698114659475244
1.056848811066669
97 out of 100
1.0697707287643268
1.0566971768503604
98 out of 100
1.0697419889595197
1.0567364589027737
99 out of 100
1.0697077538656152
1.0567644471707551
100 out of 100
1.0696860798027203
1.0568113689837249
trained model
saved model

------------------------------------------------------------
Sender: LSF System <lsfadmin@n-62-20-12>
Subject: Job 9105445: <My_Test_HPC> in cluster <dcc> Done

Job <My_Test_HPC> was submitted from host <gbarlogin2> by user <s164272> in cluster <dcc> at Fri Jan 15 18:53:40 2021
Job was executed on host(s) <n-62-20-12>, in queue <gpuv100>, as user <s164272> in cluster <dcc> at Fri Jan 15 18:53:42 2021
</zhome/08/3/117881> was used as the home directory.
</zhome/08/3/117881/BCI_Project/BCI_MI_Classification> was used as the working directory.
Started at Fri Jan 15 18:53:42 2021
Terminated at Fri Jan 15 20:45:07 2021
Results reported at Fri Jan 15 20:45:07 2021

Your job looked like:

------------------------------------------------------------
# LSBATCH: User input
#!/bin/sh
#BSUB -q gpuv100
#BSUB -gpu "num=1"
#BSUB -J My_Test
### number of core
#BSUB -n 1 
### specify that all cores should be on the same host
#BSUB -R "span[hosts=1]"
#BSUB -J My_Test_HPC
### specify the memory needed
#BSUB -R "rusage[mem=32GB]"
### Number of hours needed
#BSUB -W 23:59
### added outputs and errors to files
#BSUB -o outputs/Output_%J.out
#BSUB -e outputs/Error_%J.err

echo "Runnin script..."

python3 main.py 

------------------------------------------------------------

Successfully completed.

Resource usage summary:

    CPU time :                                   5900.44 sec.
    Max Memory :                                 3996 MB
    Average Memory :                             3508.23 MB
    Total Requested Memory :                     32768.00 MB
    Delta Memory :                               28772.00 MB
    Max Swap :                                   -
    Max Processes :                              4
    Max Threads :                                9
    Run time :                                   6730 sec.
    Turnaround time :                            6687 sec.

The output (if any) is above this job summary.



PS:

Read file <outputs/Error_9105445.err> for stderr output of this job.

