Runnin script...
loaded data
created datasets
created dataloaders
initialized model
Training first epoch
1 out of 300
1.0912107358808103
1.0787003662275232
2 out of 300
1.084934414728828
1.0734085673871248
3 out of 300
1.0819892222466676
1.0701184635576995
4 out of 300
1.080367483522581
1.0681434662445732
5 out of 300
1.0793764979942986
1.066510532213294
6 out of 300
1.0786251620106075
1.0655557850132817
7 out of 300
1.0781004377033399
1.06482223842455
8 out of 300
1.077662680460059
1.0640047684959744
9 out of 300
1.077280853105628
1.0635985239692356
10 out of 300
1.076965859402781
1.0631414392720098
11 out of 300
1.0767028357671655
1.0628100011659705
12 out of 300
1.0764461509559466
1.0624616197917773
13 out of 300
1.0761990819288336
1.0622178989907969
14 out of 300
1.0759513727996661
1.0620885569116343
15 out of 300
1.075711447259654
1.061843120533487
16 out of 300
1.0754376921964728
1.0616567394007808
17 out of 300
1.0751501231089882
1.0614589660064033
18 out of 300
1.0748535640861676
1.061375213705975
19 out of 300
1.074561570001685
1.0611864535704902
20 out of 300
1.0743613839149475
1.0606876093408335
21 out of 300
1.0741236274657042
1.0604059126066125
22 out of 300
1.0739379369694253
1.0603766804156096
23 out of 300
1.0737670970999675
1.0598954273306804
24 out of 300
1.07360744735469
1.0596940310105034
25 out of 300
1.0734895234522612
1.0593712589015132
26 out of 300
1.0733562487622965
1.0593378181042878
27 out of 300
1.0732468794221464
1.05905310485674
28 out of 300
1.0731328090895778
1.0589979679688164
29 out of 300
1.073002092216326
1.05906445565431
30 out of 300
1.0729137853435848
1.0590449312458867
31 out of 300
1.0728192925453186
1.0586220129676487
32 out of 300
1.0727354832317517
1.0585763558097507
33 out of 300
1.0726129179415496
1.0585702398548955
34 out of 300
1.072528158840926
1.0584051609039307
35 out of 300
1.0724638285844221
1.05824033073757
36 out of 300
1.0723665421423705
1.058174060738605
37 out of 300
1.0722973281922548
1.0580193581788435
38 out of 300
1.0722402826599453
1.0580542916836946
39 out of 300
1.0721771457920903
1.0579162732414578
40 out of 300
1.0720826205999956
1.0577286585517551
41 out of 300
1.0720380713110385
1.0577440469161323
42 out of 300
1.071972554144652
1.0576724643292634
43 out of 300
1.0718984487264052
1.0575028606083081
44 out of 300
1.0718175535616667
1.057522353918656
45 out of 300
1.0717865384143332
1.0573715645333994
46 out of 300
1.0717006908810658
1.0573807280996572
47 out of 300
1.0716438824715822
1.0572331418161807
48 out of 300
1.0716082207534625
1.057175055794094
49 out of 300
1.0715476468853329
1.0571087495140408
50 out of 300
1.071494944717573
1.0569787440092668
51 out of 300
1.0714298072068587
1.0569159414457239
52 out of 300
1.071363839118377
1.0568813707517541
53 out of 300
1.0713346561659938
1.0567546512769617
54 out of 300
1.0712747625682666
1.0567505774290666
55 out of 300
1.0712129979029945
1.0568170081014219
56 out of 300
1.0711969396342402
1.0567008049591728
57 out of 300
1.0711147046607474
1.0565943044164907
58 out of 300
1.0710848077483799
1.0566659854805989
59 out of 300
1.0710358567859815
1.0564826830573704
60 out of 300
1.0710055270920629
1.0563037395477295
61 out of 300
1.0709463681863702
1.0563769703326018
62 out of 300
1.0709199607372284
1.0563111460727195
63 out of 300
1.0708587156689686
1.0563599907833596
64 out of 300
1.0708101352919703
1.0563061081844827
65 out of 300
1.0707786303499471
1.0562354481738547
66 out of 300
1.07075140139331
1.056098601092463
67 out of 300
1.0706910400286964
1.0561912785405698
68 out of 300
1.0706521622512652
1.0561412002729333
69 out of 300
1.0706144104833188
1.056102332861527
70 out of 300
1.0705809463625369
1.05597912746927
71 out of 300
1.070547640323639
1.055815401284591
72 out of 300
1.0704853405123171
1.055917688038038
73 out of 300
1.0704517895760743
1.0560476676277493
74 out of 300
1.0704325580078622
1.0559741621432097
75 out of 300
1.0703762303227964
1.0559209740680198
76 out of 300
1.0703636420809703
1.0558276850244273
77 out of 300
1.070322792167249
1.0559150343355925
78 out of 300
1.0702818178612252
1.0557487788407698
79 out of 300
1.0702453126078066
1.0558317796043728
80 out of 300
1.0702022378859313
1.0557534435521
81 out of 300
1.0701883344546608
1.055597097977348
82 out of 300
1.0701463585314543
1.0556600456652434
83 out of 300
1.0701093583003334
1.0557691739953083
84 out of 300
1.0700845860916635
1.0556550803391829
85 out of 300
1.0700615126153696
1.0556918797285662
86 out of 300
1.0700255723103234
1.055677232534989
87 out of 300
1.0699883751247241
1.0555441742358
88 out of 300
1.0699673295021057
1.055594371712726
89 out of 300
1.069912244444308
1.0557665099268374
90 out of 300
1.0699035577152087
1.0556347318317578
91 out of 300
1.0698367253593777
1.055665866188381
92 out of 300
1.0698362757330355
1.055501709813657
93 out of 300
1.0697975417842036
1.0557194015254145
94 out of 300
1.0697927163994831
1.0556919108266416
95 out of 300
1.0697303751240606
1.055505394935608
96 out of 300
1.06969643805338
1.0556905217792676
97 out of 300
1.0696942650753518
1.0555230741915496
98 out of 300
1.0696527012016461
1.0554565398589424
99 out of 300
1.0696019543253856
1.055628185686858
100 out of 300
1.0696119381033855
1.0555770293526028
101 out of 300
1.0695695825245068
1.0557588027871174
102 out of 300
1.0695550454699474
1.055596605591152
103 out of 300
1.0695142149925232
1.0556899516478828
104 out of 300
1.06950051629025
1.0556335241898247
105 out of 300
1.0694477013919665
1.0557047439658123
106 out of 300
1.0694127186484959
1.0556397489879443
107 out of 300
1.069407325723897
1.0556556245555049
108 out of 300
1.0693645425464795
1.0556716763454934
109 out of 300
1.0693533316902493
1.0556506955105325
110 out of 300
1.0692988245383552
1.0555912308070972
111 out of 300
1.0692858916261923
1.0555162015168562
112 out of 300
1.0692676215068153
1.055552575899207
113 out of 300
1.0692455768585205
1.0557597201803457
114 out of 300
1.0691903233528137
1.0556758123895396
115 out of 300
1.0692112964132559
1.0556669960851255
116 out of 300
1.0691503973110863
1.0557254915652068
117 out of 300
1.069112885257472
1.055629419243854
118 out of 300
1.069111502688864
1.055814240289771
119 out of 300
1.0690803774025128
1.0557441711425781
120 out of 300
1.0690309677435004
1.0558776129846987
121 out of 300
1.0690403386302616
1.0558999621349832
122 out of 300
1.0689992554809735
1.0559192584908528
123 out of 300
1.0689688441546068
1.0558373720749565
124 out of 300
1.068975814010786
1.055848251218381
125 out of 300
1.068914990062299
1.0559279659520024
126 out of 300
1.0689063681208568
1.055836786394534
127 out of 300
1.0688903098521025
1.0558468984520955
128 out of 300
1.0688604440378107
1.055888056755066
129 out of 300
1.0688396122144617
1.055980314379153
130 out of 300
1.0688164635844852
1.0557972192764282
131 out of 300
1.0687884260778842
1.0558115243911743
132 out of 300
1.0687727746756182
1.055998330530913
133 out of 300
1.0687417310217153
1.0560113606245622
134 out of 300
1.068702889525372
1.0559001850045246
135 out of 300
1.0686998043371283
1.0558868439301201
136 out of 300
1.0686735484911047
1.0560072660446167
137 out of 300
1.068662738022597
1.055842990460603
138 out of 300
1.068615329006444
1.0558346458103345
139 out of 300
1.0685768801233042
1.056099912394648
140 out of 300
1.0685370888399042
1.0559261570806089
141 out of 300
1.0685151621051456
1.0562012869378794
142 out of 300
1.068507861831914
1.0559457125871077
143 out of 300
1.0684703212717306
1.0560161134471064
144 out of 300
1.0684448428775952
1.0560828395511792
145 out of 300
1.068406167237655
1.0559903435085132
146 out of 300
1.0683756600255552
1.056130440338798
147 out of 300
1.0683441537877787
1.0561477982479592
148 out of 300
1.0683072144570558
1.0559890011082524
149 out of 300
1.0682597147381825
1.056203676306683
150 out of 300
1.0682100524073062
1.0559994552446448
151 out of 300
1.0681751849858656
1.05613258610601
152 out of 300
1.0681083746578381
1.0559159309967705
153 out of 300
1.0680950569069905
1.0559346416722173
154 out of 300
1.0680208750393079
1.05587623430335
155 out of 300
1.0679766237735748
1.055863230124764
156 out of 300
1.06797540317411
1.0559942774150683
157 out of 300
1.0679155393787052
1.0560387839441714
158 out of 300
1.0678854351458342
1.0561097860336304
159 out of 300
1.067838764708975
1.055914500485296
160 out of 300
1.0678133549897566
1.0561510013497395
161 out of 300
1.0677878558635712
1.0562665203343267
162 out of 300
1.0677438015523164
1.0557022924008577
163 out of 300
1.0677390357722407
1.0558821273886638
164 out of 300
1.0676932697710784
1.0558886942656145
165 out of 300
1.0676738101503123
1.056091458901115
166 out of 300
1.0676698995673137
1.0560920912286509
167 out of 300
1.0676628208678702
1.0557710709779158
168 out of 300
1.0676308131736258
1.0561807103779004
169 out of 300
1.0676042515298594
1.0562417248021
170 out of 300
1.0675430025743402
1.0563140330107317
171 out of 300
1.067565618649773
1.0564952674119368
172 out of 300
1.0675270129805026
1.0564831287964531
173 out of 300
1.06751767448757
1.0558270526968914
174 out of 300
1.0674985128900278
1.056685929713042
175 out of 300
1.0674815294535265
1.0565829899000085
176 out of 300
1.0674877944199934
1.0562743933304497
177 out of 300
1.0674515509087106
1.056249473405921
178 out of 300
1.067406282476757
1.0562758808550627
179 out of 300
1.0674145325370457
1.056300163269043
180 out of 300
1.0674153216507123
1.0563584306965703
181 out of 300
1.0674018808033154
1.0564283702684485
182 out of 300
1.0673794901889304
1.0568184852600098
183 out of 300
1.0673668384552002
1.0564617177714473
184 out of 300
1.0673319490059563
1.0566693803538447
185 out of 300
1.0673410283482594
1.056575313858364
186 out of 300
1.0673361213310906
1.0564578045969424
187 out of 300
1.0673065017098966
1.0569094574969748
188 out of 300
1.0673002795032833
1.0563502674517424
189 out of 300
1.0672784292179605
1.0566707797672437
190 out of 300
1.067247968652974
1.0568790332130764
191 out of 300
1.0672702569028605
1.0566944868668267
192 out of 300
1.0672170882639678
1.056668276372163
193 out of 300
1.0672141222850136
1.0568806295809539
194 out of 300
1.067194603059603
1.05668494494065
195 out of 300
1.0671862506348153
1.0565388876458872
196 out of 300
1.0671945641870084
1.0565732458363408
197 out of 300
1.067161175219909
1.0569836782372517
198 out of 300
1.0671339060949243
1.0568312821180925
199 out of 300
1.0671611959519594
1.056675092033718
200 out of 300
1.0671296443628229
1.05689319320347
201 out of 300
1.0671119353045588
1.0565974401391072
202 out of 300
1.06710695831672
1.0567592589751533
203 out of 300
1.0671374979226484
1.0567165665004565
204 out of 300
1.0670854280824247
1.0565951907116433
205 out of 300
1.0670355493607728
1.05719618693642
206 out of 300
1.0670755622179613
1.0565287082091621
207 out of 300
1.067038156416105
1.056803102078645
208 out of 300
1.0670580773249916
1.0570733650870945
209 out of 300
1.0670330472614453
1.0569506054339202
210 out of 300
1.0670395506464916
1.056746799012889
211 out of 300
1.0670283410860144
1.0571042610251384
212 out of 300
1.066971868276596
1.0572517073672751
213 out of 300
1.0670209358567777
1.0572142497352932
214 out of 300
1.0670011393401935
1.0569485011308088
215 out of 300
1.0669826852238697
1.056746659071549
216 out of 300
1.0669581980808922
1.0576004152712615
217 out of 300
1.0669154447057974
1.0573244405829387
218 out of 300
1.066953358442887
1.0570397325184033
219 out of 300
1.0669314666934635
1.0574247059614763
220 out of 300
1.066899000302605
1.0569625626439634
221 out of 300
1.0669190443080405
1.0569532487703406
222 out of 300
1.066871571799983
1.0571205719657566
223 out of 300
1.0668516068354896
1.056865780249886
224 out of 300
1.0668694921161817
1.057601125343986
225 out of 300
1.066838986199835
1.0571491303651228
226 out of 300
1.0668371358643407
1.0572831527046536
227 out of 300
1.0668106973171234
1.0569575299387393
228 out of 300
1.0668274682501089
1.056911271551381
229 out of 300
1.0667932292689448
1.0574020199153735
230 out of 300
1.066782201113908
1.0574709280677463
231 out of 300
1.066777756680613
1.0573427107023157
232 out of 300
1.0667851761631344
1.0572592382845671
233 out of 300
1.0667496543863546
1.0573360868122266
234 out of 300
1.0667410415151846
1.0574390058932097
235 out of 300
1.0667489598626676
1.057285645733709
236 out of 300
1.0667249417823295
1.0576011875401372
237 out of 300
1.0666933616866237
1.0574026004127834
238 out of 300
1.0666802940161333
1.057070975718291
239 out of 300
1.0666941235894742
1.057444225186887
240 out of 300
1.0666695133499478
1.0568877095761506
241 out of 300
1.0666527579660001
1.0574165271676106
242 out of 300
1.066669295663419
1.0573332776194033
243 out of 300
1.0666335808194203
1.0573271305664727
244 out of 300
1.0666505163130553
1.0570227529691614
245 out of 300
1.0666058724341185
1.05733002787051
246 out of 300
1.0665757850460384
1.0570538199466208
247 out of 300
1.066593824521355
1.0575299159340237
248 out of 300
1.0665668689686318
1.0572975770286892
249 out of 300
1.0665562852569248
1.0578487593194712
250 out of 300
1.0665689343991487
1.0573956085288005
251 out of 300
1.0665377896765005
1.057635670122893
252 out of 300
1.0665373983590498
1.0578093995218691
253 out of 300
1.0665335227613864
1.0576427138370017
254 out of 300
1.0664998590946198
1.0576056345649387
255 out of 300
1.0665125950523044
1.057600586310677
256 out of 300
1.0664940165436787
1.0579928107883618
257 out of 300
1.0664857923984528
1.0577390504919963
258 out of 300
1.066467821598053
1.0576634562533835
259 out of 300
1.066456306239833
1.0576310987057893
260 out of 300
1.0664358229740807
1.057645170584969
261 out of 300
1.0664481611355492
1.0579351238582446
262 out of 300
1.0664222201575404
1.0580161861751392
263 out of 300
1.0664192036442135
1.0581417602041494
264 out of 300
1.0664073267708654
1.0580203688662986
265 out of 300
1.0663852445457294
1.057845747989157
266 out of 300
1.0664266490417977
1.0574176674303801
267 out of 300
1.0664004774197289
1.0581709509310515
268 out of 300
1.0663813832013502
1.0575872193212095
269 out of 300
1.0663597894751506
1.0575155849042146
270 out of 300
1.066372521545576
1.0578390152558037
271 out of 300
1.0663690968700077
1.057797354200612
272 out of 300
1.0663775127866995
1.0578357033107593
273 out of 300
1.0663281860558882
1.05801042266514
274 out of 300
1.0663432789885479
1.0578878599664439
275 out of 300
1.0663277493870778
1.0577381952949192
276 out of 300
1.066291937361593
1.0581373079963352
277 out of 300
1.0662939367086992
1.0580107284628826
278 out of 300
1.0662981025550677
1.0580065302226855
279 out of 300
1.0662870705127716
1.0581352296082869
280 out of 300
1.066273974335712
1.0580721419790518
281 out of 300
1.066251384175342
1.0584074310634448
282 out of 300
1.0662550718887993
1.05848533174266
283 out of 300
1.0662748969119529
1.0583421251048213
284 out of 300
1.0662238429421964
1.0583610171857087
285 out of 300
1.0662020198676898
1.0586486951164578
286 out of 300
1.066211320783781
1.057823077492092
287 out of 300
1.066202549830727
1.0582709934400476
288 out of 300
1.066197579321654
1.0580944082011348
289 out of 300
1.06618732213974
1.058222076167231
290 out of 300
1.0662005401175956
1.0583490755247034
291 out of 300
1.0661890092103377
1.058082684226658
292 out of 300
1.0661591148894767
1.0584434633669646
293 out of 300
1.0661608654519785
1.0586620621059253
294 out of 300
1.0661554453165636
1.058477951132733
295 out of 300
1.0661561009676561
1.0581931549569834
296 out of 300
1.066171328658643
1.0588825215464053
297 out of 300
1.066141654615817
1.0586979337360547
298 out of 300
1.066111350836961
1.0586773001629373
299 out of 300
1.066098250772642
1.058479262434918
300 out of 300
1.0661274972169295
1.0582976548568062
trained model
saved model

------------------------------------------------------------
Sender: LSF System <lsfadmin@n-62-20-3>
Subject: Job 9111511: <My_Test_HPC> in cluster <dcc> Done

Job <My_Test_HPC> was submitted from host <gbarlogin2> by user <s164272> in cluster <dcc> at Sun Jan 17 12:14:14 2021
Job was executed on host(s) <n-62-20-3>, in queue <gpuv100>, as user <s164272> in cluster <dcc> at Sun Jan 17 12:14:16 2021
</zhome/08/3/117881> was used as the home directory.
</zhome/08/3/117881/BCI_Project/BCI_MI_Classification> was used as the working directory.
Started at Sun Jan 17 12:14:16 2021
Terminated at Sun Jan 17 17:16:23 2021
Results reported at Sun Jan 17 17:16:23 2021

Your job looked like:

------------------------------------------------------------
# LSBATCH: User input
#!/bin/sh
#BSUB -q gpuv100
#BSUB -gpu "num=1"
#BSUB -J My_Test
### number of core
#BSUB -n 1 
### specify that all cores should be on the same host
#BSUB -R "span[hosts=1]"
#BSUB -J My_Test_HPC
### specify the memory needed
#BSUB -R "rusage[mem=32GB]"
### Number of hours needed
#BSUB -W 23:59
### added outputs and errors to files
#BSUB -o outputs/Output_%J.out
#BSUB -e outputs/Error_%J.err

echo "Runnin script..."

python3 main.py 

------------------------------------------------------------

Successfully completed.

Resource usage summary:

    CPU time :                                   15812.45 sec.
    Max Memory :                                 3994 MB
    Average Memory :                             3490.71 MB
    Total Requested Memory :                     32768.00 MB
    Delta Memory :                               28774.00 MB
    Max Swap :                                   -
    Max Processes :                              4
    Max Threads :                                9
    Run time :                                   18129 sec.
    Turnaround time :                            18129 sec.

The output (if any) is above this job summary.



PS:

Read file <outputs/Error_9111511.err> for stderr output of this job.

