Runnin script...
loaded data
created datasets
created dataloaders
initialized model
Training first epoch
1 out of 200
1.103782697611077
1.094249786752643
2 out of 200
1.0952721900718156
1.0925449120877968
3 out of 200
1.0888024867967119
1.092093299133609
4 out of 200
1.0849906816038974
1.091837961264331
5 out of 200
1.0830514896747678
1.0917897657914595
6 out of 200
1.0811797696490622
1.0913916994826962
7 out of 200
1.079947095693544
1.0913157475115074
8 out of 200
1.0788908431696338
1.0907122354314784
9 out of 200
1.0778756917909134
1.0900839230026862
10 out of 200
1.0773165492124335
1.0897673801942305
11 out of 200
1.0762329972067544
1.0896089016789137
12 out of 200
1.0758849049723425
1.0892925780228895
13 out of 200
1.075072770340498
1.0887828872661398
14 out of 200
1.0745234334191611
1.0890941354963515
15 out of 200
1.0740283167639444
1.0885188374856505
16 out of 200
1.0734584791715756
1.090256848720589
17 out of 200
1.0730749684710836
1.0880889880536782
18 out of 200
1.0723455179569332
1.0890119123940516
19 out of 200
1.0715921906537789
1.0881038133544152
20 out of 200
1.0712579765985177
1.0879515818875245
21 out of 200
1.0707685830981233
1.0868934621714583
22 out of 200
1.0701267414314801
1.0869022342893813
23 out of 200
1.0693729217662367
1.0873483190632829
24 out of 200
1.0689767915149069
1.086333373580316
25 out of 200
1.068179641213528
1.0859021827428028
26 out of 200
1.0675851200902184
1.0850835978382765
27 out of 200
1.066643992690153
1.085532718234592
28 out of 200
1.0656684165777162
1.0828388917325722
29 out of 200
1.0643077611923217
1.0816451588062326
30 out of 200
1.0628648087035777
1.0812778545148445
31 out of 200
1.0616470530975697
1.0800118036944457
32 out of 200
1.060392040984575
1.0791094062304256
33 out of 200
1.0592668671940648
1.0785984824402164
34 out of 200
1.0584081261657006
1.0777653407568883
35 out of 200
1.0575473031332328
1.0771370548190493
36 out of 200
1.0570726156234742
1.0765665047096484
37 out of 200
1.0559542994166529
1.0759705256934118
38 out of 200
1.055392504847327
1.0756565669570306
39 out of 200
1.0547812883244005
1.0752238480731695
40 out of 200
1.0539465161257011
1.074006857294025
41 out of 200
1.0534091666687366
1.0736508297197747
42 out of 200
1.0528737467388773
1.0734035655705616
43 out of 200
1.0523082417111065
1.0721636817912863
44 out of 200
1.0517199205797771
1.0718962568225283
45 out of 200
1.051047932824423
1.0724598650980477
46 out of 200
1.0510838408802832
1.0717135306560632
47 out of 200
1.0502723250278208
1.0710355308320787
48 out of 200
1.050244986179263
1.069040886079422
49 out of 200
1.049540883441304
1.0700340945311266
50 out of 200
1.0486794909765553
1.0701655330079975
51 out of 200
1.0489741136861401
1.06976828671465
52 out of 200
1.0486232430435891
1.069393318108838
53 out of 200
1.0482526712639386
1.068468609241524
54 out of 200
1.0474006780358247
1.0688749359111593
55 out of 200
1.0472942163777905
1.0679028804856117
56 out of 200
1.046638283618661
1.0677211742208461
57 out of 200
1.046080273251201
1.0674333680759778
58 out of 200
1.0459204623865528
1.066700234557643
59 out of 200
1.0456409265828688
1.0659490402298744
60 out of 200
1.0455308160116505
1.0656963598848594
61 out of 200
1.0445516974426978
1.0654060551614473
62 out of 200
1.0446056959240935
1.065105975276292
63 out of 200
1.0443406554155572
1.0660261168624416
64 out of 200
1.04394602553789
1.0659074602705059
65 out of 200
1.0436122794483984
1.0650082645994243
66 out of 200
1.043172524141711
1.0655008205259688
67 out of 200
1.0431232585463412
1.0643678783166288
68 out of 200
1.0423425796420076
1.0645690397782759
69 out of 200
1.0424405364103095
1.0636605831107708
70 out of 200
1.042327503825343
1.0636024800213901
71 out of 200
1.0417797770611075
1.0650970032720855
72 out of 200
1.0416850455971651
1.0644082613665649
73 out of 200
1.040859476910081
1.0649751846236413
74 out of 200
1.041039927061214
1.0630729559696082
75 out of 200
1.040588381678559
1.064075327882863
76 out of 200
1.0400314818981082
1.063482681910197
77 out of 200
1.0401761864506922
1.0632784450897064
78 out of 200
1.0400610485742259
1.0632236401240032
79 out of 200
1.039687157231708
1.063446814363653
80 out of 200
1.039357932778292
1.0622633996635977
81 out of 200
1.039055388472801
1.0639087756474812
82 out of 200
1.0391684393550074
1.0625308149992818
83 out of 200
1.0386315933493682
1.063954922888014
84 out of 200
1.0388270466826683
1.06341793681636
85 out of 200
1.0384017722551213
1.0658877124690047
86 out of 200
1.0381938562836759
1.0659206780520352
87 out of 200
1.037734054964642
1.06242299922789
88 out of 200
1.037367788026499
1.0629319349924724
89 out of 200
1.037171235749888
1.062691817379961
90 out of 200
1.037108367265657
1.0616934347634364
91 out of 200
1.037134699488795
1.0630220234996142
92 out of 200
1.0366959172625874
1.063847668243177
93 out of 200
1.0366737559784291
1.0616501738326718
94 out of 200
1.0363126860108487
1.0628067483805648
95 out of 200
1.0364658222642056
1.0622522626260313
96 out of 200
1.0363517134688622
1.0611249714186697
97 out of 200
1.0358536908792895
1.0616752956852769
98 out of 200
1.0355175151381382
1.0622862517231642
99 out of 200
1.0355209716530733
1.0614217856917718
100 out of 200
1.035206949988077
1.0629387949452256
101 out of 200
1.0354633536449698
1.0620707237359248
102 out of 200
1.0345562541207602
1.0622252261999883
103 out of 200
1.0346541027690088
1.0610483860728717
104 out of 200
1.034323168909827
1.0625789153455483
105 out of 200
1.034451292836389
1.0613626783544368
106 out of 200
1.0342126824135005
1.0636130306455824
107 out of 200
1.0338092066520868
1.061660844870288
108 out of 200
1.0339250952698464
1.0620081533085217
109 out of 200
1.033432084737822
1.0607692785937377
110 out of 200
1.0333648520846699
1.0624571484748764
111 out of 200
1.0334932604501414
1.0645416011713973
112 out of 200
1.0333364636399025
1.062177031931251
113 out of 200
1.033127256881359
1.0622279114193387
114 out of 200
1.0323543041251426
1.062775397541547
115 out of 200
1.0324354338091473
1.0615669464824176
116 out of 200
1.0323342057161553
1.0626242907360346
117 out of 200
1.0328573692676633
1.062100599510501
118 out of 200
1.0322287770204766
1.0610694066442625
119 out of 200
1.0322145744811657
1.0612371148485127
120 out of 200
1.0319333969160567
1.060284445984195
121 out of 200
1.0312046666478
1.062701596154107
122 out of 200
1.0317969244579936
1.0607872466848354
123 out of 200
1.0312923780707426
1.060278260346615
124 out of 200
1.0312736921532208
1.0609337115528608
125 out of 200
1.0309087315271066
1.0624350791025643
126 out of 200
1.0312075836713923
1.0611666031558105
127 out of 200
1.0309799527013024
1.061178379588657
128 out of 200
1.031041543428288
1.062343463753209
129 out of 200
1.0310999920201855
1.0620300950426045
130 out of 200
1.0306771500166072
1.0596892376138707
131 out of 200
1.03032346215359
1.059184689714451
132 out of 200
1.0300979608713194
1.0617207806519788
133 out of 200
1.0301212100095527
1.0617280716847892
134 out of 200
1.0299816458724267
1.061822078444741
135 out of 200
1.0296637260636619
1.0618160686107596
136 out of 200
1.0297589368598405
1.0598670761994642
137 out of 200
1.0295724502829617
1.061332430502381
138 out of 200
1.0296124513759168
1.060168450528925
139 out of 200
1.029474310542262
1.0613071328461772
140 out of 200
1.0294897800268128
1.0611668560240004
141 out of 200
1.029065289608268
1.0619072191642993
142 out of 200
1.029165857337242
1.0604719092147519
143 out of 200
1.0290494763573934
1.060229044972044
144 out of 200
1.0290213956389316
1.0616077377338602
145 out of 200
1.0287207043448159
1.062591755028927
146 out of 200
1.0290655923444172
1.0623187549186475
147 out of 200
1.0282955474631732
1.0603553478163903
148 out of 200
1.028164011378621
1.0619443426228532
149 out of 200
1.0284059313840643
1.0617474353674687
150 out of 200
1.0282267010489174
1.0598173611091846
151 out of 200
1.0278148529141449
1.060877333987843
152 out of 200
1.0283285213071247
1.0614124861630527
153 out of 200
1.0280907669732737
1.0622006149003
154 out of 200
1.0281541735626931
1.0610534891937717
155 out of 200
1.0275270284608353
1.0614315777113943
156 out of 200
1.027504813948343
1.0621664162838098
157 out of 200
1.0274120718933815
1.0603897704018488
158 out of 200
1.0278156707453174
1.0588157273302174
159 out of 200
1.027298337359761
1.0598513453897804
160 out of 200
1.0270646161811297
1.0614476516993359
161 out of 200
1.0273854044980781
1.0619722737206354
162 out of 200
1.0275343268416648
1.0606570520786325
163 out of 200
1.0269991469937703
1.0610268669899063
164 out of 200
1.027130755158358
1.060035025230562
165 out of 200
1.0273097576097001
1.0625322166115347
166 out of 200
1.026659416597943
1.0615549340392605
167 out of 200
1.027028509627941
1.0626080373320916
168 out of 200
1.0264811635017395
1.0601782112410574
169 out of 200
1.0268562200457552
1.0611353197483102
170 out of 200
1.0262736281683278
1.0623545682791509
171 out of 200
1.0266782533290775
1.0610097273431642
172 out of 200
1.0266563653945924
1.0600849040830977
173 out of 200
1.026541292390158
1.0611934384914359
174 out of 200
1.0260154737982639
1.0605780897718486
175 out of 200
1.0260314775067707
1.0621226062678328
176 out of 200
1.0255650498146234
1.0603457171507555
177 out of 200
1.0259450651878534
1.0617533296045631
178 out of 200
1.0257838088412619
1.0611344876915518
179 out of 200
1.0262158554653789
1.0616060531500615
180 out of 200
1.0256252410799958
1.0602543149331602
181 out of 200
1.0255676280620487
1.0617056567259509
182 out of 200
1.0261269940886386
1.0607923738884204
183 out of 200
1.0258803905442704
1.0611931169875946
184 out of 200
1.025298025441724
1.0629550037962017
185 out of 200
1.0254436304402905
1.060646172725793
186 out of 200
1.0252351317294808
1.0600013781075526
187 out of 200
1.024941820322081
1.061486916108565
188 out of 200
1.0251930663752002
1.0600460635291205
189 out of 200
1.0249700063882872
1.0607887398112903
190 out of 200
1.0245908005293025
1.0618528055422234
191 out of 200
1.0253996971041657
1.0609464693551112
192 out of 200
1.0248464456824369
1.0612445961345325
193 out of 200
1.0248070999633434
1.059855544205868
194 out of 200
1.0246566628300866
1.060944944921166
195 out of 200
1.0247902565224225
1.0592352200036097
196 out of 200
1.0242449034092038
1.059183748081477
197 out of 200
1.0242938939915147
1.063661014190828
198 out of 200
1.0247281556905703
1.0616789658864338
199 out of 200
1.0244446510492369
1.0614480201644128
200 out of 200
1.0238425936809805
1.0622136352038143
trained model
saved model
   Precision    Recall  F1 score
0   0.966773  0.195878  0.325755
1   0.102799  0.538587  0.172646
2   0.098765  0.561897  0.168001

------------------------------------------------------------
Sender: LSF System <lsfadmin@n-62-11-15>
Subject: Job 9166997: <My_Test_HPC> in cluster <dcc> Done

Job <My_Test_HPC> was submitted from host <gbarlogin2> by user <s164248> in cluster <dcc> at Fri Jan 22 00:18:27 2021
Job was executed on host(s) <n-62-11-15>, in queue <gpuv100>, as user <s164248> in cluster <dcc> at Fri Jan 22 01:15:45 2021
</zhome/88/7/117159> was used as the home directory.
</zhome/88/7/117159/Desktop/BCI_MI_Classification> was used as the working directory.
Started at Fri Jan 22 01:15:45 2021
Terminated at Fri Jan 22 08:20:40 2021
Results reported at Fri Jan 22 08:20:40 2021

Your job looked like:

------------------------------------------------------------
# LSBATCH: User input
#!/bin/sh
#BSUB -q gpuv100
#BSUB -gpu "num=1"
#BSUB -J My_Test
### number of core
#BSUB -n 1 
### specify that all cores should be on the same host
#BSUB -R "span[hosts=1]"
#BSUB -J My_Test_HPC
### specify the memory needed
#BSUB -R "rusage[mem=32GB]"
#BSUB -R "select[gpu32gb]"
### Number of hours needed
#BSUB -W 23:59
### added outputs and errors to files
#BSUB -o outputs/Output_%J.out
#BSUB -e outputs/Error_%J.err

echo "Runnin script..."

python3 main.py 

------------------------------------------------------------

Successfully completed.

Resource usage summary:

    CPU time :                                   18885.71 sec.
    Max Memory :                                 5024 MB
    Average Memory :                             4989.92 MB
    Total Requested Memory :                     32768.00 MB
    Delta Memory :                               27744.00 MB
    Max Swap :                                   -
    Max Processes :                              4
    Max Threads :                                9
    Run time :                                   25604 sec.
    Turnaround time :                            28933 sec.

The output (if any) is above this job summary.



PS:

Read file <outputs/Error_9166997.err> for stderr output of this job.

