Runnin script...
1 out of 50
0.10581732541322708
1.0723650455474854
2 out of 50
0.10459361970424652
1.072121024131775
3 out of 50
0.10405997931957245
1.0705543756484985
4 out of 50
0.10406208783388138
1.061961054801941
5 out of 50
0.10383528470993042
1.0649139881134033
6 out of 50
0.10356264561414719
1.0644739866256714
7 out of 50
0.10360361635684967
1.062637209892273
8 out of 50
0.10359596461057663
1.0608705282211304
9 out of 50
0.10333751142024994
1.0608806610107422
10 out of 50
0.10367240756750107
1.0610406398773193
11 out of 50
0.10342605412006378
1.0639655590057373
12 out of 50
0.10322924703359604
1.0609933137893677
13 out of 50
0.10335290431976318
1.0602198839187622
14 out of 50
0.10329940170049667
1.0594978332519531
15 out of 50
0.10344244539737701
1.0619409084320068
16 out of 50
0.10325946658849716
1.0601699352264404
17 out of 50
0.10353017598390579
1.0598251819610596
18 out of 50
0.10309723019599915
1.0640071630477905
19 out of 50
0.10333368927240372
1.0600351095199585
20 out of 50
0.10340245068073273
1.060573697090149
21 out of 50
0.1030411347746849
1.060991644859314
22 out of 50
0.10326503962278366
1.0612305402755737
23 out of 50
0.10322888195514679
1.0594100952148438
24 out of 50
0.10330993682146072
1.0613962411880493
25 out of 50
0.10316969454288483
1.0629216432571411
26 out of 50
0.1032615453004837
1.065956711769104
27 out of 50
0.10327962785959244
1.0612057447433472
28 out of 50
0.10315527021884918
1.0602673292160034
29 out of 50
0.10326787084341049
1.0606969594955444
30 out of 50
0.10330873727798462
1.0598537921905518
31 out of 50
0.10319129377603531
1.0616554021835327
32 out of 50
0.10321659594774246
1.0604461431503296
33 out of 50
0.10348635911941528
1.0604528188705444
34 out of 50
0.10332268476486206
1.0604993104934692
35 out of 50
0.10345585644245148
1.059737205505371
36 out of 50
0.10305382311344147
1.06022047996521
37 out of 50
0.10331838577985764
1.0619832277297974
38 out of 50
0.10325933992862701
1.060440182685852
39 out of 50
0.10331166535615921
1.0601913928985596
40 out of 50
0.10324553400278091
1.059893012046814
41 out of 50
0.10347618907690048
1.061430811882019
42 out of 50
0.10335467010736465
1.0619701147079468
43 out of 50
0.10329161584377289
1.062010407447815
44 out of 50
0.1032245010137558
1.061747431755066
45 out of 50
0.10314172506332397
1.0622694492340088
46 out of 50
0.10341660678386688
1.0600556135177612
47 out of 50
0.10304519534111023
1.0606318712234497
48 out of 50
0.10325358808040619
1.060793399810791
49 out of 50
0.10313636809587479
1.0611214637756348
50 out of 50
0.10300824791193008
1.0625791549682617

------------------------------------------------------------
Sender: LSF System <lsfadmin@n-62-20-11>
Subject: Job 9095506: <My_Test_HPC> in cluster <dcc> Done

Job <My_Test_HPC> was submitted from host <gbarlogin2> by user <s164272> in cluster <dcc> at Thu Jan 14 11:34:08 2021
Job was executed on host(s) <n-62-20-11>, in queue <gpuv100>, as user <s164272> in cluster <dcc> at Thu Jan 14 11:34:10 2021
</zhome/08/3/117881> was used as the home directory.
</zhome/08/3/117881/BCI_Project/BCI_MI_Classification> was used as the working directory.
Started at Thu Jan 14 11:34:10 2021
Terminated at Thu Jan 14 12:27:55 2021
Results reported at Thu Jan 14 12:27:55 2021

Your job looked like:

------------------------------------------------------------
# LSBATCH: User input
#!/bin/sh
#BSUB -q gpuv100
#BSUB -gpu "num=1"
#BSUB -J My_Test
### number of core
#BSUB -n 1 
### specify that all cores should be on the same host
#BSUB -R "span[hosts=1]"
#BSUB -J My_Test_HPC
### specify the memory needed
#BSUB -R "rusage[mem=32GB]"
#BSUB -R "select[gpu32gb]"
### Number of hours needed
#BSUB -W 23:59
### added outputs and errors to files
#BSUB -o outputs/Output_%J.out
#BSUB -e outputs/Error_%J.err

echo "Runnin script..."

python3 main.py 

------------------------------------------------------------

Successfully completed.

Resource usage summary:

    CPU time :                                   1769.27 sec.
    Max Memory :                                 2798 MB
    Average Memory :                             2411.42 MB
    Total Requested Memory :                     32768.00 MB
    Delta Memory :                               29970.00 MB
    Max Swap :                                   -
    Max Processes :                              4
    Max Threads :                                9
    Run time :                                   3293 sec.
    Turnaround time :                            3227 sec.

The output (if any) is above this job summary.



PS:

Read file <outputs/Error_9095506.err> for stderr output of this job.

