Runnin script...
loaded data
created datasets
created dataloaders
initialized model
Training first epoch
1 out of 50
1.1271317609520846
1.0910052219215705
2 out of 50
1.0498379973478096
1.0241791800576814
3 out of 50
0.9773563798083815
0.9503955257182218
4 out of 50
0.9257173718408097
0.9066371266939202
5 out of 50
0.8801111770230671
0.8580525876307974
6 out of 50
0.8412172664043516
0.8112304636410305
7 out of 50
0.8049633350483206
0.7669540893058387

------------------------------------------------------------
Sender: LSF System <lsfadmin@n-62-20-15>
Subject: Job 9160706: <My_Test_HPC> in cluster <dcc> Exited

Job <My_Test_HPC> was submitted from host <gbarlogin2> by user <s164248> in cluster <dcc> at Thu Jan 21 00:19:16 2021
Job was executed on host(s) <n-62-20-15>, in queue <gpuv100>, as user <s164248> in cluster <dcc> at Thu Jan 21 00:19:17 2021
</zhome/88/7/117159> was used as the home directory.
</zhome/88/7/117159/Desktop/BCI_MI_Classification> was used as the working directory.
Started at Thu Jan 21 00:19:17 2021
Terminated at Thu Jan 21 00:41:44 2021
Results reported at Thu Jan 21 00:41:44 2021

Your job looked like:

------------------------------------------------------------
# LSBATCH: User input
#!/bin/sh
#BSUB -q gpuv100
#BSUB -gpu "num=1"
#BSUB -J My_Test
### number of core
#BSUB -n 1 
### specify that all cores should be on the same host
#BSUB -R "span[hosts=1]"
#BSUB -J My_Test_HPC
### specify the memory needed
#BSUB -R "rusage[mem=32GB]"
#BSUB -R "select[gpu32gb]"
### Number of hours needed
#BSUB -W 23:59
### added outputs and errors to files
#BSUB -o outputs/Output_%J.out
#BSUB -e outputs/Error_%J.err

echo "Runnin script..."

python3 main.py 

------------------------------------------------------------

Exited with exit code 1.

Resource usage summary:

    CPU time :                                   1117.94 sec.
    Max Memory :                                 5061 MB
    Average Memory :                             3830.75 MB
    Total Requested Memory :                     32768.00 MB
    Delta Memory :                               27707.00 MB
    Max Swap :                                   -
    Max Processes :                              4
    Max Threads :                                9
    Run time :                                   1438 sec.
    Turnaround time :                            1348 sec.

The output (if any) is above this job summary.



PS:

Read file <outputs/Error_9160706.err> for stderr output of this job.

