
------------------------------------------------------------
Sender: LSF System <lsfadmin@n-62-20-12>
Subject: Job 9157964: <My_Test_HPC> in cluster <dcc> Exited

Job <My_Test_HPC> was submitted from host <gbarlogin2> by user <s164272> in cluster <dcc> at Wed Jan 20 14:30:07 2021
Job was executed on host(s) <n-62-20-12>, in queue <gpuv100>, as user <s164272> in cluster <dcc> at Wed Jan 20 14:30:09 2021
</zhome/08/3/117881> was used as the home directory.
</zhome/08/3/117881/BCI_Project/BCI_MI_Classification> was used as the working directory.
Started at Wed Jan 20 14:30:09 2021
Terminated at Wed Jan 20 15:35:26 2021
Results reported at Wed Jan 20 15:35:26 2021

Your job looked like:

------------------------------------------------------------
# LSBATCH: User input
#!/bin/sh
#BSUB -q gpuv100
#BSUB -gpu "num=1"
#BSUB -J My_Test
### number of core
#BSUB -n 1 
### specify that all cores should be on the same host
#BSUB -R "span[hosts=1]"
#BSUB -J My_Test_HPC
### specify the memory needed
#BSUB -R "rusage[mem=32GB]"
#BSUB -R "select[gpu32gb]"
### Number of hours needed
#BSUB -W 23:59
### added outputs and errors to files
#BSUB -o outputs/Output_%J.out
#BSUB -e outputs/Error_%J.err

echo "Runnin script..."

python3 main.py 

------------------------------------------------------------

Exited with exit code 120.

Resource usage summary:

    CPU time :                                   3270.82 sec.
    Max Memory :                                 7645 MB
    Average Memory :                             7361.24 MB
    Total Requested Memory :                     32768.00 MB
    Delta Memory :                               25123.00 MB
    Max Swap :                                   2 MB
    Max Processes :                              4
    Max Threads :                                9
    Run time :                                   4024 sec.
    Turnaround time :                            3919 sec.

The output (if any) is above this job summary.



PS:

Read file <outputs/Error_9157964.err> for stderr output of this job.

