Runnin script...
1 out of 300
1.0728691816329956
1.0759053230285645
2 out of 300
1.0670650005340576
1.0737197399139404
3 out of 300
1.0652587413787842
1.0735772848129272
4 out of 300
1.0642246007919312
1.0741947889328003
5 out of 300
1.0635734796524048
1.073548436164856
6 out of 300
1.0630850791931152
1.07327139377594
7 out of 300
1.0627070665359497
1.073279619216919
8 out of 300
1.062483549118042
1.0728479623794556
9 out of 300
1.0624396800994873
1.072952151298523
10 out of 300
1.0625452995300293
1.074442982673645
11 out of 300
1.0628225803375244
1.0730066299438477
12 out of 300
1.0633264780044556
1.073817491531372
13 out of 300
1.0639005899429321
1.073469638824463
14 out of 300
1.0645115375518799
1.0738492012023926
15 out of 300
1.0649282932281494
1.0742101669311523
16 out of 300
1.065277099609375
1.0741230249404907
17 out of 300
1.0654186010360718
1.0738422870635986
18 out of 300
1.065545916557312
1.0748510360717773
19 out of 300
1.0656299591064453
1.0735126733779907
20 out of 300
1.0656590461730957
1.0729440450668335
21 out of 300
1.0656466484069824
1.074030876159668
22 out of 300
1.06573486328125
1.074494481086731
23 out of 300
1.065674901008606
1.0738507509231567
24 out of 300
1.0656615495681763
1.0738579034805298
25 out of 300
1.0656086206436157
1.074049949645996
26 out of 300
1.0655709505081177
1.0736113786697388
27 out of 300
1.065537691116333
1.0738195180892944
28 out of 300
1.065549612045288
1.073333501815796
29 out of 300
1.0655285120010376
1.0740102529525757
30 out of 300
1.065478801727295
1.0743240118026733
31 out of 300
1.065415382385254
1.0739712715148926
32 out of 300
1.0653674602508545
1.0736854076385498
33 out of 300
1.0652766227722168
1.0734241008758545
34 out of 300
1.0652787685394287
1.0737693309783936
35 out of 300
1.0652966499328613
1.073809266090393
36 out of 300
1.0651843547821045
1.0733282566070557
37 out of 300
1.065181016921997
1.0741102695465088
38 out of 300
1.065111756324768
1.074237585067749
39 out of 300
1.065092921257019
1.0743176937103271
40 out of 300
1.0650516748428345
1.0738682746887207
41 out of 300
1.065064787864685
1.0744699239730835
42 out of 300
1.064980387687683
1.0744361877441406
43 out of 300
1.0650218725204468
1.0739885568618774
44 out of 300
1.0650302171707153
1.073599934577942
45 out of 300
1.0649514198303223
1.0734361410140991
46 out of 300
1.0649703741073608
1.0742253065109253
47 out of 300
1.064948558807373
1.0740649700164795
48 out of 300
1.0649884939193726
1.0734981298446655
49 out of 300
1.0649014711380005
1.0737820863723755
50 out of 300
1.0649141073226929
1.0745775699615479
51 out of 300
1.064924716949463
1.0735923051834106
52 out of 300
1.0648975372314453
1.0739364624023438
53 out of 300
1.064900279045105
1.0736746788024902
54 out of 300
1.0649322271347046
1.0742559432983398
55 out of 300
1.064818263053894
1.0735925436019897
56 out of 300
1.064861536026001
1.0746450424194336
57 out of 300
1.0648478269577026
1.0735559463500977
58 out of 300
1.0648231506347656
1.0733940601348877
59 out of 300
1.0648558139801025
1.0744353532791138
60 out of 300
1.0648874044418335
1.0735851526260376
61 out of 300
1.064827799797058
1.0741013288497925
62 out of 300
1.0648401975631714
1.0751368999481201
63 out of 300
1.0648502111434937
1.073949933052063
64 out of 300
1.0648252964019775
1.073435664176941
65 out of 300
1.064866542816162
1.0740586519241333
66 out of 300
1.0648753643035889
1.0738680362701416
67 out of 300
1.064883828163147
1.0744812488555908
68 out of 300
1.0648168325424194
1.0746147632598877
69 out of 300
1.0648353099822998
1.0733983516693115

------------------------------------------------------------
Sender: LSF System <lsfadmin@n-62-20-11>
Subject: Job 9102864: <My_Test_HPC> in cluster <dcc> Exited

Job <My_Test_HPC> was submitted from host <gbarlogin2> by user <s164272> in cluster <dcc> at Fri Jan 15 09:26:43 2021
Job was executed on host(s) <n-62-20-11>, in queue <gpuv100>, as user <s164272> in cluster <dcc> at Fri Jan 15 09:26:43 2021
</zhome/08/3/117881> was used as the home directory.
</zhome/08/3/117881/BCI_Project/BCI_MI_Classification> was used as the working directory.
Started at Fri Jan 15 09:26:43 2021
Terminated at Fri Jan 15 16:13:23 2021
Results reported at Fri Jan 15 16:13:23 2021

Your job looked like:

------------------------------------------------------------
# LSBATCH: User input
#!/bin/sh
#BSUB -q gpuv100
#BSUB -gpu "num=1"
#BSUB -J My_Test
### number of core
#BSUB -n 1 
### specify that all cores should be on the same host
#BSUB -R "span[hosts=1]"
#BSUB -J My_Test_HPC
### specify the memory needed
#BSUB -R "rusage[mem=32GB]"
#BSUB -R "select[gpu32gb]"
### Number of hours needed
#BSUB -W 23:59
### added outputs and errors to files
#BSUB -o outputs/Output_%J.out
#BSUB -e outputs/Error_%J.err

echo "Runnin script..."

python3 main.py 

------------------------------------------------------------

TERM_OWNER: job killed by owner.
Exited with exit code 1.

Resource usage summary:

    CPU time :                                   8723.04 sec.
    Max Memory :                                 2819 MB
    Average Memory :                             2811.17 MB
    Total Requested Memory :                     32768.00 MB
    Delta Memory :                               29949.00 MB
    Max Swap :                                   -
    Max Processes :                              4
    Max Threads :                                9
    Run time :                                   24503 sec.
    Turnaround time :                            24400 sec.

The output (if any) is above this job summary.



PS:

Read file <outputs/Error_9102864.err> for stderr output of this job.

