Runnin script...
loaded data
created datasets
created dataloaders
initialized model
Training first epoch
1 out of 5
1.073132603636412
1.0581982918996322
2 out of 5
1.0698771871138957
1.0572977399241952
3 out of 5
1.0692903593321827
1.0582727037187674
4 out of 5
1.0698359897760588
1.058560272102101
5 out of 5
1.0713483959714942
1.060997874142067
trained model
saved model

------------------------------------------------------------
Sender: LSF System <lsfadmin@n-62-20-15>
Subject: Job 9137904: <My_Test_HPC> in cluster <dcc> Done

Job <My_Test_HPC> was submitted from host <gbarlogin2> by user <s164272> in cluster <dcc> at Mon Jan 18 23:31:39 2021
Job was executed on host(s) <n-62-20-15>, in queue <gpuv100>, as user <s164272> in cluster <dcc> at Mon Jan 18 23:31:40 2021
</zhome/08/3/117881> was used as the home directory.
</zhome/08/3/117881/BCI_Project/BCI_MI_Classification> was used as the working directory.
Started at Mon Jan 18 23:31:40 2021
Terminated at Tue Jan 19 03:14:40 2021
Results reported at Tue Jan 19 03:14:40 2021

Your job looked like:

------------------------------------------------------------
# LSBATCH: User input
#!/bin/sh
#BSUB -q gpuv100
#BSUB -gpu "num=1"
#BSUB -J My_Test
### number of core
#BSUB -n 1 
### specify that all cores should be on the same host
#BSUB -R "span[hosts=1]"
#BSUB -J My_Test_HPC
### specify the memory needed
#BSUB -R "rusage[mem=32GB]"
### Number of hours needed
#BSUB -W 23:59
### added outputs and errors to files
#BSUB -o outputs/Output_%J.out
#BSUB -e outputs/Error_%J.err

echo "Runnin script..."

python3 main.py 

------------------------------------------------------------

Successfully completed.

Resource usage summary:

    CPU time :                                   12206.47 sec.
    Max Memory :                                 10192 MB
    Average Memory :                             9509.47 MB
    Total Requested Memory :                     32768.00 MB
    Delta Memory :                               22576.00 MB
    Max Swap :                                   -
    Max Processes :                              4
    Max Threads :                                9
    Run time :                                   13412 sec.
    Turnaround time :                            13381 sec.

The output (if any) is above this job summary.



PS:

Read file <outputs/Error_9137904.err> for stderr output of this job.

