Runnin script...
loaded data
created datasets
created dataloaders
initialized model
Training first epoch
1 out of 10
1.1770120362440746
1.1104092299938202
2 out of 10
1.1724575112263362
1.1060292919476826
3 out of 10
1.1687683016061783
1.0946091910203297
4 out of 10
1.1641849080721538
1.092045436302821
5 out of 10
1.1602316598097484
1.0912379672129948
6 out of 10
1.1560745686292648
1.089355856180191
7 out of 10
1.1517251878976822
1.0890704492727916
8 out of 10
1.1474598546822865
1.088456814487775
9 out of 10
1.143377348780632
1.088569809993108
10 out of 10
1.138662651181221
1.088239535689354
trained model
saved model
   Precision    Recall  F1 score
0   0.879195  0.143347  0.246503
1   0.000000  0.000000  0.000000
2   0.076564  0.872938  0.140780

------------------------------------------------------------
Sender: LSF System <lsfadmin@n-62-20-12>
Subject: Job 9157571: <My_Test_HPC> in cluster <dcc> Done

Job <My_Test_HPC> was submitted from host <gbarlogin2> by user <s164248> in cluster <dcc> at Wed Jan 20 13:25:06 2021
Job was executed on host(s) <n-62-20-12>, in queue <gpuv100>, as user <s164248> in cluster <dcc> at Wed Jan 20 13:25:07 2021
</zhome/88/7/117159> was used as the home directory.
</zhome/88/7/117159/Desktop/BCI_MI_Classification> was used as the working directory.
Started at Wed Jan 20 13:25:07 2021
Terminated at Wed Jan 20 13:28:53 2021
Results reported at Wed Jan 20 13:28:53 2021

Your job looked like:

------------------------------------------------------------
# LSBATCH: User input
#!/bin/sh
#BSUB -q gpuv100
#BSUB -gpu "num=1"
#BSUB -J My_Test
### number of core
#BSUB -n 1 
### specify that all cores should be on the same host
#BSUB -R "span[hosts=1]"
#BSUB -J My_Test_HPC
### specify the memory needed
#BSUB -R "rusage[mem=32GB]"
#BSUB -R "select[gpu32gb]"
### Number of hours needed
#BSUB -W 23:59
### added outputs and errors to files
#BSUB -o outputs/Output_%J.out
#BSUB -e outputs/Error_%J.err

echo "Runnin script..."

python3 main.py 

------------------------------------------------------------

Successfully completed.

Resource usage summary:

    CPU time :                                   174.23 sec.
    Max Memory :                                 3037 MB
    Average Memory :                             2257.25 MB
    Total Requested Memory :                     32768.00 MB
    Delta Memory :                               29731.00 MB
    Max Swap :                                   -
    Max Processes :                              4
    Max Threads :                                9
    Run time :                                   255 sec.
    Turnaround time :                            227 sec.

The output (if any) is above this job summary.



PS:

Read file <outputs/Error_9157571.err> for stderr output of this job.

