Runnin script...
loaded data
created datasets
created dataloaders
initialized model
Training first epoch
1 out of 5
1.0672005596952947
1.0716384744045624
2 out of 5
1.064236899150202
1.0687782611058845
3 out of 5
1.0625334693672448
1.069171338899365
4 out of 5
1.0630307589593668
1.069234070294073
5 out of 5
1.064298313166508
1.0705218741584523
trained model
saved model

------------------------------------------------------------
Sender: LSF System <lsfadmin@n-62-20-15>
Subject: Job 9137906: <My_Test_HPC> in cluster <dcc> Done

Job <My_Test_HPC> was submitted from host <gbarlogin2> by user <s164272> in cluster <dcc> at Mon Jan 18 23:32:16 2021
Job was executed on host(s) <n-62-20-15>, in queue <gpuv100>, as user <s164272> in cluster <dcc> at Mon Jan 18 23:32:17 2021
</zhome/08/3/117881> was used as the home directory.
</zhome/08/3/117881/BCI_Project/BCI_MI_Classification> was used as the working directory.
Started at Mon Jan 18 23:32:17 2021
Terminated at Tue Jan 19 04:08:30 2021
Results reported at Tue Jan 19 04:08:30 2021

Your job looked like:

------------------------------------------------------------
# LSBATCH: User input
#!/bin/sh
#BSUB -q gpuv100
#BSUB -gpu "num=1"
#BSUB -J My_Test
### number of core
#BSUB -n 1 
### specify that all cores should be on the same host
#BSUB -R "span[hosts=1]"
#BSUB -J My_Test_HPC
### specify the memory needed
#BSUB -R "rusage[mem=32GB]"
### Number of hours needed
#BSUB -W 23:59
### added outputs and errors to files
#BSUB -o outputs/Output_%J.out
#BSUB -e outputs/Error_%J.err

echo "Runnin script..."

python3 main.py 

------------------------------------------------------------

Successfully completed.

Resource usage summary:

    CPU time :                                   15585.50 sec.
    Max Memory :                                 16848 MB
    Average Memory :                             15692.63 MB
    Total Requested Memory :                     32768.00 MB
    Delta Memory :                               15920.00 MB
    Max Swap :                                   -
    Max Processes :                              4
    Max Threads :                                9
    Run time :                                   16596 sec.
    Turnaround time :                            16574 sec.

The output (if any) is above this job summary.



PS:

Read file <outputs/Error_9137906.err> for stderr output of this job.

