Runnin script...
1 out of 50
0.9981992840766907
1.1326751708984375
2 out of 50
0.8854411244392395
1.1689354181289673
3 out of 50
0.8806447982788086
1.1939733028411865
4 out of 50
0.8851709365844727
1.2077066898345947
5 out of 50
0.8870526552200317
1.2115614414215088
6 out of 50
0.8794980049133301
1.204484224319458
7 out of 50
0.881381630897522
1.1913564205169678
8 out of 50
0.8821866512298584
1.1796483993530273
9 out of 50
0.8828720450401306
1.1717875003814697
10 out of 50
0.875249445438385
1.1627275943756104
11 out of 50
0.8814343214035034
1.1557440757751465
12 out of 50
0.8813397884368896
1.1494510173797607
13 out of 50
0.8810746669769287
1.1432429552078247
14 out of 50
0.8845151662826538
1.1407642364501953
15 out of 50
0.8821589946746826
1.1379601955413818
16 out of 50
0.8806602954864502
1.135932445526123
17 out of 50
0.8807369470596313
1.1354315280914307
18 out of 50
0.8842253684997559
1.1347510814666748
19 out of 50
0.8876346349716187
1.1389787197113037
20 out of 50
0.8815441131591797
1.146477222442627
21 out of 50
0.8795214295387268
1.1522626876831055
22 out of 50
0.8775252103805542
1.1577991247177124
23 out of 50
0.8800148963928223
1.1641931533813477
24 out of 50
0.8808078765869141
1.1739698648452759
25 out of 50
0.8847886323928833
1.1819772720336914
26 out of 50
0.8862563371658325
1.1901323795318604
27 out of 50
0.8853883743286133
1.1991746425628662
28 out of 50
0.8833135366439819
1.206636905670166
29 out of 50
0.8890531063079834
1.2174808979034424
30 out of 50
0.883636474609375
1.223378300666809
31 out of 50
0.8858170509338379
1.2352293729782104
32 out of 50
0.8829983472824097
1.2368230819702148
33 out of 50
0.8813842535018921
1.2447888851165771
34 out of 50
0.8846534490585327
1.2483412027359009
35 out of 50
0.8847650289535522
1.2571812868118286
36 out of 50
0.8847980499267578
1.2582106590270996
37 out of 50
0.886162519454956
1.2614820003509521
38 out of 50
0.8904412984848022
1.2690640687942505
39 out of 50
0.8862406015396118
1.273954153060913
40 out of 50
0.880576491355896
1.2733306884765625
41 out of 50
0.8817853927612305
1.2778315544128418
42 out of 50
0.8853884935379028
1.2819620370864868
43 out of 50
0.8828535079956055
1.2878646850585938
44 out of 50
0.8897643685340881
1.2849183082580566
45 out of 50
0.8780554533004761
1.2894372940063477
46 out of 50
0.8810429573059082
1.2935402393341064
47 out of 50
0.8793929219245911
1.292508840560913
48 out of 50
0.8800526261329651
1.295361042022705
49 out of 50
0.8871981501579285
1.3028240203857422
50 out of 50
0.8828260898590088
1.2978625297546387

------------------------------------------------------------
Sender: LSF System <lsfadmin@n-62-20-16>
Subject: Job 9089761: <My_Test_HPC> in cluster <dcc> Done

Job <My_Test_HPC> was submitted from host <gbarlogin2> by user <s164272> in cluster <dcc> at Wed Jan 13 23:41:47 2021
Job was executed on host(s) <n-62-20-16>, in queue <gpuv100>, as user <s164272> in cluster <dcc> at Wed Jan 13 23:41:47 2021
</zhome/08/3/117881> was used as the home directory.
</zhome/08/3/117881/BCI_Project/BCI_MI_Classification> was used as the working directory.
Started at Wed Jan 13 23:41:47 2021
Terminated at Wed Jan 13 23:43:04 2021
Results reported at Wed Jan 13 23:43:04 2021

Your job looked like:

------------------------------------------------------------
# LSBATCH: User input
#!/bin/sh
#BSUB -q gpuv100
#BSUB -gpu "num=1"
#BSUB -J My_Test
### number of core
#BSUB -n 1 
### specify that all cores should be on the same host
#BSUB -R "span[hosts=1]"
#BSUB -J My_Test_HPC
### specify the memory needed
#BSUB -R "rusage[mem=32GB]"
#BSUB -R "select[gpu32gb]"
### Number of hours needed
#BSUB -W 23:59
### added outputs and errors to files
#BSUB -o outputs/Output_%J.out
#BSUB -e outputs/Error_%J.err

echo "Runnin script..."

python3 main.py 

------------------------------------------------------------

Successfully completed.

Resource usage summary:

    CPU time :                                   57.89 sec.
    Max Memory :                                 1341 MB
    Average Memory :                             1341.00 MB
    Total Requested Memory :                     32768.00 MB
    Delta Memory :                               31427.00 MB
    Max Swap :                                   -
    Max Processes :                              4
    Max Threads :                                8
    Run time :                                   141 sec.
    Turnaround time :                            77 sec.

The output (if any) is above this job summary.



PS:

Read file <outputs/Error_9089761.err> for stderr output of this job.

