Runnin script...
loaded data
created datasets
created dataloaders
initialized model
Training first epoch
1 out of 10
1.0548112626489439
1.0892063128320795
2 out of 10
1.0139263065438293
1.0745949205599332
3 out of 10
0.9737046099688909
1.0481732669629549
4 out of 10
0.9347210491084617
1.0154490056790804
5 out of 10
0.8976430702427206
0.9792499667719791
6 out of 10
0.8629787626876134
0.943505260818883
7 out of 10
0.8314029601610959
0.906842745605268
8 out of 10
0.8029369888784679
0.8695897271758631
9 out of 10
0.7775734521482633
0.8352252389255322
10 out of 10
0.7551503118859034
0.7988052424631621
trained model
saved model
   Precision  Recall  F1 score
0   0.848107     1.0  0.917812
1   0.000000     0.0  0.000000
2   0.000000     0.0  0.000000

------------------------------------------------------------
Sender: LSF System <lsfadmin@n-62-20-15>
Subject: Job 9158348: <My_Test_HPC> in cluster <dcc> Done

Job <My_Test_HPC> was submitted from host <gbarlogin2> by user <s164248> in cluster <dcc> at Wed Jan 20 15:27:32 2021
Job was executed on host(s) <n-62-20-15>, in queue <gpuv100>, as user <s164248> in cluster <dcc> at Wed Jan 20 15:27:34 2021
</zhome/88/7/117159> was used as the home directory.
</zhome/88/7/117159/Desktop/BCI_MI_Classification> was used as the working directory.
Started at Wed Jan 20 15:27:34 2021
Terminated at Wed Jan 20 15:53:40 2021
Results reported at Wed Jan 20 15:53:40 2021

Your job looked like:

------------------------------------------------------------
# LSBATCH: User input
#!/bin/sh
#BSUB -q gpuv100
#BSUB -gpu "num=1"
#BSUB -J My_Test
### number of core
#BSUB -n 1 
### specify that all cores should be on the same host
#BSUB -R "span[hosts=1]"
#BSUB -J My_Test_HPC
### specify the memory needed
#BSUB -R "rusage[mem=32GB]"
#BSUB -R "select[gpu32gb]"
### Number of hours needed
#BSUB -W 23:59
### added outputs and errors to files
#BSUB -o outputs/Output_%J.out
#BSUB -e outputs/Error_%J.err

echo "Runnin script..."

python3 main.py 

------------------------------------------------------------

Successfully completed.

Resource usage summary:

    CPU time :                                   1285.21 sec.
    Max Memory :                                 5051 MB
    Average Memory :                             4706.08 MB
    Total Requested Memory :                     32768.00 MB
    Delta Memory :                               27717.00 MB
    Max Swap :                                   -
    Max Processes :                              4
    Max Threads :                                9
    Run time :                                   1625 sec.
    Turnaround time :                            1568 sec.

The output (if any) is above this job summary.



PS:

Read file <outputs/Error_9158348.err> for stderr output of this job.

