Runnin script...
loaded data
created datasets
created dataloaders
initialized model
Training first epoch
1 out of 20
1.0832268404304435
1.2205638195339001
2 out of 20
0.9995849780533292
1.2215338092101247
3 out of 20
0.9279991639863461
1.1669753237774498
4 out of 20
0.8856866698746287
1.1117258360511377
5 out of 20
0.8502386595131061
1.032356898408187
6 out of 20
0.8191638334628639
0.9833978734518353
7 out of 20
0.7925137103697576
0.9130030362229599
8 out of 20
0.7670951545785326
0.8560264512112267
9 out of 20
0.7420061881389093
0.8128529736870214
10 out of 20
0.719598012506415
0.7732183261921531
11 out of 20
0.7007867311118939
0.7487530814973932
12 out of 20
0.685808677192128
0.7216629153803775
13 out of 20
0.6733999834694994
0.702263731705515
14 out of 20
0.6624217194701554
0.693179210236198
15 out of 20
0.652871250012599
0.6784555993582073
16 out of 20
0.644373983418176
0.6687476685172633
17 out of 20
0.6369846438596009
0.6595772235017073
18 out of 20
0.6300997318477806
0.6476814514712284
19 out of 20
0.6239915249544546
0.6466855500873766
20 out of 20
0.6185677333162465
0.6317163090956839
trained model
saved model

------------------------------------------------------------
Sender: LSF System <lsfadmin@n-62-20-15>
Subject: Job 9158858: <My_Test_HPC> in cluster <dcc> Exited

Job <My_Test_HPC> was submitted from host <gbarlogin2> by user <s164248> in cluster <dcc> at Wed Jan 20 16:06:33 2021
Job was executed on host(s) <n-62-20-15>, in queue <gpuv100>, as user <s164248> in cluster <dcc> at Wed Jan 20 16:06:33 2021
</zhome/88/7/117159> was used as the home directory.
</zhome/88/7/117159/Desktop/BCI_MI_Classification> was used as the working directory.
Started at Wed Jan 20 16:06:33 2021
Terminated at Wed Jan 20 17:03:53 2021
Results reported at Wed Jan 20 17:03:53 2021

Your job looked like:

------------------------------------------------------------
# LSBATCH: User input
#!/bin/sh
#BSUB -q gpuv100
#BSUB -gpu "num=1"
#BSUB -J My_Test
### number of core
#BSUB -n 1 
### specify that all cores should be on the same host
#BSUB -R "span[hosts=1]"
#BSUB -J My_Test_HPC
### specify the memory needed
#BSUB -R "rusage[mem=32GB]"
#BSUB -R "select[gpu32gb]"
### Number of hours needed
#BSUB -W 23:59
### added outputs and errors to files
#BSUB -o outputs/Output_%J.out
#BSUB -e outputs/Error_%J.err

echo "Runnin script..."

python3 main.py 

------------------------------------------------------------

Exited with exit code 1.

Resource usage summary:

    CPU time :                                   2651.36 sec.
    Max Memory :                                 5040 MB
    Average Memory :                             4497.04 MB
    Total Requested Memory :                     32768.00 MB
    Delta Memory :                               27728.00 MB
    Max Swap :                                   -
    Max Processes :                              4
    Max Threads :                                9
    Run time :                                   3440 sec.
    Turnaround time :                            3440 sec.

The output (if any) is above this job summary.



PS:

Read file <outputs/Error_9158858.err> for stderr output of this job.

