Runnin script...
loaded data
created datasets
created dataloaders
initialized model
Training first epoch
1 out of 300
1.0699380543696242
1.0677957318045876
2 out of 300
1.0671148595670878
1.0663254044272683
3 out of 300
1.065406386513589
1.0649564604377955
4 out of 300
1.0647570616999327
1.0660209557835139
5 out of 300
1.0658910088906957
1.0670864767469426
6 out of 300
1.0683787474627777
1.0697265463878134
7 out of 300
1.0700105935587483
1.0703220415742087
8 out of 300
1.0700226038666345
1.070498924004679
9 out of 300
1.0699944555591214
1.0701311510729503
10 out of 300
1.0699857713922731
1.0704370615646848
11 out of 300
1.0699797561453517
1.070368099578239
12 out of 300
1.0699963944202757
1.0702348356048483
13 out of 300
1.0699781782203202
1.0699509640774094
14 out of 300
1.069989933624429
1.0704563732084544
15 out of 300
1.0699911238669453
1.0699199148232417
16 out of 300
1.0699801474164818
1.070142380248547
17 out of 300
1.0699879822031237
1.0699411254592428
18 out of 300
1.069992083709193
1.0699687924599204
19 out of 300
1.0699865870731458
1.0702222175692153
20 out of 300
1.0699802388700805
1.069885310181391
21 out of 300
1.0699818338971034
1.0702779849283275
22 out of 300
1.0699943683670023
1.0701518541881314
23 out of 300
1.0699917015778155
1.070442356128421
24 out of 300
1.0699873721386506
1.0699201520667019
25 out of 300
1.0699891816414648
1.0700512012019998
26 out of 300
1.0699888428538225
1.070710538120416
27 out of 300
1.069986643145248
1.0701374715155343
28 out of 300
1.0699864972456379
1.0701485891853992
29 out of 300
1.0699849691687051
1.0703895289169345
30 out of 300
1.0699968192785951
1.0700773204404448
31 out of 300
1.069980565097572
1.070315363503756
32 out of 300
1.069992381844561
1.0704512926469367
33 out of 300
1.0699899192138989
1.0696234595997571
34 out of 300
1.0699849024989756
1.0703890400674492
35 out of 300
1.0699903093075147
1.0703436992776878
36 out of 300
1.0699872154731966
1.069680963654116
37 out of 300
1.069985424922753
1.0697040317614785
38 out of 300
1.0699855885972196
1.0701325522064509
39 out of 300
1.069986235444992
1.0703934906346382
40 out of 300
1.0699882214627845
1.0703700222034183
41 out of 300
1.0699773988741699
1.070487566218841
42 out of 300
1.0699916557669078
1.0701393537949628
43 out of 300
1.0699886866369455
1.07045725781189
44 out of 300
1.0699881771658237
1.0700691649843281
45 out of 300
1.0699868759005449
1.0699641585741744
46 out of 300
1.0699825982720024
1.0699820198600158
47 out of 300
1.069984492836196
1.0702609810876167
48 out of 300
1.0699892340688804
1.0702384522292856
49 out of 300
1.0699916850365454
1.0699210525995277
50 out of 300
1.0699918971012363
1.0704542901142533
51 out of 300
1.069993429551793
1.0704125203804276
52 out of 300
1.0699855287122144
1.070174544821172
53 out of 300
1.069991611413875
1.0706944581843414
54 out of 300
1.0699913354830595
1.070013178661384
55 out of 300
1.0699796224133877
1.0701572861102169
56 out of 300
1.0699904504970683
1.0702809501451573
57 out of 300
1.0699947210044538
1.0698699520294925
58 out of 300
1.0699851308806483
1.0701176767673053
59 out of 300
1.0699846454644584
1.0699618821076209
60 out of 300
1.0699908901584227
1.0701545849034455
61 out of 300
1.0699813066511252
1.0700431452392878
62 out of 300
1.0699765789318174
1.0699523700419549
63 out of 300
1.069984544310386
1.070574034474635
64 out of 300
1.0699864525001002
1.0698192363761994
65 out of 300
1.06998755162545
1.0699813905185311
66 out of 300
1.0699864685927936
1.070523419359297
67 out of 300
1.069988862871563
1.069978346177025
68 out of 300
1.069978793555571
1.0702284447856958
69 out of 300
1.069987983941359
1.0700202574474005
70 out of 300
1.0699916230768722
1.0703775675116598
71 out of 300
1.0699880790396445
1.0699493563841103
72 out of 300
1.0699849623839808
1.0697754737711944
73 out of 300
1.0699785419600478
1.0700803612565941
74 out of 300
1.0699812407103328
1.0705398302872104
75 out of 300
1.0699886421717681
1.0700228082389456
76 out of 300
1.0699973266189768
1.0699682788023683
77 out of 300
1.0699766470033496
1.0701627202519712
78 out of 300
1.0699917979096873
1.069904934929078
79 out of 300
1.0699822075055212
1.0700016032174018
80 out of 300
1.0699866603593835
1.0704735580174842
81 out of 300
1.0699885437652286
1.0698792504846462
82 out of 300
1.0699930585226918
1.0700704329376807
83 out of 300
1.0699897376524314
1.0700681229149525
84 out of 300
1.0699859597384649
1.0703568862014636
85 out of 300
1.0699871233467324
1.0705610610308025
86 out of 300
1.069985164692126
1.07020480779019
87 out of 300
1.0699847173488937
1.0698721835803882
88 out of 300
1.069985103293174
1.0700121072140345
89 out of 300
1.0699915190631224
1.0702117718062552
90 out of 300
1.0699858740602926
1.0700559845889908
91 out of 300
1.0699848598281056
1.0697390617963909
92 out of 300
1.0699834527547698
1.070101602445688
93 out of 300
1.0699963402546249
1.0699309023160402
94 out of 300
1.0699877262339768
1.0704844612934241
95 out of 300
1.0699843388061308
1.0698749401483192
96 out of 300
1.0699929658915788
1.0703437943317542
97 out of 300
1.0699843428433222
1.0698504137183333
98 out of 300
1.0699842434274847
1.0704168714542117
99 out of 300
1.069982886314392
1.0700642683942112
100 out of 300
1.0699909081575676
1.0702869992658317
101 out of 300
1.069990916063734
1.0702229691230716
102 out of 300
1.0699867537755061
1.0703569004334599
103 out of 300
1.0699930050859783
1.0701581878181616
104 out of 300
1.0699922448604149
1.0703171428949914
105 out of 300
1.0699850371280932
1.0697839591746001
106 out of 300
1.0699759678019742
1.0698924317939649
107 out of 300
1.0699901828088518
1.0701142497287262
108 out of 300
1.0699866208285513
1.0701653359361964
109 out of 300
1.0699830344008143
1.0704598071671785
110 out of 300
1.0699865038621459
1.0702131328551427
111 out of 300
1.0699874698723248
1.0696935303762212
112 out of 300
1.0699851551037964
1.0698099071068152
113 out of 300
1.069991999376751
1.0700238174049903
114 out of 300
1.0699870973292769
1.0698278099135266
115 out of 300
1.0699908159750313
1.069884894711556
116 out of 300
1.069980442243596
1.0703276279591523
117 out of 300
1.0699853914477078
1.0703487216055327
118 out of 300
1.069985353711183
1.0701005885791675
119 out of 300
1.069995232942748
1.0696575902769625
120 out of 300
1.06999061030256
1.069844051363173
121 out of 300
1.069983294519297
1.0698803549658953
122 out of 300
1.0699916025544827
1.0699938785076664
123 out of 300
1.0699808531960338
1.0703372779054423
124 out of 300
1.0700014224617636
1.0701876325126807
125 out of 300
1.0699771066824446
1.0700063321572144
126 out of 300
1.069978745277491
1.0697006649151037
127 out of 300
1.0699828245790075
1.0701519461085476
128 out of 300
1.0699856626684667
1.0700046931274096
129 out of 300
1.0699795104373993
1.0702619017280337
130 out of 300
1.0699972096525714
1.069815444006194
131 out of 300
1.0699837033970672
1.0697293456517332
132 out of 300
1.0699876610781938
1.0700224416018316
133 out of 300
1.069987250854693
1.0700150670775448
134 out of 300
1.0699799114650752
1.0700508156324138
135 out of 300
1.0699914540755557
1.0701780959000853
136 out of 300
1.0699886575355242
1.0703317605913796
137 out of 300
1.06997983638453
1.0702883403376968
138 out of 300
1.0699931819934612
1.070253110140856
139 out of 300
1.0699882269017784
1.0702689072649685
140 out of 300
1.0699875083938593
1.0701886284912794
141 out of 300
1.06999548610829
1.0704893790356822
142 out of 300
1.0699848760890154
1.0695582307050941
143 out of 300
1.0699906999057796
1.0700739310056722
144 out of 300
1.0699838855192556
1.0705017064252271
145 out of 300
1.069983821653131
1.070117411451559
146 out of 300
1.069984280827577
1.0699251508921679
147 out of 300
1.0699966120361049
1.0704618452151529
148 out of 300
1.0699827647500741
1.0704463340366526
149 out of 300
1.069997021923173
1.0701658049392282
150 out of 300
1.069977716186197
1.0702357292175293
151 out of 300
1.0699866843021713
1.0700907476107628
152 out of 300
1.0699951818049906
1.0700217400558154
153 out of 300
1.069982138256475
1.0703243694848585
154 out of 300
1.0699759660076669
1.0698462450491246
155 out of 300
1.069998853294107
1.0698821714386622
156 out of 300
1.0699904452262907
1.0697010183647715
157 out of 300
1.0699965856261446
1.0701818936234107
158 out of 300
1.069985889536193
1.0701813910642042
159 out of 300
1.0699780562074255
1.0698093473584864
160 out of 300
1.0699922098714232
1.0697850653532432
161 out of 300
1.0699820738857015
1.0699870164658127
162 out of 300
1.0699868848160092
1.070096704158177
163 out of 300
1.0699867736811024
1.0698355568199533
164 out of 300
1.0699925469769023
1.07017129574783
165 out of 300
1.069987957587471
1.0700483207243034
166 out of 300
1.0699818261030813
1.0699700763426632
167 out of 300
1.069982055550124
1.0699762190811475
168 out of 300
1.069984024465925
1.0700104544745086
169 out of 300
1.0699877736149033
1.0701211525080367
170 out of 300
1.069989372006252
1.0701942580944868
171 out of 300
1.0699859457765115
1.070449145574037
172 out of 300
1.0699905940977223
1.0700746514841604
173 out of 300
1.0699829239948448
1.0697844074171972
174 out of 300
1.069992102885852
1.0700001909855554
175 out of 300
1.0699870197815595
1.0698452574269273
176 out of 300
1.0699914725793496
1.070406340299274
177 out of 300
1.0699856447253941
1.0703292923192989
178 out of 300
1.0699838212045543
1.0700674406931148
179 out of 300
1.0699812964460027
1.069979816120269
180 out of 300
1.0699881140286365
1.069901936939486
181 out of 300
1.0699767489985037
1.0698036486843983
182 out of 300
1.0699833911315293
1.069980995286856
183 out of 300
1.0699873766804908
1.0699748435391263
184 out of 300
1.0699922540001676
1.070012111000529
185 out of 300
1.0699882620589865
1.0699368139477967
186 out of 300
1.0699743835968671
1.0700997286532299
187 out of 300
1.0699901673329515
1.06966291983313
188 out of 300
1.0699904024432767
1.0697932350413561
189 out of 300
1.069989563212121
1.06979854475107
190 out of 300
1.0699798518043582
1.0699339121873903
191 out of 300
1.0699879496252325
1.069782818003526
192 out of 300
1.069991215264472
1.070146463264641
193 out of 300
1.0699884272474
1.0703554244840523
194 out of 300
1.069988861245472
1.070121301878713
195 out of 300
1.0699869331501612
1.070345966604427
196 out of 300
1.0699884345928454
1.070839417986123
197 out of 300
1.0699877429434632
1.0704173913790649
198 out of 300
1.0699912050032772
1.0707406777019437
199 out of 300
1.069985961364556
1.0700770868529104
200 out of 300
1.06998613457128
1.0701258945047267
201 out of 300
1.069985466584325
1.0701367411138194
202 out of 300
1.069982434765752
1.0701752670623386
203 out of 300
1.0699893939304441
1.0701921414441111
204 out of 300
1.0699820864458525
1.070107454015809
205 out of 300
1.0699900889441525
1.0699884159019195
206 out of 300
1.0699961382268401
1.0701009276662703
207 out of 300
1.0699819665076256
1.0702106247595864
208 out of 300
1.0699930208983113
1.069788800664695
209 out of 300
1.0700003281025425
1.0702317372078702
210 out of 300
1.069980249411636
1.0701162573541765
211 out of 300
1.069989689206135
1.0703254526833976
212 out of 300
1.0699864376970651
1.0696510795956766
213 out of 300
1.0699810436729653
1.0694720937022766
214 out of 300
1.0699873580645527
1.0699592659011206
215 out of 300
1.0699915398098003
1.0703247431726863
216 out of 300
1.0700000321539864
1.0698368653801942
217 out of 300
1.0699937773109716
1.069806252486865
218 out of 300
1.0699879287664102
1.0700597170279296
219 out of 300
1.0699899224100087
1.0701812910485242
220 out of 300
1.069993928817792
1.0700978220880097
221 out of 300
1.0699850121760077
1.0702985570830297
222 out of 300
1.069987720907127
1.0702207912359416
223 out of 300
1.070003292242088
1.0695406741667681
224 out of 300
1.069976141345131
1.0699858782978204
225 out of 300
1.0699909880603133
1.0704067463681575
226 out of 300
1.0699852062415538
1.070261940506959
227 out of 300
1.0699870340238735
1.0698939009537962
228 out of 300
1.0699925678357243
1.070234547439567
229 out of 300
1.0699943269857908
1.0704951512199894
230 out of 300
1.0699790207036575
1.0701039936821928
231 out of 300
1.069985865537333
1.0701109808089309
232 out of 300
1.0699849938404302
1.070382161182224
233 out of 300
1.0699808574014413
1.0699466995707216
234 out of 300
1.0699837551516176
1.0702944557873078
235 out of 300
1.0699804278891376
1.0699081675507545
236 out of 300
1.0699789120919954
1.0700902257273779
237 out of 300
1.0699950347839384
1.0702549108148014
238 out of 300
1.0699951642544228
1.069926181210354
239 out of 300
1.0699853450760792
1.069887438060681
240 out of 300
1.0699919232869082
1.0705733573449794
241 out of 300
1.06998020018033
1.0700143322364917

------------------------------------------------------------
Sender: LSF System <lsfadmin@n-62-20-15>
Subject: Job 9137684: <My_Test_HPC> in cluster <dcc> Exited

Job <My_Test_HPC> was submitted from host <gbarlogin2> by user <s164248> in cluster <dcc> at Mon Jan 18 21:43:30 2021
Job was executed on host(s) <n-62-20-15>, in queue <gpuv100>, as user <s164248> in cluster <dcc> at Mon Jan 18 22:10:42 2021
</zhome/88/7/117159> was used as the home directory.
</zhome/88/7/117159/Desktop/BCI_MI_Classification> was used as the working directory.
Started at Mon Jan 18 22:10:42 2021
Terminated at Tue Jan 19 16:32:32 2021
Results reported at Tue Jan 19 16:32:32 2021

Your job looked like:

------------------------------------------------------------
# LSBATCH: User input
#!/bin/sh
#BSUB -q gpuv100
#BSUB -gpu "num=1"
#BSUB -J My_Test
### number of core
#BSUB -n 1 
### specify that all cores should be on the same host
#BSUB -R "span[hosts=1]"
#BSUB -J My_Test_HPC
### specify the memory needed
#BSUB -R "rusage[mem=32GB]"
### Number of hours needed
#BSUB -W 23:59
### added outputs and errors to files
#BSUB -o outputs/Output_%J.out
#BSUB -e outputs/Error_%J.err

echo "Runnin script..."

python3 main.py 

------------------------------------------------------------

Exited with exit code 1.

Resource usage summary:

    CPU time :                                   36512.98 sec.
    Max Memory :                                 7369 MB
    Average Memory :                             7347.00 MB
    Total Requested Memory :                     32768.00 MB
    Delta Memory :                               25399.00 MB
    Max Swap :                                   -
    Max Processes :                              4
    Max Threads :                                9
    Run time :                                   66110 sec.
    Turnaround time :                            67742 sec.

The output (if any) is above this job summary.



PS:

Read file <outputs/Error_9137684.err> for stderr output of this job.

