Runnin script...
loaded data
created datasets
created dataloaders
initialized model
Training first epoch
1 out of 500
1.0838756889461563
1.065361755767039
2 out of 500
1.0760803770059082
1.0614032787936074
3 out of 500
1.0741394348320945
1.05918281099626
4 out of 500
1.0730842648963803
1.0578175000846386
5 out of 500
1.072190894784813
1.0568082497588225
6 out of 500
1.0713971491347718
1.0562938771077566
7 out of 500
1.0708573226440978
1.0558172980589526
8 out of 500
1.0703835723449409
1.055969376116991
9 out of 500
1.0699971662641738
1.0559059333588396
10 out of 500
1.0697257792469725
1.0558313982827323
11 out of 500
1.0694508677078929
1.0558992709432329
12 out of 500
1.0692550718330325
1.0559981444052287
13 out of 500
1.0690310094769035
1.055991031229496
14 out of 500
1.0688319073927155
1.0557201664362634
15 out of 500
1.0686929080639362
1.0556766342903887
16 out of 500
1.068489209093129
1.0558474329965455
17 out of 500
1.0683813367497026
1.0560331222202097
18 out of 500
1.0683428207341423
1.0560865945049696
19 out of 500
1.0681994111805149
1.056178328182016
20 out of 500
1.068034061669525
1.0562518132584435
21 out of 500
1.0679849107325141
1.0564568665410792
22 out of 500
1.067843285556457
1.0567634063107627
23 out of 500
1.0677249863565421
1.0565825179219246
24 out of 500
1.0676816989859248
1.0564243612544877
25 out of 500
1.0674701364826455
1.0566211082041264
26 out of 500
1.0672998669617064
1.0568982804460185
27 out of 500
1.0671460478038601
1.0571530259081297
28 out of 500
1.067002272709669
1.0570166494165147
29 out of 500
1.0668442778540643
1.0573031386094434
30 out of 500
1.0665906828557576
1.0572938823274203
31 out of 500
1.0665135880419427
1.057341785303184
32 out of 500
1.06643909079725
1.0577994691474097
33 out of 500
1.0663288785012943
1.0579007544687815
34 out of 500
1.0661778316404407
1.0580302524779523
35 out of 500
1.0661619821232993
1.0572490963552679
36 out of 500
1.0659651389189462
1.0586293786764145
37 out of 500
1.06589195855424
1.0600725593311446
38 out of 500
1.0658514475018208
1.0594703453992094
39 out of 500
1.0657833084318142
1.0604986686791693
40 out of 500
1.0657234516185308
1.059840758464166
41 out of 500
1.0655813093932591
1.0594060612576348
42 out of 500
1.0655632940028774
1.0594844041126115
43 out of 500
1.0654563287656118
1.0600983569664615
44 out of 500
1.0654076156211496
1.0597705862351827
45 out of 500
1.0654188783695442
1.0608599808599268
46 out of 500
1.0653153731851506
1.0601523465343885
47 out of 500
1.0652940050172857
1.0617856899542468
48 out of 500
1.0652854826556715
1.0627036727964878
49 out of 500
1.0652098745204939
1.0629924892314844
50 out of 500
1.0652373641307777
1.0619880833796091
51 out of 500
1.065163616257212
1.0630161804812295
52 out of 500
1.0651905584646646
1.0634736285677977
53 out of 500
1.0652234671035452
1.0634794714195388
54 out of 500
1.0651784840813139
1.061767006026847
55 out of 500
1.0651573907823115
1.065014649182558
56 out of 500
1.0651216355838506
1.062518682863031
57 out of 500
1.0652393423045161
1.0625539890357427
58 out of 500
1.065149939488275
1.0619310635541166
59 out of 500
1.0651411800052448
1.0623520128428936
60 out of 500
1.0651900078189256
1.0628208257257938
61 out of 500
1.0651589028853456
1.0629041365214758
62 out of 500
1.065149327486721
1.0640725967075144
63 out of 500
1.0651428283104052
1.0637876316905022
64 out of 500
1.0651747354096506
1.0652920928384577
65 out of 500
1.065205640190963
1.0634864403733186
66 out of 500
1.0652164775995747
1.063498074987105
67 out of 500
1.0652339541484015
1.0625152178108692
68 out of 500
1.0652933128510518
1.0653756984642573
69 out of 500
1.0652860371928998
1.064411683274167
70 out of 500
1.0652599710894097
1.0630463191441126
71 out of 500
1.0653327691801484
1.0671461442751544
72 out of 500
1.065347296239502
1.0643020676715034
73 out of 500
1.0653690177545974
1.0669127069413662
74 out of 500
1.0654770213709304
1.064119167625904
75 out of 500
1.06549577238251
1.0625251888164453
76 out of 500
1.0655683880921156
1.0633176400193147
77 out of 500
1.0654985837241122
1.0626091749540396
78 out of 500
1.0656006628073857
1.063782918133906
79 out of 500
1.0656671019451402
1.063023273966142
80 out of 500
1.0658264878784611
1.0661890996353967
81 out of 500
1.065772472839231
1.0641414698745524
82 out of 500
1.06593625810123
1.0647004550056798
83 out of 500
1.0660179006391821
1.0630220845341682
84 out of 500
1.0660805493366212
1.0650332900030273
85 out of 500
1.0661533570263668
1.0631406333829676
86 out of 500
1.0663283545771154
1.0633802999343192
87 out of 500
1.066433873996382
1.0628118493727274
88 out of 500
1.066529241298306
1.0637707449495792
89 out of 500
1.0667346784676768
1.063692222748484
90 out of 500
1.0668727993576
1.0633840183062213
91 out of 500
1.0670563363925158
1.0638723016849585
92 out of 500
1.0673180206296753
1.0648301680173193
93 out of 500
1.0674594290497772
1.0619718411139079
94 out of 500
1.0676834485995237
1.0625645002084119
95 out of 500
1.0679470331806353
1.0628386592226369
96 out of 500
1.0682457749031573
1.0634777647043978
97 out of 500
1.0685030317929156
1.0633049474230833
98 out of 500
1.068823017933942
1.062953319400549
99 out of 500
1.0691447421438156
1.0628482752612658
100 out of 500
1.0694471641775054
1.0622469538024493
101 out of 500
1.0698826252052134
1.06288764412914
102 out of 500
1.0702596505915378
1.0627715209765094
103 out of 500
1.070726032096232
1.063086926404919
104 out of 500
1.0712185024047702
1.0638268675122942
105 out of 500
1.0718140467206854
1.0642511402922017
106 out of 500
1.0724560137801642
1.0642855609101909
107 out of 500
1.0730669270142896
1.0648244305380754
108 out of 500
1.0737576278431242
1.064731755959136
109 out of 500
1.074275052326937
1.0649004094302654
110 out of 500
1.0747589413826562
1.0650200045534544
111 out of 500
1.0752434543738298
1.0650771164468356
112 out of 500
1.075722728771795
1.0651944114693574
113 out of 500
1.076476293886577
1.0655741664980138
114 out of 500
1.076995553596754
1.065810493592705
115 out of 500
1.0770817609813967
1.065818004310131
116 out of 500
1.0770342429133053
1.065808697470597
117 out of 500
1.077033368236222
1.0657817519136839
118 out of 500
1.0770333290618963
1.065798579049962
119 out of 500
1.077065257175184
1.0658052121954305
120 out of 500
1.077056314143574
1.0657668023237161
121 out of 500
1.077069272803015
1.0657328718474932
122 out of 500
1.0770227578311542
1.0657018486942564
123 out of 500
1.0770203240937326
1.0657629322792803
124 out of 500
1.0770226536689567
1.0657743566802569
125 out of 500
1.0770682593294794
1.0656723550387792
126 out of 500
1.0770325239127556
1.0657741927674838
127 out of 500
1.077051375843625
1.065771189651319
128 out of 500
1.077036406581368
1.065763802400657
129 out of 500
1.0770447636844025
1.0657720097473689
130 out of 500
1.0770740550542424
1.0657408237457275
131 out of 500
1.077055002841389
1.0657680444419384
132 out of 500
1.0770484704576977
1.0657507053443365
133 out of 500
1.077021714912016
1.065756764795099
134 out of 500
1.0770517758887272
1.0657417800809657
135 out of 500
1.077014889628895
1.0657660865357943
136 out of 500
1.0770092827710804
1.0657485143414565
137 out of 500
1.0770049218384303
1.0657322465309076
138 out of 500
1.0769893113884494
1.0657378626721246
139 out of 500
1.0769780233453745
1.0657998557601656
140 out of 500
1.0769821374278852
1.0657820249242442
141 out of 500
1.0770150777175456
1.0657136775553226
142 out of 500
1.0769893586051866
1.0657160739813532
143 out of 500
1.076972920046278
1.0657232419720717
144 out of 500
1.076984503583109
1.0657007523945399
145 out of 500
1.0770003798218106
1.0657040274568967
146 out of 500
1.0769787766079908
1.0657056075121676
147 out of 500
1.076969971464819
1.0656465840126788
148 out of 500
1.076950285976937
1.065741736974035
149 out of 500
1.0769977170053842
1.0656263391886438
150 out of 500
1.0769634833143897
1.065700857767037
151 out of 500
1.0769437120840262
1.065628256648779
152 out of 500
1.0769543083500162
1.0656227788754873
153 out of 500
1.0769795537384084
1.0655942937093121
154 out of 500
1.0769847831217587
1.065620164253882
155 out of 500
1.0769698084114165
1.0656106434762478
156 out of 500
1.076983297091703
1.065628598843302
157 out of 500
1.0769557773872351
1.065656882843801
158 out of 500
1.0770221820204509
1.06563657947949
159 out of 500
1.076971244630409
1.0656163059175014
160 out of 500
1.0769323953736465
1.0656641769622053
161 out of 500
1.0770136990925951
1.06564110783594
162 out of 500
1.0770297091985295
1.0656326902764184
163 out of 500
1.0769878177051315
1.0656857421355588
164 out of 500
1.0770221992727202
1.0656992505703653
165 out of 500
1.0769873718701717
1.065683783165046
166 out of 500
1.076965319578484
1.065704875758716
167 out of 500
1.0769845196679315
1.0656662609960352
168 out of 500
1.0769567638797781
1.0656205037874835
169 out of 500
1.0769474061451227
1.0656813446964537
170 out of 500
1.0770083063964098
1.0655898207000323
171 out of 500
1.0769589863093296
1.0656463711389474
172 out of 500
1.0769489783068087
1.0656077899038792
173 out of 500
1.0769523855651424
1.0656493231654167
174 out of 500
1.0770350607746444
1.0656683599310262
175 out of 500
1.0769731859647151
1.065654489078692
176 out of 500
1.077006075535298
1.0656879336706229
177 out of 500
1.0769669122353471
1.0656936189958028
178 out of 500
1.076990093058938
1.0656417677445071
179 out of 500
1.0769804342527254
1.0656662668500627
180 out of 500
1.0769975682207757
1.0656835963683469
181 out of 500
1.077005301128923
1.0656452753714152
182 out of 500
1.077017161480361
1.06570155652506
183 out of 500
1.0770328491115466
1.065687615956579
184 out of 500
1.0769407743987374
1.065720339438745
185 out of 500
1.0769864463442946
1.0657198445073195
186 out of 500
1.0769795743633017
1.065761758280652
187 out of 500
1.0770071952464921
1.0657496276710714
188 out of 500
1.077025512616445
1.0657187945076398
189 out of 500
1.0769844912600595
1.0657210701278277
190 out of 500
1.077017092730716
1.0657157168856688
191 out of 500
1.0769836259225507
1.0657073791537965
192 out of 500
1.076977782332469
1.0657526142895222
193 out of 500
1.0770051995610517
1.0657225182013852
194 out of 500
1.077024422610286
1.0657068453729153
195 out of 500
1.076963569056871
1.065675322498594
196 out of 500
1.0769969073161727
1.0657389909029007
197 out of 500
1.0770395991592074
1.0656948850623198
198 out of 500
1.076992489438062
1.0657423553722245
199 out of 500
1.0769713818702655
1.0656906446175916
200 out of 500
1.0770040607815599
1.0656993947923183
201 out of 500
1.0769719234358628
1.0656898756112372
202 out of 500
1.076954340000796
1.0657067453222615
203 out of 500
1.0769933320752165
1.0657198508935315
204 out of 500
1.0770099235696553
1.0657032893172331
205 out of 500
1.0770030334283789
1.0656807092683656
206 out of 500
1.0769785715265034
1.0656574884695666
207 out of 500
1.076976274769506
1.0657685622572899
208 out of 500
1.0770147787214492
1.0656928451997894
209 out of 500
1.0769704213209847
1.0656499303877354
210 out of 500
1.0769513080117492
1.0657145684318883
211 out of 500
1.0770254464611264
1.0657113088028771
212 out of 500
1.0770059268804058
1.065690943705184
213 out of 500
1.076967598045482
1.0657108761370182
214 out of 500
1.0769681719104405
1.065711930926357
215 out of 500
1.076999319650403
1.0657113109316145
216 out of 500
1.076971629628419
1.06572207861713
217 out of 500
1.0769716485670005
1.0657458826899529
218 out of 500
1.0769931333498286
1.0657646703932966
219 out of 500
1.0769763769859588
1.06571936873453
220 out of 500
1.076997427219146
1.0657157115638256
221 out of 500
1.0769808427293879
1.0656980877476079
222 out of 500
1.0769917810572893
1.065717017011983
223 out of 500
1.0769938714356366
1.0656696648469992
224 out of 500
1.0769678592941316
1.0657625342054027
225 out of 500
1.0769833401575182
1.065741093563182
226 out of 500
1.0769848269658717
1.0657477373523372
227 out of 500
1.0769964391700073
1.0657617896795273
228 out of 500
1.0769949846610152
1.065717367189271
229 out of 500
1.0769665112822306
1.0657286867499352
230 out of 500
1.0770088486105884
1.065725112599986
231 out of 500
1.0769896049364607
1.0657625560249602
232 out of 500
1.077003958175958
1.0657026480351175
233 out of 500
1.0769769805559526
1.0657356221761023
234 out of 500
1.0770207411316715
1.0657149319137846
235 out of 500
1.0769583478456484
1.0657111039119107
236 out of 500
1.0769559366788646
1.0657091358942645
237 out of 500
1.0769634914865172
1.0657489821314812
238 out of 500
1.0769852846050159
1.0657002345791884
239 out of 500
1.076975127558454
1.065734386976276
240 out of 500
1.0769751310607942
1.0657230189868383
241 out of 500
1.076947771037105
1.0657159409352712
242 out of 500
1.076988534258032
1.0657078240598952
243 out of 500
1.076953741749171
1.0657136887311935
244 out of 500
1.0769686241014997
1.0657374214913165
245 out of 500
1.076966438770813
1.065781262836286
246 out of 500
1.0770286814561996
1.0657137142760413
247 out of 500
1.0769756481100088
1.065735955855676
248 out of 500
1.0770050889130385
1.0657588876783848
249 out of 500
1.0770106070448966
1.0657302912856852
250 out of 500
1.0769862949653601
1.0657164193689823
251 out of 500
1.0770289712424377
1.0657696830374854
252 out of 500
1.0770233983702966
1.0658131539821625
253 out of 500
1.0769927893421725
1.0657595827111177
254 out of 500
1.0769899454417764
1.065732344452824
255 out of 500
1.0770159341046288
1.0657385593014104
256 out of 500
1.0770167593597977
1.0657254569232464
257 out of 500
1.0769953819820748
1.0657336791711194
258 out of 500
1.0770516277527005
1.0656761590923582
259 out of 500
1.076993159811956
1.0657671397285802
260 out of 500
1.0769722765236607
1.0657465755939484
261 out of 500
1.0769749139156901
1.06575399477567
262 out of 500
1.0769664264477636
1.0657656730285712
263 out of 500
1.0769882706744887
1.065686910812344
264 out of 500
1.0769908321824764
1.0657141219292368
265 out of 500
1.0769840888800637
1.0657527377562863
266 out of 500
1.0770258915177886
1.0657351213906492
267 out of 500
1.0770209918733
1.0657029604273183
268 out of 500
1.0770031130741937
1.0657525126423155
269 out of 500
1.077011857120983
1.0657821920301234
270 out of 500
1.0770756553643677
1.0657533497682639
271 out of 500
1.0769582076223163
1.0657606912510735
272 out of 500
1.076983333801419
1.065781983946051
273 out of 500
1.07697797638807
1.0657341528151716
274 out of 500
1.0769954542340598
1.0658161171845026
275 out of 500
1.0770449773271662
1.065801060625485
276 out of 500
1.076997790035667
1.0657495707273483
277 out of 500
1.0770184000116956
1.0657057810042585
278 out of 500
1.077004942982189
1.0658022644264358
279 out of 500
1.0769959795851183
1.065705206245184
280 out of 500
1.0770015625751317
1.0657568158847945
281 out of 500
1.0770053121548093
1.065735551927771
282 out of 500
1.0770148652422284
1.065713817519801
283 out of 500
1.0769765719495739
1.065786381385156
284 out of 500
1.0769876449230058
1.0657663983958108
285 out of 500
1.0769802640649258
1.0657685276653086
286 out of 500
1.0769433318855195
1.0657986242856299
287 out of 500
1.0770382791660296
1.0657402580337865
288 out of 500
1.0770209677460663
1.0657896234520845
289 out of 500
1.077023343370581
1.0657902168376105
290 out of 500
1.077023896610646
1.0657641014882497
291 out of 500
1.0769901125163845
1.0657734929450922
292 out of 500
1.0769827064933404
1.0657953811543328
293 out of 500
1.077007560527623
1.0657030796366078
294 out of 500
1.077010407281778
1.0657512018723148
295 out of 500
1.0769954170054787
1.0657819924610001
296 out of 500
1.0770157413461912
1.065709357282945
297 out of 500
1.0769438056094862
1.0657623442155975
298 out of 500
1.0770085162774004
1.065749850656305
299 out of 500
1.0770415820027333
1.0657232371824128
300 out of 500
1.0769714824004064
1.0657744849366801
301 out of 500
1.0770239063393694
1.0657713115215302
302 out of 500
1.0770207373698986
1.0657544726771968
303 out of 500
1.076998515149844
1.0658068816576685
304 out of 500
1.0769985480977868
1.0657673180103302
305 out of 500
1.0770586752398619
1.0657540149986744
306 out of 500
1.0770031365528459
1.06575132054942
307 out of 500
1.0770439897968926
1.065774914409433
308 out of 500
1.0769917946775018
1.065799449703523
309 out of 500
1.0770424670571213
1.065733574862991
310 out of 500
1.0770122827201984
1.0657141783407755
311 out of 500
1.07700301967845
1.0657649146659034
312 out of 500
1.076999501642387
1.065755408257246
313 out of 500
1.077009936281854
1.0657175609043665
314 out of 500
1.0770113383854565
1.0657808503934316
315 out of 500
1.0769653610877037
1.065789245069027
316 out of 500
1.0769956632070365
1.0657315573522024
317 out of 500
1.0769858041188403
1.065763995051384
318 out of 500
1.0769857722086278
1.0657200057591711
319 out of 500
1.0770002620394004
1.0657853739602225
320 out of 500
1.0769810619499531
1.0657565434064185
321 out of 500
1.077021005623229
1.0657285356095858
322 out of 500
1.0770221785181107
1.06576965163861
323 out of 500
1.0770015763250607
1.0657236325953687
324 out of 500
1.0769947889191023
1.065799887159041
325 out of 500
1.077001889200802
1.0657804219850473
326 out of 500
1.0769989186972866
1.0657913104764052
327 out of 500
1.0770346469796133
1.0657756573387556
328 out of 500
1.0770053361523269
1.0657236900712763
329 out of 500
1.0769845746676474
1.0657904227929456
330 out of 500
1.0769853503711855
1.0657468847930431
331 out of 500
1.0769755259172442
1.0657694350395883
332 out of 500
1.0769923223634539
1.0656995150659765
333 out of 500
1.0769862926304665
1.0656942017376423
334 out of 500
1.0769867817906742
1.0657730427171503
335 out of 500
1.0769627375753192
1.0657911492245538
336 out of 500
1.0770138081840126
1.0657231296811784
337 out of 500
1.077019081022327
1.0657302912856852
338 out of 500
1.0769904386231897
1.0658012463578157
339 out of 500
1.077011910174954
1.065732307199921
340 out of 500
1.076974404519738
1.065754805292402
341 out of 500
1.0769909921226875
1.0657647459634714
342 out of 500
1.0769786561015382
1.0656805687717028
343 out of 500
1.0770113542108464
1.065752905926534
344 out of 500
1.0770056801599828
1.0657015932457787
345 out of 500
1.0769487394990807
1.0657694919833116
346 out of 500
1.0769866254825198
1.065799253327506
347 out of 500
1.0770035926353945
1.0657175843204771
348 out of 500
1.0769931963919555
1.0657500326633453
349 out of 500
1.0770024969217178
1.0657119059136935
350 out of 500
1.0769615958123524
1.065774137952498
351 out of 500
1.0769599707264117
1.0657706335186958
352 out of 500
1.0770100914225615
1.0656664190547807
353 out of 500
1.0770068150479852
1.0657528601586819
354 out of 500
1.0769786558421055
1.0657666863075324
355 out of 500
1.0769988509853725
1.0657215863466263
356 out of 500
1.0770010416344278
1.0657795928418636
357 out of 500
1.076981175062576
1.0658098411347185
358 out of 500
1.0770322830295667
1.0657209163265569
359 out of 500
1.0769880092961226
1.0657368754701955
360 out of 500
1.0770304463763232
1.0657327542347568
361 out of 500
1.07703616777364
1.0657542129712445
362 out of 500
1.0769831917620587
1.065764396850552
363 out of 500
1.0769846332994197
1.065760690186705
364 out of 500
1.0769724245299712
1.0657312007887023
365 out of 500
1.0770253212848866
1.0658067086977618
366 out of 500
1.0770456115102094
1.0658014459269387
367 out of 500
1.077021539924713
1.0657696388661861
368 out of 500
1.0770156517122205
1.065734834011112
369 out of 500
1.0769738440155594
1.0657430083623953
370 out of 500
1.0769973851910613
1.0657812128109592
371 out of 500
1.0770212535110988
1.065728203526565
372 out of 500
1.0769869339479066
1.0657704238380705
373 out of 500
1.0770349656925886
1.0657576242727893
374 out of 500
1.0770049543972244
1.0657671844320638
375 out of 500
1.0769822500216428
1.065745341458491
376 out of 500
1.076960077742368
1.065726367490632
377 out of 500
1.0770018611820789
1.0657199344464712
378 out of 500
1.0769840818753829
1.0658067970403604
379 out of 500
1.0770098401620676
1.0657768659293652
380 out of 500
1.076987624168396
1.0657688246241637
381 out of 500
1.076978693589552
1.0656870598239558
382 out of 500
1.0769754022976001
1.065745195639985
383 out of 500
1.0770045040221936
1.0657558148460728
384 out of 500
1.0769773458370835
1.0657862866563457
385 out of 500
1.0769865064029465
1.0657394139894418
386 out of 500
1.076987687988821
1.0657188844467913
387 out of 500
1.0769862570881974
1.065749226404088
388 out of 500
1.0769737380373334
1.0657392543341433
389 out of 500
1.0770131323620336
1.0657642930746078
390 out of 500
1.0769995683165707
1.0657344896878516
391 out of 500
1.077006987311246
1.0657671679343497
392 out of 500
1.0770184393157378
1.0657283775508404
393 out of 500
1.077001196515703
1.065762915781566
394 out of 500
1.0770239339689436
1.0657765977084637
395 out of 500
1.0769876732011614
1.0657390403960432
396 out of 500
1.0770769120559858
1.0657207907310553
397 out of 500
1.076991798439275
1.0657615917069572
398 out of 500
1.0770141117201795
1.0657888698790754
399 out of 500
1.0769924020092687
1.0657542321298803
400 out of 500
1.0769839808263768
1.0657407966043269
401 out of 500
1.076991422780839
1.0657665101545197
402 out of 500
1.0769615832298702
1.0658029823430948
403 out of 500
1.0770280154926604
1.0657625991318906
404 out of 500
1.0769651264308975
1.0658137234193938
405 out of 500
1.077026888128204
1.0657550213592393
406 out of 500
1.0770038243087254
1.0657368382172925
407 out of 500
1.076969707492127
1.0657232307962008
408 out of 500
1.0769647707487735
1.065712389669248
409 out of 500
1.0769815425488842
1.0657332534236568
410 out of 500
1.0770246979980136
1.0657568643135684
411 out of 500
1.0769903016427655
1.0657683520444803
412 out of 500
1.0770546773831655
1.065755462007863
413 out of 500
1.076952296968902
1.0657265792999948
414 out of 500
1.076989209690862
1.0657088687377316
415 out of 500
1.0770121000796329
1.065775922366551
416 out of 500
1.0769959258825657
1.0657619477382727
417 out of 500
1.077010416880785
1.0656773783266544
418 out of 500
1.0769829602184442
1.0657607545810086
419 out of 500
1.0770101113988733
1.0657866022416524
420 out of 500
1.077009641177247
1.065764742238181
421 out of 500
1.0769612132789521
1.065774959645101
422 out of 500
1.0769773315682893
1.0657552214605468
423 out of 500
1.076981122916619
1.0657090874654906
424 out of 500
1.0770006328983328
1.0658025778830051
425 out of 500
1.0770453598605665
1.0657176465860434
426 out of 500
1.0770078726250667
1.065739817917347
427 out of 500
1.077019269759559
1.065711363617863
428 out of 500
1.077012559275373
1.0657740751547473
429 out of 500
1.0770239661385885
1.0658050269952841
430 out of 500
1.0770398519762971
1.0657769122294016
431 out of 500
1.0769820583009357
1.0658124876873833
432 out of 500
1.077031925790847
1.065805999296052
433 out of 500
1.077038933455101
1.0657831473009927
434 out of 500
1.0769941045358469
1.065760093608073
435 out of 500
1.0769891172031323
1.0657516425209386
436 out of 500
1.0769851312803367
1.0657525530883245
437 out of 500
1.0770072598452147
1.065733624888318
438 out of 500
1.0769919940514714
1.0657114179006644
439 out of 500
1.077024937324607
1.0657738314143248
440 out of 500
1.076984218855807
1.0657634256141526
441 out of 500
1.0770223900854135
1.0658073318856103
442 out of 500
1.0770178296490773
1.065754440746137
443 out of 500
1.0770085215957692
1.0657627124871527
444 out of 500
1.0770117855175794
1.065729999648673
445 out of 500
1.076997806769071
1.0657843138490404
446 out of 500
1.0770438055997316
1.065774427992957
447 out of 500
1.0770399749473596
1.0657672669206346
448 out of 500
1.0769911475228278
1.0657730799700533
449 out of 500
1.0770637632324336
1.0657527606402124
450 out of 500
1.0770427705932883
1.0658019248928343
451 out of 500
1.0770101735329862
1.0657673989023482
452 out of 500
1.0770424752292487
1.0657336685274328
453 out of 500
1.0769971430107093
1.0657039071832384
454 out of 500
1.076989096578239
1.06575638375112
455 out of 500
1.0770182056966622
1.065737686519112
456 out of 500
1.077020027951395
1.0657350271940231
457 out of 500
1.0769810699923643
1.0657330927039896
458 out of 500
1.0770146221538623
1.0657586636287826
459 out of 500
1.0770012342631492
1.0657369632806097
460 out of 500
1.0769594107410982
1.0657055330063616
461 out of 500
1.0769890479346225
1.065781167043107
462 out of 500
1.0769698836468768
1.0657195869301046
463 out of 500
1.0769788606641602
1.0657521986535616
464 out of 500
1.0769986530382822
1.0657408838825566
465 out of 500
1.0770192253965807
1.0657957180270128
466 out of 500
1.0769869936174097
1.0657488075750214
467 out of 500
1.0770541914658656
1.0657361203006335
468 out of 500
1.0769827963867435
1.0657506712845393
469 out of 500
1.0769879821854136
1.0658034197986126
470 out of 500
1.076973907317119
1.0657668486237526
471 out of 500
1.0770002868152158
1.0657488352486066
472 out of 500
1.0770187319557347
1.065761056861707
473 out of 500
1.077025978168284
1.065745398402214
474 out of 500
1.077037760041354
1.0657228002590793
475 out of 500
1.0769938550913813
1.065709292356457
476 out of 500
1.0770221338956998
1.0657418258488178
477 out of 500
1.0769653129629524
1.0658068449369498
478 out of 500
1.077018770481479
1.065728465893439
479 out of 500
1.0769913244558755
1.0657632611691952
480 out of 500
1.076987473956908
1.0657614724976676
481 out of 500
1.0770616779130224
1.0657192415424757
482 out of 500
1.0770055213872185
1.0657717660069466
483 out of 500
1.077005124066159
1.0657587445208005
484 out of 500
1.0770229908016482
1.0657490252384119
485 out of 500
1.0770022516281743
1.0657818030033792
486 out of 500
1.0770259081214764
1.065765653337751
487 out of 500
1.0769730073453552
1.0657435272421156
488 out of 500
1.0770190899727523
1.065724208418812
489 out of 500
1.0769975936451726
1.0657660184162003
490 out of 500
1.0770044621238253
1.0657671253596033
491 out of 500
1.0770118678874367
1.0656883269548416
492 out of 500
1.076986557511173
1.0657500592725617
493 out of 500
1.0769436332165092
1.0657614804804325
494 out of 500
1.0770240850884456
1.0656910703650542
495 out of 500
1.077012524641118
1.0657375965799605
496 out of 500
1.0770334136369308
1.0657325222023897
497 out of 500
1.0770231017090939
1.0657436703996999
498 out of 500
1.0769929691289792
1.0657622670488698
499 out of 500
1.0769830316921314
1.0657565886420863
500 out of 500
1.0769929509686957
1.065758999969278
trained model
saved model

------------------------------------------------------------
Sender: LSF System <lsfadmin@n-62-20-4>
Subject: Job 9112206: <My_Test_HPC> in cluster <dcc> Done

Job <My_Test_HPC> was submitted from host <gbarlogin2> by user <s164272> in cluster <dcc> at Sun Jan 17 18:44:29 2021
Job was executed on host(s) <n-62-20-4>, in queue <gpuv100>, as user <s164272> in cluster <dcc> at Sun Jan 17 18:44:30 2021
</zhome/08/3/117881> was used as the home directory.
</zhome/08/3/117881/BCI_Project/BCI_MI_Classification> was used as the working directory.
Started at Sun Jan 17 18:44:30 2021
Terminated at Mon Jan 18 16:14:19 2021
Results reported at Mon Jan 18 16:14:19 2021

Your job looked like:

------------------------------------------------------------
# LSBATCH: User input
#!/bin/sh
#BSUB -q gpuv100
#BSUB -gpu "num=1"
#BSUB -J My_Test
### number of core
#BSUB -n 1 
### specify that all cores should be on the same host
#BSUB -R "span[hosts=1]"
#BSUB -J My_Test_HPC
### specify the memory needed
#BSUB -R "rusage[mem=32GB]"
### Number of hours needed
#BSUB -W 23:59
### added outputs and errors to files
#BSUB -o outputs/Output_%J.out
#BSUB -e outputs/Error_%J.err

echo "Runnin script..."

python3 main.py 

------------------------------------------------------------

Successfully completed.

Resource usage summary:

    CPU time :                                   57500.51 sec.
    Max Memory :                                 7078 MB
    Average Memory :                             6105.46 MB
    Total Requested Memory :                     32768.00 MB
    Delta Memory :                               25690.00 MB
    Max Swap :                                   -
    Max Processes :                              4
    Max Threads :                                9
    Run time :                                   77470 sec.
    Turnaround time :                            77390 sec.

The output (if any) is above this job summary.



PS:

Read file <outputs/Error_9112206.err> for stderr output of this job.

