Runnin script...
loaded data
created datasets
created dataloaders
initialized model
Training first epoch
1 out of 200
1.1197772162145676
1.0866194342045075
2 out of 200
1.0863850867911562
1.0574164961246735
3 out of 200
1.052052592033665
1.0171128676292744
4 out of 200
1.0172586710485694
0.9783382295294011
5 out of 200
0.9792198734740688
0.9293778583090356
6 out of 200
0.9434726445097902
0.8966633132163514
7 out of 200
0.9146964452038072
0.8783026933670044
8 out of 200
0.8909942967706619
0.8633644181363126
9 out of 200
0.8705657513718627
0.8461813812560224
10 out of 200
0.8524653465236158
0.8289129106288261
11 out of 200
0.8361397913601845
0.8116822813419585
12 out of 200
0.8208473983420629
0.7936265760279716
13 out of 200
0.8067874742425196
0.7801846138974453
14 out of 200
0.7942117732953807
0.7689926903298561
15 out of 200
0.7834155477889596
0.7596468025065483
16 out of 200
0.7738908259835962
0.7522490753772411
17 out of 200
0.7655942567951604
0.7476288035829016
18 out of 200
0.7586642245179442
0.7417883029643525
19 out of 200
0.7527883477406959
0.7363429335837669
20 out of 200
0.7475946227165118
0.7315148482931421
21 out of 200
0.7430687383429645
0.7276257282875954
22 out of 200
0.7390470717051257
0.7244924693665606
23 out of 200
0.7354671707436374
0.7216905577385679
24 out of 200
0.7321884863452824
0.7211543670360078
25 out of 200
0.7287871489241787
0.7194783231045337
26 out of 200
0.7262340645267539
0.7167235505073628
27 out of 200
0.7240704376947934
0.7144268427757506
28 out of 200
0.7221705045329926
0.7126441154074161
29 out of 200
0.7204569700646074
0.7113067488721077
30 out of 200
0.7189924003871064
0.7101761641654563
31 out of 200
0.7176216394389601
0.7091602182134669
32 out of 200
0.7164309321473178
0.708515094949844
33 out of 200
0.7154135701318854
0.7079878886963459
34 out of 200
0.7144815968051893
0.7076714184690029
35 out of 200
0.7136560368211302
0.7072651823784443
36 out of 200
0.7129402171531224
0.7069536656775373
37 out of 200
0.712153648132603
0.7068465745195429
38 out of 200
0.711521829916462
0.7068612524803649
39 out of 200
0.7110493136867541
0.7064700811467273
40 out of 200
0.7106225615767039
0.7060274405682341
41 out of 200
0.7102306634868116
0.7059428806000567
42 out of 200
0.7098869537109653
0.7058795887105008
43 out of 200
0.7095865601818311
0.705849271505437
44 out of 200
0.7093049532746616
0.7059654472990239
45 out of 200
0.7090585566546819
0.7060851790803544
46 out of 200
0.7088345681151299
0.7061167891989363
47 out of 200
0.7086312172075385
0.7062289277289776
48 out of 200
0.7084387442837022
0.7063226496919672
49 out of 200
0.7082645536557725
0.7063507773774735
50 out of 200
0.7081365242396316
0.7062405519028927
51 out of 200
0.7079931127426287
0.7063348280622604
52 out of 200
0.7078765004737192
0.7063280312304802
53 out of 200
0.707772643870959
0.7061899653140534
54 out of 200
0.7076735929267047
0.7062514069232535
55 out of 200
0.70757923523585
0.7061669775780212
56 out of 200
0.7075083288427901
0.7063128003414642
57 out of 200
0.7074370090275595
0.7063075944464258
58 out of 200
0.7073807212860073
0.7063092519628241
59 out of 200
0.7073269723212883
0.7063091428990059
60 out of 200
0.7072774237149382
0.7063581017737693
61 out of 200
0.7072347457006097
0.7063970293136353
62 out of 200
0.7071980746913719
0.7063177969861538
63 out of 200
0.707162953402898
0.7064344946374285
64 out of 200
0.7071333301666121
0.7065107416599354
65 out of 200
0.7070979021455599
0.7063859396792472
66 out of 200
0.7070843631818414
0.706292986869812
67 out of 200
0.7070585369519448
0.7063709110655683
68 out of 200
0.70703676819257
0.7063048190258919
69 out of 200
0.7070205491971752
0.7063440312730506
70 out of 200
0.7070016166935228
0.7064129722879288
71 out of 200
0.706984569765117
0.7063673747346756
72 out of 200
0.7069802401272673
0.7063968587428966
73 out of 200
0.7069663644925644
0.70646555626646
74 out of 200
0.7069498112756912
0.7063297045991775
75 out of 200
0.7069459511264818
0.7064024717249768
76 out of 200
0.7069395306992204
0.7066298051083342
77 out of 200
0.7069179276897483
0.7063130431986869
78 out of 200
0.706919904713217
0.7063329283227312
79 out of 200
0.7069187319442017
0.7064695332912688
80 out of 200
0.7069105378024654
0.7064661542151837
81 out of 200
0.7069101132214342
0.706520620178669
82 out of 200
0.706902413335565
0.7064566770766644
83 out of 200
0.7069003927653239
0.7064568197473566
84 out of 200
0.7068941974204425
0.7066413747503403
85 out of 200
0.7068929617807745
0.7065125786243601
86 out of 200
0.7068718987512806
0.7065293865000948
87 out of 200
0.7068760542020406
0.706307737117118
88 out of 200
0.7068620343186539
0.7063465010612568
89 out of 200
0.7068643017446614
0.7062935442366498
90 out of 200
0.7068682631401166
0.706229641082439
91 out of 200
0.7068666206102937
0.7061687815696636
92 out of 200
0.7068565591285217
0.7061088776334803
93 out of 200
0.7068608046666672
0.7062515121825198
94 out of 200
0.7068575582547819
0.7061633645220006
95 out of 200
0.7068566592860984
0.706151507002242
96 out of 200
0.706853970000733
0.706109049472403
97 out of 200
0.7068476529970561
0.7061533680621613
98 out of 200
0.7068445908424517
0.7061918986604568
99 out of 200
0.7068488186897208
0.7061271705525987
100 out of 200
0.7068418610041545
0.7060106320584074
101 out of 200
0.7068402143918215
0.706074521262595
102 out of 200
0.7068405589556586
0.7060455096528885
103 out of 200
0.7068389218691822
0.706037718564906
104 out of 200
0.7068368768038815
0.7059320173365005
105 out of 200
0.7068300908558989
0.7060541377422658
106 out of 200
0.7068441757872769
0.705934835241196
107 out of 200
0.706816929388264
0.7058871959118133
108 out of 200
0.7068146385558663
0.7059203183397333
109 out of 200
0.7068208581236399
0.7058986260535869
110 out of 200
0.7068152928461223
0.705877848128055
111 out of 200
0.7068135958828338
0.7058735432776999
112 out of 200
0.706810539988078
0.7058917379125635
113 out of 200
0.7068176696833954
0.705854077922537
114 out of 200
0.7068242392583525
0.7056928562357071
115 out of 200
0.706821684423647
0.7056534410791194
116 out of 200
0.7068163390573301
0.7057851933418436
117 out of 200
0.7068286029171181
0.7056907117366791
118 out of 200
0.7068241241315728
0.7057045273324276
119 out of 200
0.7068297201639986
0.7056947756320873
120 out of 200
0.7068410978469675
0.7057503683769957
121 out of 200
0.7068431812878613
0.7056539965436813
122 out of 200
0.7068440285447526
0.7057329917207678
123 out of 200
0.7068464965580805
0.7058086179672404
124 out of 200
0.706857456192034
0.7058837863993137
125 out of 200
0.7068562189193621
0.7057816170631571
126 out of 200
0.7068660917891759
0.7057539541670617
127 out of 200
0.7068748996682364
0.7058229934661946
128 out of 200
0.7068924626258954
0.7058370690396492
129 out of 200
0.7068921017320189
0.7056940077467168
130 out of 200
0.7069019895710357
0.7059044470178321
131 out of 200
0.7069092681418815
0.7059339221487654
132 out of 200
0.7069188163160733
0.7058110053234912
133 out of 200
0.7069268931536914
0.705792579879152
134 out of 200
0.7069399419440526
0.705895888678571
135 out of 200
0.7069457491783246
0.7059297422145275
136 out of 200
0.706957978472862
0.7058639355162357
137 out of 200
0.7069643953619482
0.7059382599719027
138 out of 200
0.7069744173794577
0.7060016621934607
139 out of 200
0.7069908489375354
0.7058365211841908
140 out of 200
0.7069974724016234
0.7058312366617486
141 out of 200
0.7070077317490425
0.7059495360293286
142 out of 200
0.7070220991901067
0.7059926821830425
143 out of 200
0.7070337468630647
0.7059562669155446
144 out of 200
0.7070448746964267
0.7059344864906149
145 out of 200
0.7070541708436731
0.7059279451978967
146 out of 200
0.7070599592983995
0.7059760404394028
147 out of 200
0.7070779446597513
0.7059227817870201
148 out of 200
0.7070892907713102
0.7058463331232679
149 out of 200
0.7070977119005979
0.7060861638251771
150 out of 200
0.7071164541592881
0.7059891280975747
151 out of 200
0.7071235158127737
0.7059515936577574
152 out of 200
0.7071400722956549
0.7061061808403503
153 out of 200
0.7071491286634854
0.7061179210530951
154 out of 200
0.7071584169178793
0.705991360101294
155 out of 200
0.7071745749477927
0.7060932035141803
156 out of 200
0.7071939382923248
0.7060593956328453
157 out of 200
0.7072026626160156
0.7062270673031502
158 out of 200
0.7072166639920239
0.7061207066191003
159 out of 200
0.7072296730459553
0.7061485648155212
160 out of 200
0.7072439648245024
0.706157498537226
161 out of 200
0.7072599138299079
0.7062377352663811
162 out of 200
0.7072752314071132
0.706212469237916
163 out of 200
0.7072866730494042
0.7061569830204578
164 out of 200
0.7073075096356815
0.7062884499417975
165 out of 200
0.7073228478976036
0.7062257731214483
166 out of 200
0.7073358387163241
0.7062089297365635
167 out of 200
0.7073465634698737
0.7062882476664604
168 out of 200
0.7073629642730435
0.7063258474177503
169 out of 200
0.7073817424578209
0.7062475459372743
170 out of 200
0.7073988737580983
0.7062278072884742
171 out of 200
0.7074196439355476
0.7062727434838072
172 out of 200
0.7074262276632056
0.7063746991309714
173 out of 200
0.707448990921996
0.7063167608798818
174 out of 200
0.7074639391681375
0.706394669223339
175 out of 200
0.7074789374930673
0.7063861812682862
176 out of 200
0.7074947065958693
0.70645842082957
177 out of 200
0.7075134619185913
0.7063871133834758
178 out of 200
0.7075230370373486
0.7064789267296486
179 out of 200
0.7075466361220024
0.706449752158307
180 out of 200
0.707570283108106
0.7064970782462586
181 out of 200
0.7075777796849813
0.7064486228405161
182 out of 200
0.7075989164718209
0.7064725407894622
183 out of 200
0.7076102321006391
0.7065251552044077
184 out of 200
0.7076424575287458
0.7064754905852866
185 out of 200
0.7076497649493283
0.7065863729791438
186 out of 200
0.7076588044427845
0.7066226766464558
187 out of 200
0.7076891225222584
0.7066733145967443
188 out of 200
0.7076980937017153
0.7066587742338789
189 out of 200
0.7077177635066585
0.7066690522305509
190 out of 200
0.7077398632215038
0.7066961197142906
191 out of 200
0.7077573159513952
0.7066174415831871
192 out of 200
0.7077683841801126
0.7066077888011932
193 out of 200
0.7077917290604823
0.7067538113036054
194 out of 200
0.7078124668500195
0.7066907007643517
195 out of 200
0.7078330808034227
0.706753820814985
196 out of 200
0.7078513821510419
0.7068241955117976
197 out of 200
0.7078672448794047
0.7067537574057884
198 out of 200
0.7078892411706654
0.7068073559314647
199 out of 200
0.7079030705369227
0.7067826821448955
200 out of 200
0.7079267014651538
0.7068328806694518
trained model
saved model
   Precision  Recall  F1 score
0   0.846998     1.0  0.917162
1   0.000000     0.0  0.000000
2   0.000000     0.0  0.000000

------------------------------------------------------------
Sender: LSF System <lsfadmin@n-62-11-15>
Subject: Job 9166993: <My_Test_HPC> in cluster <dcc> Done

Job <My_Test_HPC> was submitted from host <gbarlogin2> by user <s164272> in cluster <dcc> at Fri Jan 22 00:16:37 2021
Job was executed on host(s) <n-62-11-15>, in queue <gpuv100>, as user <s164272> in cluster <dcc> at Fri Jan 22 01:15:45 2021
</zhome/08/3/117881> was used as the home directory.
</zhome/08/3/117881/BCI_Project/BCI_MI_Classification> was used as the working directory.
Started at Fri Jan 22 01:15:45 2021
Terminated at Fri Jan 22 08:24:53 2021
Results reported at Fri Jan 22 08:24:53 2021

Your job looked like:

------------------------------------------------------------
# LSBATCH: User input
#!/bin/sh
#BSUB -q gpuv100
#BSUB -gpu "num=1"
#BSUB -J My_Test
### number of core
#BSUB -n 1 
### specify that all cores should be on the same host
#BSUB -R "span[hosts=1]"
#BSUB -J My_Test_HPC
### specify the memory needed
#BSUB -R "rusage[mem=32GB]"
#BSUB -R "select[gpu32gb]"
### Number of hours needed
#BSUB -W 23:59
### added outputs and errors to files
#BSUB -o outputs/Output_%J.out
#BSUB -e outputs/Error_%J.err

echo "Runnin script..."

python3 main.py 

------------------------------------------------------------

Successfully completed.

Resource usage summary:

    CPU time :                                   19044.27 sec.
    Max Memory :                                 5047 MB
    Average Memory :                             4978.72 MB
    Total Requested Memory :                     32768.00 MB
    Delta Memory :                               27721.00 MB
    Max Swap :                                   -
    Max Processes :                              4
    Max Threads :                                9
    Run time :                                   25856 sec.
    Turnaround time :                            29296 sec.

The output (if any) is above this job summary.



PS:

Read file <outputs/Error_9166993.err> for stderr output of this job.

