Runnin script...
loaded data
created datasets
created dataloaders
initialized model
Training first epoch
1 out of 10
1.0774481956947577
1.071158660494763
2 out of 10
1.0646107084874257
1.0681726180988809
3 out of 10
1.0587263566227587
1.065979901863181
4 out of 10
1.0542600748124817
1.0673550976359325
5 out of 10
1.0503489685730196
1.0705274006594783
6 out of 10
1.0468793267935095
1.0688743707926378
7 out of 10
1.0440993051573704
1.0712941703589067
8 out of 10
1.0410927584473515
1.0762048907901929
9 out of 10
1.0380566993229825
1.0791877236055292
10 out of 10
1.0352861293604676
1.0850044540736987
trained model
saved model
   Precision    Recall  F1 score
0   0.457689  0.052345  0.093946
1   0.415261  0.871098  0.562414
2   0.375334  0.112035  0.172561

------------------------------------------------------------
Sender: LSF System <lsfadmin@n-62-20-16>
Subject: Job 9150290: <My_Test_HPC> in cluster <dcc> Done

Job <My_Test_HPC> was submitted from host <gbarlogin2> by user <s164272> in cluster <dcc> at Tue Jan 19 14:14:18 2021
Job was executed on host(s) <n-62-20-16>, in queue <gpuv100>, as user <s164272> in cluster <dcc> at Tue Jan 19 14:14:20 2021
</zhome/08/3/117881> was used as the home directory.
</zhome/08/3/117881/BCI_Project/BCI_MI_Classification> was used as the working directory.
Started at Tue Jan 19 14:14:20 2021
Terminated at Tue Jan 19 14:42:23 2021
Results reported at Tue Jan 19 14:42:23 2021

Your job looked like:

------------------------------------------------------------
# LSBATCH: User input
#!/bin/sh
#BSUB -q gpuv100
#BSUB -gpu "num=1"
#BSUB -J My_Test
### number of core
#BSUB -n 1 
### specify that all cores should be on the same host
#BSUB -R "span[hosts=1]"
#BSUB -J My_Test_HPC
### specify the memory needed
#BSUB -R "rusage[mem=32GB]"
### Number of hours needed
#BSUB -W 23:59
### added outputs and errors to files
#BSUB -o outputs/Output_%J.out
#BSUB -e outputs/Error_%J.err

echo "Runnin script..."

python3 main.py 

------------------------------------------------------------

Successfully completed.

Resource usage summary:

    CPU time :                                   1316.39 sec.
    Max Memory :                                 7489 MB
    Average Memory :                             7001.36 MB
    Total Requested Memory :                     32768.00 MB
    Delta Memory :                               25279.00 MB
    Max Swap :                                   -
    Max Processes :                              4
    Max Threads :                                9
    Run time :                                   1741 sec.
    Turnaround time :                            1685 sec.

The output (if any) is above this job summary.



PS:

Read file <outputs/Error_9150290.err> for stderr output of this job.

