Runnin script...
loaded data
created datasets
created dataloaders
initialized model
Training first epoch
1 out of 20
1.0823829744793516
1.0636815865124976
2 out of 20
1.0776825730766901
1.061497502028942
3 out of 20
1.076233161027595
1.0608698848102773
4 out of 20
1.0747808638283165
1.0605429512049471
5 out of 20
1.0730878392293222
1.0592625428523337
6 out of 20
1.072175645335325
1.058402521269662
7 out of 20
1.0715536513447892
1.05850746642266
8 out of 20
1.0711060017833771
1.0582480058073997
9 out of 20
1.0706929811585586
1.0574031578642982
10 out of 20
1.0704179680516075
1.0574640519917011
11 out of 20
1.0700780695488714
1.0575172470084258
12 out of 20
1.0697416248726248
1.0558993433203017
13 out of 20
1.069494213839999
1.0566453763416834
14 out of 20
1.069122971985104
1.0570279295955385
15 out of 20
1.0688495316884203
1.0566945294184344
16 out of 20
1.0685301528791609
1.0566887642656053
17 out of 20
1.0682463068697476
1.0569859173681055
18 out of 20
1.0679058830159533
1.0570881377373422
19 out of 20
1.0677490366685638
1.0578317301613944
20 out of 20
1.0676127205216717
1.0573897015835558
trained model
saved model

------------------------------------------------------------
Sender: LSF System <lsfadmin@n-62-20-6>
Subject: Job 9112126: <My_Test_HPC> in cluster <dcc> Done

Job <My_Test_HPC> was submitted from host <gbarlogin2> by user <s164272> in cluster <dcc> at Sun Jan 17 17:03:54 2021
Job was executed on host(s) <n-62-20-6>, in queue <gpuv100>, as user <s164272> in cluster <dcc> at Sun Jan 17 17:03:55 2021
</zhome/08/3/117881> was used as the home directory.
</zhome/08/3/117881/BCI_Project/BCI_MI_Classification> was used as the working directory.
Started at Sun Jan 17 17:03:55 2021
Terminated at Sun Jan 17 18:24:34 2021
Results reported at Sun Jan 17 18:24:34 2021

Your job looked like:

------------------------------------------------------------
# LSBATCH: User input
#!/bin/sh
#BSUB -q gpuv100
#BSUB -gpu "num=1"
#BSUB -J My_Test
### number of core
#BSUB -n 1 
### specify that all cores should be on the same host
#BSUB -R "span[hosts=1]"
#BSUB -J My_Test_HPC
### specify the memory needed
#BSUB -R "rusage[mem=32GB]"
### Number of hours needed
#BSUB -W 23:59
### added outputs and errors to files
#BSUB -o outputs/Output_%J.out
#BSUB -e outputs/Error_%J.err

echo "Runnin script..."

python3 main.py 

------------------------------------------------------------

Successfully completed.

Resource usage summary:

    CPU time :                                   3989.96 sec.
    Max Memory :                                 7076 MB
    Average Memory :                             6355.07 MB
    Total Requested Memory :                     32768.00 MB
    Delta Memory :                               25692.00 MB
    Max Swap :                                   -
    Max Processes :                              4
    Max Threads :                                9
    Run time :                                   4870 sec.
    Turnaround time :                            4840 sec.

The output (if any) is above this job summary.



PS:

Read file <outputs/Error_9112126.err> for stderr output of this job.

