Runnin script...
1 out of 50
1.1062524318695068
1.0976473093032837
2 out of 50
1.1020970344543457
1.0970025062561035
3 out of 50
1.1000409126281738
1.0959956645965576
4 out of 50
1.0982651710510254
1.095288872718811
5 out of 50
1.0964430570602417
1.0947685241699219
6 out of 50
1.094474196434021
1.0943697690963745
7 out of 50
1.0924171209335327
1.0937089920043945
8 out of 50
1.0906281471252441
1.094516396522522
9 out of 50
1.0880993604660034
1.095286250114441
10 out of 50
1.0856702327728271
1.0970451831817627
11 out of 50
1.0833083391189575
1.0993297100067139
12 out of 50
1.0807467699050903
1.1013689041137695
13 out of 50
1.0789368152618408
1.1013078689575195
14 out of 50
1.0774452686309814
1.1020495891571045
15 out of 50
1.075192928314209
1.102406620979309
16 out of 50
1.0739433765411377
1.1028599739074707
17 out of 50
1.0725717544555664
1.103172779083252
18 out of 50
1.071599006652832
1.1032658815383911
19 out of 50
1.070217490196228
1.1041778326034546
20 out of 50
1.0688560009002686
1.1046626567840576
21 out of 50
1.0682451725006104
1.1057273149490356
22 out of 50
1.0673898458480835
1.1063820123672485
23 out of 50
1.0665478706359863
1.1063406467437744
24 out of 50
1.0655573606491089
1.1062901020050049
25 out of 50
1.064924955368042
1.1070327758789062
26 out of 50
1.0634311437606812
1.1084436178207397
27 out of 50
1.0630635023117065
1.1088908910751343
28 out of 50
1.0623365640640259
1.1093270778656006
29 out of 50
1.0614317655563354
1.1104862689971924
30 out of 50
1.0608313083648682
1.1115611791610718
31 out of 50
1.0601634979248047
1.1107723712921143
32 out of 50
1.0585068464279175
1.112004280090332
33 out of 50
1.058121681213379
1.1123069524765015
34 out of 50
1.0570639371871948
1.1126763820648193
35 out of 50
1.0567610263824463
1.1141033172607422
36 out of 50
1.0556681156158447
1.1144115924835205
37 out of 50
1.0553311109542847
1.1151361465454102
38 out of 50
1.0550121068954468
1.115344524383545
39 out of 50
1.0541507005691528
1.1162129640579224
40 out of 50
1.0543402433395386
1.1164206266403198
41 out of 50
1.053774118423462
1.116358757019043
42 out of 50
1.0533009767532349
1.117244839668274
43 out of 50
1.0535746812820435
1.1167852878570557
44 out of 50
1.0522228479385376
1.118079662322998
45 out of 50
1.052120327949524
1.1165738105773926
46 out of 50
1.0521713495254517
1.1181037425994873
47 out of 50
1.0522263050079346
1.1183370351791382
48 out of 50
1.0513465404510498
1.1181708574295044
49 out of 50
1.0513280630111694
1.1188251972198486
50 out of 50
1.0514534711837769
1.1181131601333618

------------------------------------------------------------
Sender: LSF System <lsfadmin@n-62-11-14>
Subject: Job 9067338: <My_Test_HPC> in cluster <dcc> Done

Job <My_Test_HPC> was submitted from host <gbarlogin2> by user <s164272> in cluster <dcc> at Wed Jan 13 15:25:14 2021
Job was executed on host(s) <n-62-11-14>, in queue <gpuv100>, as user <s164272> in cluster <dcc> at Wed Jan 13 15:25:16 2021
</zhome/08/3/117881> was used as the home directory.
</zhome/08/3/117881/BCI_Project/BCI_MI_Classification> was used as the working directory.
Started at Wed Jan 13 15:25:16 2021
Terminated at Wed Jan 13 15:30:42 2021
Results reported at Wed Jan 13 15:30:42 2021

Your job looked like:

------------------------------------------------------------
# LSBATCH: User input
#!/bin/sh
#BSUB -q gpuv100
#BSUB -gpu "num=1"
#BSUB -J My_Test
### number of core
#BSUB -n 1 
### specify that all cores should be on the same host
#BSUB -R "span[hosts=1]"
#BSUB -J My_Test_HPC
### specify the memory needed
#BSUB -R "rusage[mem=32GB]"
#BSUB -R "select[gpu32gb]"
### Number of hours needed
#BSUB -W 23:59
### added outputs and errors to files
#BSUB -o outputs/Output_%J.out
#BSUB -e outputs/Error_%J.err

echo "Runnin script..."

python3 main.py 

------------------------------------------------------------

Successfully completed.

Resource usage summary:

    CPU time :                                   287.58 sec.
    Max Memory :                                 2347 MB
    Average Memory :                             2234.60 MB
    Total Requested Memory :                     32768.00 MB
    Delta Memory :                               30421.00 MB
    Max Swap :                                   -
    Max Processes :                              4
    Max Threads :                                9
    Run time :                                   325 sec.
    Turnaround time :                            328 sec.

The output (if any) is above this job summary.



PS:

Read file <outputs/Error_9067338.err> for stderr output of this job.

