Runnin script...
loaded data
created datasets
created dataloaders
initialized model
Training first epoch
1 out of 1
1.0686508308757434
1.060005110140005
trained model
saved model

------------------------------------------------------------
Sender: LSF System <lsfadmin@n-62-20-2>
Subject: Job 9134831: <My_Test_HPC> in cluster <dcc> Done

Job <My_Test_HPC> was submitted from host <gbarlogin2> by user <s164248> in cluster <dcc> at Mon Jan 18 14:53:24 2021
Job was executed on host(s) <n-62-20-2>, in queue <gpuv100>, as user <s164248> in cluster <dcc> at Mon Jan 18 14:54:24 2021
</zhome/88/7/117159> was used as the home directory.
</zhome/88/7/117159/Desktop/BCI_MI_Classification> was used as the working directory.
Started at Mon Jan 18 14:54:24 2021
Terminated at Mon Jan 18 18:28:07 2021
Results reported at Mon Jan 18 18:28:07 2021

Your job looked like:

------------------------------------------------------------
# LSBATCH: User input
#!/bin/sh
#BSUB -q gpuv100
#BSUB -gpu "num=1"
#BSUB -J My_Test
### number of core
#BSUB -n 1 
### specify that all cores should be on the same host
#BSUB -R "span[hosts=1]"
#BSUB -J My_Test_HPC
### specify the memory needed
#BSUB -R "rusage[mem=32GB]"
### Number of hours needed
#BSUB -W 23:59
### added outputs and errors to files
#BSUB -o outputs/Output_%J.out
#BSUB -e outputs/Error_%J.err

echo "Runnin script..."

python3 main.py 

------------------------------------------------------------

Successfully completed.

Resource usage summary:

    CPU time :                                   12546.33 sec.
    Max Memory :                                 16534 MB
    Average Memory :                             15702.39 MB
    Total Requested Memory :                     32768.00 MB
    Delta Memory :                               16234.00 MB
    Max Swap :                                   -
    Max Processes :                              4
    Max Threads :                                9
    Run time :                                   12831 sec.
    Turnaround time :                            12883 sec.

The output (if any) is above this job summary.



PS:

Read file <outputs/Error_9134831.err> for stderr output of this job.

