Runnin script...

------------------------------------------------------------
Sender: LSF System <lsfadmin@n-62-11-15>
Subject: Job 9089875: <My_Test_HPC> in cluster <dcc> Exited

Job <My_Test_HPC> was submitted from host <gbarlogin2> by user <s164272> in cluster <dcc> at Thu Jan 14 01:08:09 2021
Job was executed on host(s) <n-62-11-15>, in queue <gpuv100>, as user <s164272> in cluster <dcc> at Thu Jan 14 01:08:11 2021
</zhome/08/3/117881> was used as the home directory.
</zhome/08/3/117881/BCI_Project/BCI_MI_Classification> was used as the working directory.
Started at Thu Jan 14 01:08:11 2021
Terminated at Thu Jan 14 01:09:06 2021
Results reported at Thu Jan 14 01:09:06 2021

Your job looked like:

------------------------------------------------------------
# LSBATCH: User input
#!/bin/sh
#BSUB -q gpuv100
#BSUB -gpu "num=1"
#BSUB -J My_Test
### number of core
#BSUB -n 1 
### specify that all cores should be on the same host
#BSUB -R "span[hosts=1]"
#BSUB -J My_Test_HPC
### specify the memory needed
#BSUB -R "rusage[mem=32GB]"
#BSUB -R "select[gpu32gb]"
### Number of hours needed
#BSUB -W 23:59
### added outputs and errors to files
#BSUB -o outputs/Output_%J.out
#BSUB -e outputs/Error_%J.err

echo "Runnin script..."

python3 main.py 

------------------------------------------------------------

Exited with exit code 1.

Resource usage summary:

    CPU time :                                   35.76 sec.
    Max Memory :                                 1233 MB
    Average Memory :                             1233.00 MB
    Total Requested Memory :                     32768.00 MB
    Delta Memory :                               31535.00 MB
    Max Swap :                                   -
    Max Processes :                              4
    Max Threads :                                8
    Run time :                                   171 sec.
    Turnaround time :                            57 sec.

The output (if any) is above this job summary.



PS:

Read file <outputs/Error_9089875.err> for stderr output of this job.

