Runnin script...
loaded data
created datasets
created dataloaders
initialized model
Training first epoch
1 out of 10
1.1194347087727037
1.0985444382745393
2 out of 10
1.0405152966809827
1.0771921885256865
3 out of 10
0.9551707084788833
1.037743401770689
4 out of 10
0.9088867403740106
1.0060661939942106
5 out of 10
0.8725795366043269
0.966351392926002
6 out of 10
0.8413849456365718
0.9278429989912071
7 out of 10
0.8134890062864437
0.8874325022405508
8 out of 10
0.7872708109922187
0.8510203191212246
9 out of 10
0.7627467787543009
0.8123328856059483
10 out of 10
0.7401883507883826
0.7795946281783435
trained model
saved model
   Precision    Recall  F1 score
0   0.853756  0.901431  0.876946
1   0.099721  0.001907  0.003742
2   0.098441  0.134946  0.113839

------------------------------------------------------------
Sender: LSF System <lsfadmin@n-62-20-15>
Subject: Job 9157724: <My_Test_HPC> in cluster <dcc> Done

Job <My_Test_HPC> was submitted from host <gbarlogin2> by user <s164272> in cluster <dcc> at Wed Jan 20 13:38:55 2021
Job was executed on host(s) <n-62-20-15>, in queue <gpuv100>, as user <s164272> in cluster <dcc> at Wed Jan 20 13:38:55 2021
</zhome/08/3/117881> was used as the home directory.
</zhome/08/3/117881/BCI_Project/BCI_MI_Classification> was used as the working directory.
Started at Wed Jan 20 13:38:55 2021
Terminated at Wed Jan 20 14:03:36 2021
Results reported at Wed Jan 20 14:03:36 2021

Your job looked like:

------------------------------------------------------------
# LSBATCH: User input
#!/bin/sh
#BSUB -q gpuv100
#BSUB -gpu "num=1"
#BSUB -J My_Test
### number of core
#BSUB -n 1 
### specify that all cores should be on the same host
#BSUB -R "span[hosts=1]"
#BSUB -J My_Test_HPC
### specify the memory needed
#BSUB -R "rusage[mem=32GB]"
#BSUB -R "select[gpu32gb]"
### Number of hours needed
#BSUB -W 23:59
### added outputs and errors to files
#BSUB -o outputs/Output_%J.out
#BSUB -e outputs/Error_%J.err

echo "Runnin script..."

python3 main.py 

------------------------------------------------------------

Successfully completed.

Resource usage summary:

    CPU time :                                   1139.81 sec.
    Max Memory :                                 5051 MB
    Average Memory :                             4687.31 MB
    Total Requested Memory :                     32768.00 MB
    Delta Memory :                               27717.00 MB
    Max Swap :                                   -
    Max Processes :                              4
    Max Threads :                                9
    Run time :                                   1549 sec.
    Turnaround time :                            1481 sec.

The output (if any) is above this job summary.



PS:

Read file <outputs/Error_9157724.err> for stderr output of this job.

