Runnin script...
loaded data
created datasets
created dataloaders
initialized model
Training first epoch
1 out of 10
1.1159303737241169
1.1415901086768325
2 out of 10
1.0732289452885473
1.1467261338720516
3 out of 10
1.0316140718238298
1.1429992208675461
4 out of 10
0.9917808139046957
1.1336362167280547
5 out of 10
0.9399368624354518
1.1046982748167855
6 out of 10
0.8741855141728423
1.076950660773686
7 out of 10
0.8294075910435167
1.049635806862189
8 out of 10
0.7987738587135492
1.0180420072711245
9 out of 10
0.7752453618271407
0.9872587420502488
10 out of 10
0.7552531392075295
0.9478319919839198
trained model
saved model
   Precision    Recall  F1 score
0   0.847291  0.996537  0.915874
1   0.000000  0.000000  0.000000
2   0.000000  0.000000  0.000000

------------------------------------------------------------
Sender: LSF System <lsfadmin@n-62-20-16>
Subject: Job 9157910: <My_Test_HPC> in cluster <dcc> Done

Job <My_Test_HPC> was submitted from host <gbarlogin2> by user <s164272> in cluster <dcc> at Wed Jan 20 14:17:14 2021
Job was executed on host(s) <n-62-20-16>, in queue <gpuv100>, as user <s164272> in cluster <dcc> at Wed Jan 20 14:17:14 2021
</zhome/08/3/117881> was used as the home directory.
</zhome/08/3/117881/BCI_Project/BCI_MI_Classification> was used as the working directory.
Started at Wed Jan 20 14:17:14 2021
Terminated at Wed Jan 20 14:33:25 2021
Results reported at Wed Jan 20 14:33:25 2021

Your job looked like:

------------------------------------------------------------
# LSBATCH: User input
#!/bin/sh
#BSUB -q gpuv100
#BSUB -gpu "num=1"
#BSUB -J My_Test
### number of core
#BSUB -n 1 
### specify that all cores should be on the same host
#BSUB -R "span[hosts=1]"
#BSUB -J My_Test_HPC
### specify the memory needed
#BSUB -R "rusage[mem=32GB]"
#BSUB -R "select[gpu32gb]"
### Number of hours needed
#BSUB -W 23:59
### added outputs and errors to files
#BSUB -o outputs/Output_%J.out
#BSUB -e outputs/Error_%J.err

echo "Runnin script..."

python3 main.py 

------------------------------------------------------------

Successfully completed.

Resource usage summary:

    CPU time :                                   798.45 sec.
    Max Memory :                                 5033 MB
    Average Memory :                             4649.20 MB
    Total Requested Memory :                     32768.00 MB
    Delta Memory :                               27735.00 MB
    Max Swap :                                   -
    Max Processes :                              4
    Max Threads :                                9
    Run time :                                   1013 sec.
    Turnaround time :                            971 sec.

The output (if any) is above this job summary.



PS:

Read file <outputs/Error_9157910.err> for stderr output of this job.

