Runnin script...
loaded data
created datasets
created dataloaders
initialized model
Training first epoch
1 out of 10
1.0639515070740235
1.0771932212929978
2 out of 10
1.02294509563971
1.074605567831742
3 out of 10
0.981935678818904
1.0692721642945942
4 out of 10
0.9423498544124288
1.0509102608028211
5 out of 10
0.9047726611478613
1.0243306323101646
6 out of 10
0.8696958556634571
0.9929620755346198
7 out of 10
0.8376377919398317
0.9582240211336236
8 out of 10
0.8086115124575589
0.9186868096652784
9 out of 10
0.7828411041596613
0.8791372989353381
10 out of 10
0.7599718844125031
0.8375195346380535
trained model
saved model
   Precision  Recall  F1 score
0   0.848639     1.0  0.918123
1   0.000000     0.0  0.000000
2   0.000000     0.0  0.000000

------------------------------------------------------------
Sender: LSF System <lsfadmin@n-62-20-12>
Subject: Job 9157840: <My_Test_HPC> in cluster <dcc> Done

Job <My_Test_HPC> was submitted from host <gbarlogin2> by user <s164272> in cluster <dcc> at Wed Jan 20 14:03:20 2021
Job was executed on host(s) <n-62-20-12>, in queue <gpuv100>, as user <s164272> in cluster <dcc> at Wed Jan 20 14:03:22 2021
</zhome/08/3/117881> was used as the home directory.
</zhome/08/3/117881/BCI_Project/BCI_MI_Classification> was used as the working directory.
Started at Wed Jan 20 14:03:22 2021
Terminated at Wed Jan 20 14:20:18 2021
Results reported at Wed Jan 20 14:20:18 2021

Your job looked like:

------------------------------------------------------------
# LSBATCH: User input
#!/bin/sh
#BSUB -q gpuv100
#BSUB -gpu "num=1"
#BSUB -J My_Test
### number of core
#BSUB -n 1 
### specify that all cores should be on the same host
#BSUB -R "span[hosts=1]"
#BSUB -J My_Test_HPC
### specify the memory needed
#BSUB -R "rusage[mem=32GB]"
#BSUB -R "select[gpu32gb]"
### Number of hours needed
#BSUB -W 23:59
### added outputs and errors to files
#BSUB -o outputs/Output_%J.out
#BSUB -e outputs/Error_%J.err

echo "Runnin script..."

python3 main.py 

------------------------------------------------------------

Successfully completed.

Resource usage summary:

    CPU time :                                   847.27 sec.
    Max Memory :                                 5049 MB
    Average Memory :                             4606.60 MB
    Total Requested Memory :                     32768.00 MB
    Delta Memory :                               27719.00 MB
    Max Swap :                                   2 MB
    Max Processes :                              4
    Max Threads :                                9
    Run time :                                   1087 sec.
    Turnaround time :                            1018 sec.

The output (if any) is above this job summary.



PS:

Read file <outputs/Error_9157840.err> for stderr output of this job.

